#
# There is insufficient memory for the Java Runtime Environment to continue.
# Native memory allocation (malloc) failed to allocate 1665856 bytes for Chunk::new
# Possible reasons:
#   The system is out of physical RAM or swap space
#   The process is running with CompressedOops enabled, and the Java Heap may be blocking the growth of the native heap
# Possible solutions:
#   Reduce memory load on the system
#   Increase physical memory or swap space
#   Check if swap backing store is full
#   Decrease Java heap size (-Xmx/-Xms)
#   Decrease number of Java threads
#   Decrease Java thread stack sizes (-Xss)
#   Set larger code cache with -XX:ReservedCodeCacheSize=
#   JVM is running with Unscaled Compressed Oops mode in which the Java heap is
#     placed in the first 4GB address space. The Java Heap base address is the
#     maximum limit for the native heap growth. Please use -XX:HeapBaseMinAddress
#     to set the Java Heap base and to place the Java Heap above 4GB virtual address.
# This output file may be truncated or incomplete.
#
#  Out of Memory Error (arena.cpp:166), pid=19852, tid=10512
#
# JRE version: OpenJDK Runtime Environment (21.0+35) (build 21+35-2513)
# Java VM: OpenJDK 64-Bit Server VM (21+35-2513, mixed mode, sharing, tiered, compressed oops, compressed class ptrs, parallel gc, windows-amd64)
# No core dump will be written. Minidumps are not enabled by default on client versions of Windows
#

---------------  S U M M A R Y ------------

Command Line: --add-modules=ALL-SYSTEM --add-opens=java.base/java.util=ALL-UNNAMED --add-opens=java.base/java.lang=ALL-UNNAMED --add-opens=java.base/sun.nio.fs=ALL-UNNAMED -Declipse.application=org.eclipse.jdt.ls.core.id1 -Dosgi.bundles.defaultStartLevel=4 -Declipse.product=org.eclipse.jdt.ls.core.product -Djava.import.generatesMetadataFilesAtProjectRoot=false -DDetectVMInstallationsJob.disabled=true -Dfile.encoding=utf8 -XX:+UseParallelGC -XX:GCTimeRatio=4 -XX:AdaptiveSizePolicyWeight=90 -Dsun.zip.disableMemoryMapping=true -Xmx2G -Xms100m -Xlog:disable -javaagent:c:\Users\Student\.vscode\extensions\redhat.java-1.47.0-win32-x64\lombok\lombok-1.18.39-4050.jar -XX:+HeapDumpOnOutOfMemoryError -XX:HeapDumpPath=c:\Users\Student\AppData\Roaming\Code\User\workspaceStorage\4d7a7224ef31c89d8e0bcf50642efe4b\redhat.java -Daether.dependencyCollector.impl=bf c:\Users\Student\.vscode\extensions\redhat.java-1.47.0-win32-x64\server\plugins\org.eclipse.equinox.launcher_1.7.100.v20251014-1222.jar -configuration c:\Users\Student\AppData\Roaming\Code\User\globalStorage\redhat.java\1.47.0\config_win -data c:\Users\Student\AppData\Roaming\Code\User\workspaceStorage\4d7a7224ef31c89d8e0bcf50642efe4b\redhat.java\jdt_ws --pipe=\\.\pipe\lsp-8a0617e39a4335897af683512983ea5c-sock

Host: 12th Gen Intel(R) Core(TM) i7-12700, 20 cores, 15G,  Windows 11 , 64 bit Build 26100 (10.0.26100.7019)
Time: Tue Nov  4 14:39:26 2025  Windows 11 , 64 bit Build 26100 (10.0.26100.7019) elapsed time: 4.465879 seconds (0d 0h 0m 4s)

---------------  T H R E A D  ---------------

Current thread (0x0000021bf0cf58f0):  JavaThread "C2 CompilerThread2" daemon [_thread_in_native, id=10512, stack(0x000000d919600000,0x000000d919700000) (1024K)]


Current CompileTask:
C2:   4466 6901   !   4       org.eclipse.osgi.internal.loader.BundleLoader::findClass0 (490 bytes)

Stack: [0x000000d919600000,0x000000d919700000]
Native frames: (J=compiled Java code, j=interpreted, Vv=VM code, C=native code)
V  [jvm.dll+0x6c8d39]
V  [jvm.dll+0x854091]
V  [jvm.dll+0x85630e]
V  [jvm.dll+0x8569e3]
V  [jvm.dll+0x2809a6]
V  [jvm.dll+0xc3e6d]
V  [jvm.dll+0xc4383]
V  [jvm.dll+0x3b551c]
V  [jvm.dll+0x1e1fa9]
V  [jvm.dll+0x249952]
V  [jvm.dll+0x248de1]
V  [jvm.dll+0x1c9b91]
V  [jvm.dll+0x2583e9]
V  [jvm.dll+0x2569ca]
V  [jvm.dll+0x3eef66]
V  [jvm.dll+0x7fd2c8]
V  [jvm.dll+0x6c748d]
C  [ucrtbase.dll+0x37b0]
C  [KERNEL32.DLL+0x2e8d7]
C  [ntdll.dll+0x8c53c]


---------------  P R O C E S S  ---------------

Threads class SMR info:
_java_thread_list=0x0000021bfad067b0, length=75, elements={
0x0000021b928b6fc0, 0x0000021b928691c0, 0x0000021b9286bed0, 0x0000021bf0b481f0,
0x0000021bf0b4a950, 0x0000021bf0b48880, 0x0000021bf0b47b60, 0x0000021bf0b63210,
0x0000021bf0b646b0, 0x0000021bf0b495a0, 0x0000021bf0cd8570, 0x0000021bf0cd8c20,
0x0000021bf0cdbe50, 0x0000021bf0ceca20, 0x0000021bf0cf58f0, 0x0000021bf0b4afe0,
0x0000021bf788c330, 0x0000021bf0b48f10, 0x0000021bf0b4a2c0, 0x0000021bf0b49c30,
0x0000021bf79c8180, 0x0000021bf79c7af0, 0x0000021bf79c8810, 0x0000021bf79c5390,
0x0000021bf79c6740, 0x0000021bf79c8ea0, 0x0000021bf79c5a20, 0x0000021bf79c9530,
0x0000021bf79c60b0, 0x0000021bf79c7460, 0x0000021bf974c090, 0x0000021bf79c9bc0,
0x0000021bf79c6dd0, 0x0000021bf79ca8e0, 0x0000021bf79caf70, 0x0000021bf79cb600,
0x0000021bf79cbc90, 0x0000021bf79cc320, 0x0000021bf79cc9b0, 0x0000021bfabb7b60,
0x0000021bfabb46e0, 0x0000021bfabb74d0, 0x0000021bfabb5400, 0x0000021bfabb5a90,
0x0000021bfabb6120, 0x0000021bfabb67b0, 0x0000021bfabb6e40, 0x0000021bfabb81f0,
0x0000021bfabb4d70, 0x0000021bfabbb670, 0x0000021bfabb95a0, 0x0000021bfabbafe0,
0x0000021bfabbbd00, 0x0000021bfabb9c30, 0x0000021bfabb8880, 0x0000021bfabb8f10,
0x0000021bfabba2c0, 0x0000021bfabba950, 0x0000021bfb525ad0, 0x0000021bfb524090,
0x0000021bfb523a00, 0x0000021bfb524720, 0x0000021bfb524db0, 0x0000021bfb525440,
0x0000021bfb522650, 0x0000021bfb526160, 0x0000021bfb522ce0, 0x0000021bfb5267f0,
0x0000021bfb523370, 0x0000021bfb526e80, 0x0000021bfb527510, 0x0000021bfb5295e0,
0x0000021bfb527ba0, 0x0000021bfb528230, 0x0000021bfb529c70
}

Java Threads: ( => current thread )
  0x0000021b928b6fc0 JavaThread "main"                              [_thread_blocked, id=13276, stack(0x000000d918500000,0x000000d918600000) (1024K)]
  0x0000021b928691c0 JavaThread "Reference Handler"          daemon [_thread_blocked, id=21336, stack(0x000000d918900000,0x000000d918a00000) (1024K)]
  0x0000021b9286bed0 JavaThread "Finalizer"                  daemon [_thread_blocked, id=18028, stack(0x000000d918a00000,0x000000d918b00000) (1024K)]
  0x0000021bf0b481f0 JavaThread "Signal Dispatcher"          daemon [_thread_blocked, id=18892, stack(0x000000d918b00000,0x000000d918c00000) (1024K)]
  0x0000021bf0b4a950 JavaThread "Attach Listener"            daemon [_thread_blocked, id=21816, stack(0x000000d918c00000,0x000000d918d00000) (1024K)]
  0x0000021bf0b48880 JavaThread "Service Thread"             daemon [_thread_blocked, id=4348, stack(0x000000d918d00000,0x000000d918e00000) (1024K)]
  0x0000021bf0b47b60 JavaThread "Monitor Deflation Thread"   daemon [_thread_blocked, id=14264, stack(0x000000d918e00000,0x000000d918f00000) (1024K)]
  0x0000021bf0b63210 JavaThread "C2 CompilerThread0"         daemon [_thread_in_native, id=8148, stack(0x000000d918f00000,0x000000d919000000) (1024K)]
  0x0000021bf0b646b0 JavaThread "C1 CompilerThread0"         daemon [_thread_blocked, id=12948, stack(0x000000d919000000,0x000000d919100000) (1024K)]
  0x0000021bf0b495a0 JavaThread "Common-Cleaner"             daemon [_thread_blocked, id=18880, stack(0x000000d919100000,0x000000d919200000) (1024K)]
  0x0000021bf0cd8570 JavaThread "C1 CompilerThread1"         daemon [_thread_blocked, id=9172, stack(0x000000d919200000,0x000000d919300000) (1024K)]
  0x0000021bf0cd8c20 JavaThread "C1 CompilerThread2"         daemon [_thread_blocked, id=21484, stack(0x000000d919300000,0x000000d919400000) (1024K)]
  0x0000021bf0cdbe50 JavaThread "C1 CompilerThread3"         daemon [_thread_blocked, id=10012, stack(0x000000d919400000,0x000000d919500000) (1024K)]
  0x0000021bf0ceca20 JavaThread "C2 CompilerThread1"         daemon [_thread_blocked, id=9908, stack(0x000000d919500000,0x000000d919600000) (1024K)]
=>0x0000021bf0cf58f0 JavaThread "C2 CompilerThread2"         daemon [_thread_in_native, id=10512, stack(0x000000d919600000,0x000000d919700000) (1024K)]
  0x0000021bf0b4afe0 JavaThread "Notification Thread"        daemon [_thread_blocked, id=19240, stack(0x000000d919700000,0x000000d919800000) (1024K)]
  0x0000021bf788c330 JavaThread "C2 CompilerThread3"         daemon [_thread_blocked, id=5748, stack(0x000000d919e00000,0x000000d919f00000) (1024K)]
  0x0000021bf0b48f10 JavaThread "Active Thread: Equinox Container: fc17d745-5aa1-4a5d-b76a-47a5f0d048ae"        [_thread_blocked, id=19664, stack(0x000000d91a000000,0x000000d91a100000) (1024K)]
  0x0000021bf0b4a2c0 JavaThread "Refresh Thread: Equinox Container: fc17d745-5aa1-4a5d-b76a-47a5f0d048ae" daemon [_thread_blocked, id=16184, stack(0x000000d91a200000,0x000000d91a300000) (1024K)]
  0x0000021bf0b49c30 JavaThread "Framework Event Dispatcher: Equinox Container: fc17d745-5aa1-4a5d-b76a-47a5f0d048ae" daemon [_thread_blocked, id=9592, stack(0x000000d91a300000,0x000000d91a400000) (1024K)]
  0x0000021bf79c8180 JavaThread "Start Level: Equinox Container: fc17d745-5aa1-4a5d-b76a-47a5f0d048ae" daemon [_thread_blocked, id=11716, stack(0x000000d91a400000,0x000000d91a500000) (1024K)]
  0x0000021bf79c7af0 JavaThread "Bundle File Closer"         daemon [_thread_blocked, id=20624, stack(0x000000d91a800000,0x000000d91a900000) (1024K)]
  0x0000021bf79c8810 JavaThread "SCR Component Actor"        daemon [_thread_blocked, id=12648, stack(0x000000d919f00000,0x000000d91a000000) (1024K)]
  0x0000021bf79c5390 JavaThread "Worker-JM"                         [_thread_blocked, id=19888, stack(0x000000d91aa00000,0x000000d91ab00000) (1024K)]
  0x0000021bf79c6740 JavaThread "JNA Cleaner"                daemon [_thread_blocked, id=10624, stack(0x000000d91ad00000,0x000000d91ae00000) (1024K)]
  0x0000021bf79c8ea0 JavaThread "Worker-0: Building"                [_thread_blocked, id=12672, stack(0x000000d91ae00000,0x000000d91af00000) (1024K)]
  0x0000021bf79c5a20 JavaThread "Worker-1: Repository registry initialization"        [_thread_in_vm, id=8640, stack(0x000000d91af00000,0x000000d91b000000) (1024K)]
  0x0000021bf79c9530 JavaThread "Worker-2"                          [_thread_blocked, id=21396, stack(0x000000d91b100000,0x000000d91b200000) (1024K)]
  0x0000021bf79c60b0 JavaThread "Java indexing"              daemon [_thread_blocked, id=15792, stack(0x000000d91b200000,0x000000d91b300000) (1024K)]
  0x0000021bf79c7460 JavaThread "Worker-3"                          [_thread_blocked, id=18588, stack(0x000000d91b600000,0x000000d91b700000) (1024K)]
  0x0000021bf974c090 JavaThread "C2 CompilerThread4"         daemon [_thread_in_native, id=9800, stack(0x000000d91b700000,0x000000d91b800000) (1024K)]
  0x0000021bf79c9bc0 JavaThread "Worker-4"                          [_thread_blocked, id=21700, stack(0x000000d91b800000,0x000000d91b900000) (1024K)]
  0x0000021bf79c6dd0 JavaThread "Thread-1"                   daemon [_thread_in_native, id=13468, stack(0x000000d91b900000,0x000000d91ba00000) (1024K)]
  0x0000021bf79ca8e0 JavaThread "Thread-2"                   daemon [_thread_in_native, id=18516, stack(0x000000d91ba00000,0x000000d91bb00000) (1024K)]
  0x0000021bf79caf70 JavaThread "Thread-3"                   daemon [_thread_in_native, id=22028, stack(0x000000d91bb00000,0x000000d91bc00000) (1024K)]
  0x0000021bf79cb600 JavaThread "Thread-4"                   daemon [_thread_in_native, id=8716, stack(0x000000d91bc00000,0x000000d91bd00000) (1024K)]
  0x0000021bf79cbc90 JavaThread "Thread-5"                   daemon [_thread_in_native, id=21992, stack(0x000000d91bd00000,0x000000d91be00000) (1024K)]
  0x0000021bf79cc320 JavaThread "Thread-6"                   daemon [_thread_in_native, id=3856, stack(0x000000d91be00000,0x000000d91bf00000) (1024K)]
  0x0000021bf79cc9b0 JavaThread "Thread-7"                   daemon [_thread_in_native, id=7712, stack(0x000000d91bf00000,0x000000d91c000000) (1024K)]
  0x0000021bfabb7b60 JavaThread "Thread-8"                   daemon [_thread_in_native, id=16424, stack(0x000000d91c000000,0x000000d91c100000) (1024K)]
  0x0000021bfabb46e0 JavaThread "Thread-9"                   daemon [_thread_in_native, id=17112, stack(0x000000d91c100000,0x000000d91c200000) (1024K)]
  0x0000021bfabb74d0 JavaThread "Thread-10"                  daemon [_thread_in_native, id=21524, stack(0x000000d91c200000,0x000000d91c300000) (1024K)]
  0x0000021bfabb5400 JavaThread "Thread-11"                  daemon [_thread_in_native, id=17592, stack(0x000000d91c300000,0x000000d91c400000) (1024K)]
  0x0000021bfabb5a90 JavaThread "Thread-12"                  daemon [_thread_in_native, id=11700, stack(0x000000d91c400000,0x000000d91c500000) (1024K)]
  0x0000021bfabb6120 JavaThread "Thread-13"                  daemon [_thread_in_native, id=18600, stack(0x000000d91c500000,0x000000d91c600000) (1024K)]
  0x0000021bfabb67b0 JavaThread "Thread-14"                  daemon [_thread_in_native, id=19596, stack(0x000000d91c600000,0x000000d91c700000) (1024K)]
  0x0000021bfabb6e40 JavaThread "Thread-15"                  daemon [_thread_in_native, id=1148, stack(0x000000d91c700000,0x000000d91c800000) (1024K)]
  0x0000021bfabb81f0 JavaThread "Thread-16"                  daemon [_thread_in_native, id=13232, stack(0x000000d91c800000,0x000000d91c900000) (1024K)]
  0x0000021bfabb4d70 JavaThread "Thread-17"                  daemon [_thread_in_native, id=1660, stack(0x000000d91c900000,0x000000d91ca00000) (1024K)]
  0x0000021bfabbb670 JavaThread "Thread-18"                  daemon [_thread_in_native, id=6556, stack(0x000000d91ca00000,0x000000d91cb00000) (1024K)]
  0x0000021bfabb95a0 JavaThread "Thread-19"                  daemon [_thread_in_native, id=22012, stack(0x000000d91cb00000,0x000000d91cc00000) (1024K)]
  0x0000021bfabbafe0 JavaThread "Thread-20"                  daemon [_thread_in_native, id=9044, stack(0x000000d91cc00000,0x000000d91cd00000) (1024K)]
  0x0000021bfabbbd00 JavaThread "Thread-21"                  daemon [_thread_in_native, id=3480, stack(0x000000d91cd00000,0x000000d91ce00000) (1024K)]
  0x0000021bfabb9c30 JavaThread "pool-2-thread-1"                   [_thread_blocked, id=12424, stack(0x000000d91ce00000,0x000000d91cf00000) (1024K)]
  0x0000021bfabb8880 JavaThread "WorkspaceEventsHandler"            [_thread_blocked, id=812, stack(0x000000d91cf00000,0x000000d91d000000) (1024K)]
  0x0000021bfabb8f10 JavaThread "pool-1-thread-1"                   [_thread_blocked, id=21736, stack(0x000000d91d000000,0x000000d91d100000) (1024K)]
  0x0000021bfabba2c0 JavaThread "ForkJoinPool.commonPool-worker-1" daemon [_thread_blocked, id=7112, stack(0x000000d91d100000,0x000000d91d200000) (1024K)]
  0x0000021bfabba950 JavaThread "ForkJoinPool.commonPool-worker-2" daemon [_thread_blocked, id=22080, stack(0x000000d91d200000,0x000000d91d300000) (1024K)]
  0x0000021bfb525ad0 JavaThread "ForkJoinPool.commonPool-worker-3" daemon [_thread_blocked, id=9580, stack(0x000000d91d300000,0x000000d91d400000) (1024K)]
  0x0000021bfb524090 JavaThread "ForkJoinPool.commonPool-worker-4" daemon [_thread_blocked, id=21016, stack(0x000000d91d400000,0x000000d91d500000) (1024K)]
  0x0000021bfb523a00 JavaThread "ForkJoinPool.commonPool-worker-5" daemon [_thread_blocked, id=9472, stack(0x000000d91d500000,0x000000d91d600000) (1024K)]
  0x0000021bfb524720 JavaThread "ForkJoinPool.commonPool-worker-6" daemon [_thread_blocked, id=4024, stack(0x000000d91d600000,0x000000d91d700000) (1024K)]
  0x0000021bfb524db0 JavaThread "ForkJoinPool.commonPool-worker-7" daemon [_thread_blocked, id=20580, stack(0x000000d91d700000,0x000000d91d800000) (1024K)]
  0x0000021bfb525440 JavaThread "ForkJoinPool.commonPool-worker-8" daemon [_thread_blocked, id=15544, stack(0x000000d91d800000,0x000000d91d900000) (1024K)]
  0x0000021bfb522650 JavaThread "ForkJoinPool.commonPool-worker-9" daemon [_thread_blocked, id=492, stack(0x000000d91d900000,0x000000d91da00000) (1024K)]
  0x0000021bfb526160 JavaThread "ForkJoinPool.commonPool-worker-10" daemon [_thread_blocked, id=22372, stack(0x000000d91da00000,0x000000d91db00000) (1024K)]
  0x0000021bfb522ce0 JavaThread "ForkJoinPool.commonPool-worker-11" daemon [_thread_blocked, id=18032, stack(0x000000d91db00000,0x000000d91dc00000) (1024K)]
  0x0000021bfb5267f0 JavaThread "ForkJoinPool.commonPool-worker-12" daemon [_thread_blocked, id=15188, stack(0x000000d91dc00000,0x000000d91dd00000) (1024K)]
  0x0000021bfb523370 JavaThread "ForkJoinPool.commonPool-worker-13" daemon [_thread_blocked, id=15388, stack(0x000000d91dd00000,0x000000d91de00000) (1024K)]
  0x0000021bfb526e80 JavaThread "ForkJoinPool.commonPool-worker-14" daemon [_thread_blocked, id=8628, stack(0x000000d91de00000,0x000000d91df00000) (1024K)]
  0x0000021bfb527510 JavaThread "ForkJoinPool.commonPool-worker-15" daemon [_thread_blocked, id=18016, stack(0x000000d91df00000,0x000000d91e000000) (1024K)]
  0x0000021bfb5295e0 JavaThread "ForkJoinPool.commonPool-worker-16" daemon [_thread_blocked, id=13372, stack(0x000000d91e000000,0x000000d91e100000) (1024K)]
  0x0000021bfb527ba0 JavaThread "ForkJoinPool.commonPool-worker-17" daemon [_thread_blocked, id=21448, stack(0x000000d91e100000,0x000000d91e200000) (1024K)]
  0x0000021bfb528230 JavaThread "ForkJoinPool.commonPool-worker-18" daemon [_thread_blocked, id=16080, stack(0x000000d91e200000,0x000000d91e300000) (1024K)]
  0x0000021bfb529c70 JavaThread "ForkJoinPool.commonPool-worker-19" daemon [_thread_blocked, id=5500, stack(0x000000d91e300000,0x000000d91e400000) (1024K)]
Total: 75

Other Threads:
  0x0000021b92854940 VMThread "VM Thread"                           [id=21400, stack(0x000000d918800000,0x000000d918900000) (1024K)]
  0x0000021b9274ca00 WatcherThread "VM Periodic Task Thread"        [id=17636, stack(0x000000d918700000,0x000000d918800000) (1024K)]
  0x0000021b928d5eb0 WorkerThread "GC Thread#0"                     [id=17016, stack(0x000000d918600000,0x000000d918700000) (1024K)]
  0x0000021bf794e820 WorkerThread "GC Thread#1"                     [id=10464, stack(0x000000d919800000,0x000000d919900000) (1024K)]
  0x0000021bf7564110 WorkerThread "GC Thread#2"                     [id=13136, stack(0x000000d919900000,0x000000d919a00000) (1024K)]
  0x0000021bf75644b0 WorkerThread "GC Thread#3"                     [id=22476, stack(0x000000d919a00000,0x000000d919b00000) (1024K)]
  0x0000021bf75881e0 WorkerThread "GC Thread#4"                     [id=12248, stack(0x000000d919b00000,0x000000d919c00000) (1024K)]
  0x0000021bf7588580 WorkerThread "GC Thread#5"                     [id=3100, stack(0x000000d919c00000,0x000000d919d00000) (1024K)]
  0x0000021bf7588920 WorkerThread "GC Thread#6"                     [id=13352, stack(0x000000d919d00000,0x000000d919e00000) (1024K)]
  0x0000021bf7b253b0 WorkerThread "GC Thread#7"                     [id=11236, stack(0x000000d91a100000,0x000000d91a200000) (1024K)]
  0x0000021bf7b91070 WorkerThread "GC Thread#8"                     [id=9588, stack(0x000000d91a500000,0x000000d91a600000) (1024K)]
  0x0000021bf7dcf960 WorkerThread "GC Thread#9"                     [id=3176, stack(0x000000d91a600000,0x000000d91a700000) (1024K)]
  0x0000021bf7dcf220 WorkerThread "GC Thread#10"                    [id=16056, stack(0x000000d91a700000,0x000000d91a800000) (1024K)]
  0x0000021bf7dce000 WorkerThread "GC Thread#11"                    [id=11272, stack(0x000000d91a900000,0x000000d91aa00000) (1024K)]
  0x0000021bf7dceae0 WorkerThread "GC Thread#12"                    [id=20136, stack(0x000000d91ab00000,0x000000d91ac00000) (1024K)]
  0x0000021bf7dcee80 WorkerThread "GC Thread#13"                    [id=11900, stack(0x000000d91ac00000,0x000000d91ad00000) (1024K)]
  0x0000021bf7dce3a0 WorkerThread "GC Thread#14"                    [id=11816, stack(0x000000d91b000000,0x000000d91b100000) (1024K)]
Total: 17

Threads with active compile tasks:
C2 CompilerThread0     4485 7285       4       java.lang.invoke.MethodType::makeImpl (109 bytes)
C2 CompilerThread2     4485 6901   !   4       org.eclipse.osgi.internal.loader.BundleLoader::findClass0 (490 bytes)
C2 CompilerThread4     4485 6918   !   4       org.eclipse.osgi.internal.loader.BundleLoader::findLocalClass (159 bytes)
Total: 3

VM state: not at safepoint (normal execution)

VM Mutex/Monitor currently owned by a thread: None

Heap address: 0x0000000080000000, size: 2048 MB, Compressed Oops mode: 32-bit

CDS archive(s) mapped at: [0x0000021baf000000-0x0000021bafc90000-0x0000021bafc90000), size 13172736, SharedBaseAddress: 0x0000021baf000000, ArchiveRelocationMode: 1.
Compressed class space mapped at: 0x0000021bb0000000-0x0000021bf0000000, reserved size: 1073741824
Narrow klass base: 0x0000021baf000000, Narrow klass shift: 0, Narrow klass range: 0x100000000

GC Precious Log:
 CardTable entry size: 512
 CPUs: 20 total, 20 available
 Memory: 16147M
 Large Page Support: Disabled
 NUMA Support: Disabled
 Compressed Oops: Enabled (32-bit)
 Alignments: Space 512K, Generation 512K, Heap 2M
 Heap Min Capacity: 100M
 Heap Initial Capacity: 100M
 Heap Max Capacity: 2G
 Pre-touch: Disabled
 Parallel Workers: 15

Heap:
 PSYoungGen      total 23040K, used 5853K [0x00000000d5580000, 0x00000000d6f00000, 0x0000000100000000)
  eden space 21504K, 20% used [0x00000000d5580000,0x00000000d59b76f0,0x00000000d6a80000)
  from space 1536K, 100% used [0x00000000d6c80000,0x00000000d6e00000,0x00000000d6e00000)
  to   space 2048K, 0% used [0x00000000d6a80000,0x00000000d6a80000,0x00000000d6c80000)
 ParOldGen       total 68608K, used 44270K [0x0000000080000000, 0x0000000084300000, 0x00000000d5580000)
  object space 68608K, 64% used [0x0000000080000000,0x0000000082b3b8f0,0x0000000084300000)
 Metaspace       used 46955K, committed 48192K, reserved 1114112K
  class space    used 4910K, committed 5440K, reserved 1048576K

Card table byte_map: [0x0000021b92260000,0x0000021b92670000] _byte_map_base: 0x0000021b91e60000

Marking Bits: (ParMarkBitMap*) 0x00007ffd4a41d4a0
 Begin Bits: [0x0000021ba9fb0000, 0x0000021babfb0000)
 End Bits:   [0x0000021babfb0000, 0x0000021badfb0000)

Polling page: 0x0000021b90370000

Metaspace:

Usage:
  Non-class:     41.06 MB used.
      Class:      4.80 MB used.
       Both:     45.86 MB used.

Virtual space:
  Non-class space:       64.00 MB reserved,      41.75 MB ( 65%) committed,  1 nodes.
      Class space:        1.00 GB reserved,       5.31 MB ( <1%) committed,  1 nodes.
             Both:        1.06 GB reserved,      47.06 MB (  4%) committed. 

Chunk freelists:
   Non-Class:  5.97 MB
       Class:  10.69 MB
        Both:  16.66 MB

MaxMetaspaceSize: unlimited
CompressedClassSpaceSize: 1.00 GB
Initial GC threshold: 21.00 MB
Current GC threshold: 58.38 MB
CDS: on
 - commit_granule_bytes: 65536.
 - commit_granule_words: 8192.
 - virtual_space_node_default_size: 8388608.
 - enlarge_chunks_in_place: 1.
 - use_allocation_guard: 0.


Internal statistics:

num_allocs_failed_limit: 6.
num_arena_births: 990.
num_arena_deaths: 14.
num_vsnodes_births: 2.
num_vsnodes_deaths: 0.
num_space_committed: 753.
num_space_uncommitted: 0.
num_chunks_returned_to_freelist: 20.
num_chunks_taken_from_freelist: 3075.
num_chunk_merges: 7.
num_chunk_splits: 1914.
num_chunks_enlarged: 1077.
num_inconsistent_stats: 0.

CodeHeap 'non-profiled nmethods': size=119168Kb used=3585Kb max_used=3585Kb free=115582Kb
 bounds [0x0000021ba28a0000, 0x0000021ba2c30000, 0x0000021ba9d00000]
CodeHeap 'profiled nmethods': size=119104Kb used=14524Kb max_used=14524Kb free=104579Kb
 bounds [0x0000021b9ad00000, 0x0000021b9bb30000, 0x0000021ba2150000]
CodeHeap 'non-nmethods': size=7488Kb used=3059Kb max_used=3125Kb free=4428Kb
 bounds [0x0000021ba2150000, 0x0000021ba2460000, 0x0000021ba28a0000]
 total_blobs=7412 nmethods=6743 adapters=572
 compilation: enabled
              stopped_count=0, restarted_count=0
 full_count=0

Compilation events (20 events):
Event: 4.356 Thread 0x0000021bf0cdbe50 nmethod 7278 0x0000021b9bb15990 code [0x0000021b9bb15bc0, 0x0000021b9bb16060]
Event: 4.356 Thread 0x0000021bf788c330 nmethod 7274 0x0000021ba2c19f90 code [0x0000021ba2c1a140, 0x0000021ba2c1a5b8]
Event: 4.359 Thread 0x0000021bf0cd8570 7279       3       java.util.stream.SortedOps$SizedRefSortingSink::begin (28 bytes)
Event: 4.359 Thread 0x0000021bf0cdbe50 7280       3       java.util.HashMap::removeNode (291 bytes)
Event: 4.359 Thread 0x0000021bf0cd8570 nmethod 7279 0x0000021b9bb16310 code [0x0000021b9bb164c0, 0x0000021b9bb16798]
Event: 4.360 Thread 0x0000021bf0cd8570 7281       3       org.objectweb.asm.ClassVisitor::<init> (7 bytes)
Event: 4.360 Thread 0x0000021bf0cd8c20 7282       3       org.objectweb.asm.ClassVisitor::<init> (79 bytes)
Event: 4.360 Thread 0x0000021bf0cdbe50 nmethod 7280 0x0000021b9bb16890 code [0x0000021b9bb16b20, 0x0000021b9bb17dc8]
Event: 4.360 Thread 0x0000021bf0cd8570 nmethod 7281 0x0000021b9bb18210 code [0x0000021b9bb183c0, 0x0000021b9bb18508]
Event: 4.360 Thread 0x0000021bf0cd8c20 nmethod 7282 0x0000021b9bb18590 code [0x0000021b9bb187e0, 0x0000021b9bb190e0]
Event: 4.362 Thread 0x0000021bf0cdbe50 7283       3       java.util.stream.SortedOps$SizedRefSortingSink::end (129 bytes)
Event: 4.362 Thread 0x0000021bf0cdbe50 nmethod 7283 0x0000021b9bb19410 code [0x0000021b9bb19640, 0x0000021b9bb19e48]
Event: 4.362 Thread 0x0000021bf788c330 7284       4       org.objectweb.asm.SymbolTable$Entry::<init> (17 bytes)
Event: 4.363 Thread 0x0000021bf788c330 nmethod 7284 0x0000021ba2c1a810 code [0x0000021ba2c1a9a0, 0x0000021ba2c1aa58]
Event: 4.363 Thread 0x0000021bf0b63210 7285       4       java.lang.invoke.MethodType::makeImpl (109 bytes)
Event: 4.363 Thread 0x0000021bf0b646b0 7286       1       org.objectweb.asm.SymbolTable::getConstantPoolCount (5 bytes)
Event: 4.364 Thread 0x0000021bf0b646b0 nmethod 7286 0x0000021ba2c1ab10 code [0x0000021ba2c1aca0, 0x0000021ba2c1ad68]
Event: 4.365 Thread 0x0000021bf0ceca20 nmethod 7276 0x0000021ba2c1ae10 code [0x0000021ba2c1b060, 0x0000021ba2c1be00]
Event: 4.365 Thread 0x0000021bf0cdbe50 7287       3       com.google.inject.internal.aop.ClassBuilding::signature (10 bytes)
Event: 4.365 Thread 0x0000021bf0cdbe50 nmethod 7287 0x0000021b9bb1a110 code [0x0000021b9bb1a2e0, 0x0000021b9bb1a630]

GC Heap History (20 events):
Event: 3.379 GC heap before
{Heap before GC invocations=19 (full 2):
 PSYoungGen      total 24064K, used 23991K [0x00000000d5580000, 0x00000000d7380000, 0x0000000100000000)
  eden space 22016K, 99% used [0x00000000d5580000,0x00000000d6afde78,0x00000000d6b00000)
  from space 2048K, 96% used [0x00000000d7180000,0x00000000d7370030,0x00000000d7380000)
  to   space 3584K, 0% used [0x00000000d6c80000,0x00000000d6c80000,0x00000000d7000000)
 ParOldGen       total 68608K, used 27321K [0x0000000080000000, 0x0000000084300000, 0x00000000d5580000)
  object space 68608K, 39% used [0x0000000080000000,0x0000000081aae770,0x0000000084300000)
 Metaspace       used 39162K, committed 40448K, reserved 1114112K
  class space    used 3906K, committed 4480K, reserved 1048576K
}
Event: 3.381 GC heap after
{Heap after GC invocations=19 (full 2):
 PSYoungGen      total 24064K, used 1969K [0x00000000d5580000, 0x00000000d7200000, 0x0000000100000000)
  eden space 22016K, 0% used [0x00000000d5580000,0x00000000d5580000,0x00000000d6b00000)
  from space 2048K, 96% used [0x00000000d6c80000,0x00000000d6e6c410,0x00000000d6e80000)
  to   space 2560K, 0% used [0x00000000d6f80000,0x00000000d6f80000,0x00000000d7200000)
 ParOldGen       total 68608K, used 29057K [0x0000000080000000, 0x0000000084300000, 0x00000000d5580000)
  object space 68608K, 42% used [0x0000000080000000,0x0000000081c607b0,0x0000000084300000)
 Metaspace       used 39162K, committed 40448K, reserved 1114112K
  class space    used 3906K, committed 4480K, reserved 1048576K
}
Event: 3.402 GC heap before
{Heap before GC invocations=20 (full 2):
 PSYoungGen      total 24064K, used 23985K [0x00000000d5580000, 0x00000000d7200000, 0x0000000100000000)
  eden space 22016K, 100% used [0x00000000d5580000,0x00000000d6b00000,0x00000000d6b00000)
  from space 2048K, 96% used [0x00000000d6c80000,0x00000000d6e6c410,0x00000000d6e80000)
  to   space 2560K, 0% used [0x00000000d6f80000,0x00000000d6f80000,0x00000000d7200000)
 ParOldGen       total 68608K, used 29057K [0x0000000080000000, 0x0000000084300000, 0x00000000d5580000)
  object space 68608K, 42% used [0x0000000080000000,0x0000000081c607b0,0x0000000084300000)
 Metaspace       used 39310K, committed 40576K, reserved 1114112K
  class space    used 3922K, committed 4480K, reserved 1048576K
}
Event: 3.404 GC heap after
{Heap after GC invocations=20 (full 2):
 PSYoungGen      total 24576K, used 2080K [0x00000000d5580000, 0x00000000d7200000, 0x0000000100000000)
  eden space 22016K, 0% used [0x00000000d5580000,0x00000000d5580000,0x00000000d6b00000)
  from space 2560K, 81% used [0x00000000d6f80000,0x00000000d7188010,0x00000000d7200000)
  to   space 2560K, 0% used [0x00000000d6d00000,0x00000000d6d00000,0x00000000d6f80000)
 ParOldGen       total 68608K, used 30813K [0x0000000080000000, 0x0000000084300000, 0x00000000d5580000)
  object space 68608K, 44% used [0x0000000080000000,0x0000000081e17708,0x0000000084300000)
 Metaspace       used 39310K, committed 40576K, reserved 1114112K
  class space    used 3922K, committed 4480K, reserved 1048576K
}
Event: 3.442 GC heap before
{Heap before GC invocations=21 (full 2):
 PSYoungGen      total 24576K, used 24096K [0x00000000d5580000, 0x00000000d7200000, 0x0000000100000000)
  eden space 22016K, 100% used [0x00000000d5580000,0x00000000d6b00000,0x00000000d6b00000)
  from space 2560K, 81% used [0x00000000d6f80000,0x00000000d7188010,0x00000000d7200000)
  to   space 2560K, 0% used [0x00000000d6d00000,0x00000000d6d00000,0x00000000d6f80000)
 ParOldGen       total 68608K, used 30813K [0x0000000080000000, 0x0000000084300000, 0x00000000d5580000)
  object space 68608K, 44% used [0x0000000080000000,0x0000000081e17708,0x0000000084300000)
 Metaspace       used 39507K, committed 40768K, reserved 1114112K
  class space    used 3939K, committed 4480K, reserved 1048576K
}
Event: 3.444 GC heap after
{Heap after GC invocations=21 (full 2):
 PSYoungGen      total 24576K, used 2274K [0x00000000d5580000, 0x00000000d7000000, 0x0000000100000000)
  eden space 22016K, 0% used [0x00000000d5580000,0x00000000d5580000,0x00000000d6b00000)
  from space 2560K, 88% used [0x00000000d6d00000,0x00000000d6f38800,0x00000000d6f80000)
  to   space 512K, 0% used [0x00000000d6f80000,0x00000000d6f80000,0x00000000d7000000)
 ParOldGen       total 68608K, used 32757K [0x0000000080000000, 0x0000000084300000, 0x00000000d5580000)
  object space 68608K, 47% used [0x0000000080000000,0x0000000081ffd718,0x0000000084300000)
 Metaspace       used 39507K, committed 40768K, reserved 1114112K
  class space    used 3939K, committed 4480K, reserved 1048576K
}
Event: 3.476 GC heap before
{Heap before GC invocations=22 (full 2):
 PSYoungGen      total 24576K, used 24290K [0x00000000d5580000, 0x00000000d7000000, 0x0000000100000000)
  eden space 22016K, 100% used [0x00000000d5580000,0x00000000d6b00000,0x00000000d6b00000)
  from space 2560K, 88% used [0x00000000d6d00000,0x00000000d6f38800,0x00000000d6f80000)
  to   space 512K, 0% used [0x00000000d6f80000,0x00000000d6f80000,0x00000000d7000000)
 ParOldGen       total 68608K, used 32757K [0x0000000080000000, 0x0000000084300000, 0x00000000d5580000)
  object space 68608K, 47% used [0x0000000080000000,0x0000000081ffd718,0x0000000084300000)
 Metaspace       used 39818K, committed 41088K, reserved 1114112K
  class space    used 3997K, committed 4544K, reserved 1048576K
}
Event: 3.478 GC heap after
{Heap after GC invocations=22 (full 2):
 PSYoungGen      total 22528K, used 512K [0x00000000d5580000, 0x00000000d7300000, 0x0000000100000000)
  eden space 22016K, 0% used [0x00000000d5580000,0x00000000d5580000,0x00000000d6b00000)
  from space 512K, 100% used [0x00000000d6f80000,0x00000000d7000000,0x00000000d7000000)
  to   space 4096K, 0% used [0x00000000d6b00000,0x00000000d6b00000,0x00000000d6f00000)
 ParOldGen       total 68608K, used 36060K [0x0000000080000000, 0x0000000084300000, 0x00000000d5580000)
  object space 68608K, 52% used [0x0000000080000000,0x00000000823371f0,0x0000000084300000)
 Metaspace       used 39818K, committed 41088K, reserved 1114112K
  class space    used 3997K, committed 4544K, reserved 1048576K
}
Event: 3.513 GC heap before
{Heap before GC invocations=23 (full 2):
 PSYoungGen      total 22528K, used 22528K [0x00000000d5580000, 0x00000000d7300000, 0x0000000100000000)
  eden space 22016K, 100% used [0x00000000d5580000,0x00000000d6b00000,0x00000000d6b00000)
  from space 512K, 100% used [0x00000000d6f80000,0x00000000d7000000,0x00000000d7000000)
  to   space 4096K, 0% used [0x00000000d6b00000,0x00000000d6b00000,0x00000000d6f00000)
 ParOldGen       total 68608K, used 36060K [0x0000000080000000, 0x0000000084300000, 0x00000000d5580000)
  object space 68608K, 52% used [0x0000000080000000,0x00000000823371f0,0x0000000084300000)
 Metaspace       used 40018K, committed 41216K, reserved 1114112K
  class space    used 4020K, committed 4544K, reserved 1048576K
}
Event: 3.515 GC heap after
{Heap after GC invocations=23 (full 2):
 PSYoungGen      total 24576K, used 2352K [0x00000000d5580000, 0x00000000d7100000, 0x0000000100000000)
  eden space 22016K, 0% used [0x00000000d5580000,0x00000000d5580000,0x00000000d6b00000)
  from space 2560K, 91% used [0x00000000d6b00000,0x00000000d6d4c350,0x00000000d6d80000)
  to   space 3072K, 0% used [0x00000000d6e00000,0x00000000d6e00000,0x00000000d7100000)
 ParOldGen       total 68608K, used 36644K [0x0000000080000000, 0x0000000084300000, 0x00000000d5580000)
  object space 68608K, 53% used [0x0000000080000000,0x00000000823c91f0,0x0000000084300000)
 Metaspace       used 40018K, committed 41216K, reserved 1114112K
  class space    used 4020K, committed 4544K, reserved 1048576K
}
Event: 3.541 GC heap before
{Heap before GC invocations=24 (full 2):
 PSYoungGen      total 24576K, used 24368K [0x00000000d5580000, 0x00000000d7100000, 0x0000000100000000)
  eden space 22016K, 100% used [0x00000000d5580000,0x00000000d6b00000,0x00000000d6b00000)
  from space 2560K, 91% used [0x00000000d6b00000,0x00000000d6d4c350,0x00000000d6d80000)
  to   space 3072K, 0% used [0x00000000d6e00000,0x00000000d6e00000,0x00000000d7100000)
 ParOldGen       total 68608K, used 36644K [0x0000000080000000, 0x0000000084300000, 0x00000000d5580000)
  object space 68608K, 53% used [0x0000000080000000,0x00000000823c91f0,0x0000000084300000)
 Metaspace       used 40205K, committed 41472K, reserved 1114112K
  class space    used 4050K, committed 4608K, reserved 1048576K
}
Event: 3.543 GC heap after
{Heap after GC invocations=24 (full 2):
 PSYoungGen      total 24576K, used 2091K [0x00000000d5580000, 0x00000000d7080000, 0x0000000100000000)
  eden space 22016K, 0% used [0x00000000d5580000,0x00000000d5580000,0x00000000d6b00000)
  from space 2560K, 81% used [0x00000000d6e00000,0x00000000d700ad18,0x00000000d7080000)
  to   space 2560K, 0% used [0x00000000d6b00000,0x00000000d6b00000,0x00000000d6d80000)
 ParOldGen       total 68608K, used 38792K [0x0000000080000000, 0x0000000084300000, 0x00000000d5580000)
  object space 68608K, 56% used [0x0000000080000000,0x00000000825e22f8,0x0000000084300000)
 Metaspace       used 40205K, committed 41472K, reserved 1114112K
  class space    used 4050K, committed 4608K, reserved 1048576K
}
Event: 3.582 GC heap before
{Heap before GC invocations=25 (full 2):
 PSYoungGen      total 24576K, used 24107K [0x00000000d5580000, 0x00000000d7080000, 0x0000000100000000)
  eden space 22016K, 100% used [0x00000000d5580000,0x00000000d6b00000,0x00000000d6b00000)
  from space 2560K, 81% used [0x00000000d6e00000,0x00000000d700ad18,0x00000000d7080000)
  to   space 2560K, 0% used [0x00000000d6b00000,0x00000000d6b00000,0x00000000d6d80000)
 ParOldGen       total 68608K, used 38792K [0x0000000080000000, 0x0000000084300000, 0x00000000d5580000)
  object space 68608K, 56% used [0x0000000080000000,0x00000000825e22f8,0x0000000084300000)
 Metaspace       used 40469K, committed 41664K, reserved 1114112K
  class space    used 4080K, committed 4608K, reserved 1048576K
}
Event: 3.584 GC heap after
{Heap after GC invocations=25 (full 2):
 PSYoungGen      total 24576K, used 2440K [0x00000000d5580000, 0x00000000d7000000, 0x0000000100000000)
  eden space 22016K, 0% used [0x00000000d5580000,0x00000000d5580000,0x00000000d6b00000)
  from space 2560K, 95% used [0x00000000d6b00000,0x00000000d6d62000,0x00000000d6d80000)
  to   space 2560K, 0% used [0x00000000d6d80000,0x00000000d6d80000,0x00000000d7000000)
 ParOldGen       total 68608K, used 40732K [0x0000000080000000, 0x0000000084300000, 0x00000000d5580000)
  object space 68608K, 59% used [0x0000000080000000,0x00000000827c7010,0x0000000084300000)
 Metaspace       used 40469K, committed 41664K, reserved 1114112K
  class space    used 4080K, committed 4608K, reserved 1048576K
}
Event: 3.786 GC heap before
{Heap before GC invocations=26 (full 2):
 PSYoungGen      total 24576K, used 24456K [0x00000000d5580000, 0x00000000d7000000, 0x0000000100000000)
  eden space 22016K, 100% used [0x00000000d5580000,0x00000000d6b00000,0x00000000d6b00000)
  from space 2560K, 95% used [0x00000000d6b00000,0x00000000d6d62000,0x00000000d6d80000)
  to   space 2560K, 0% used [0x00000000d6d80000,0x00000000d6d80000,0x00000000d7000000)
 ParOldGen       total 68608K, used 40732K [0x0000000080000000, 0x0000000084300000, 0x00000000d5580000)
  object space 68608K, 59% used [0x0000000080000000,0x00000000827c7010,0x0000000084300000)
 Metaspace       used 41899K, committed 43136K, reserved 1114112K
  class space    used 4256K, committed 4800K, reserved 1048576K
}
Event: 3.788 GC heap after
{Heap after GC invocations=26 (full 2):
 PSYoungGen      total 23552K, used 1024K [0x00000000d5580000, 0x00000000d6f00000, 0x0000000100000000)
  eden space 22016K, 0% used [0x00000000d5580000,0x00000000d5580000,0x00000000d6b00000)
  from space 1536K, 66% used [0x00000000d6d80000,0x00000000d6e80000,0x00000000d6f00000)
  to   space 2048K, 0% used [0x00000000d6b00000,0x00000000d6b00000,0x00000000d6d00000)
 ParOldGen       total 68608K, used 42944K [0x0000000080000000, 0x0000000084300000, 0x00000000d5580000)
  object space 68608K, 62% used [0x0000000080000000,0x00000000829f0368,0x0000000084300000)
 Metaspace       used 41899K, committed 43136K, reserved 1114112K
  class space    used 4256K, committed 4800K, reserved 1048576K
}
Event: 4.014 GC heap before
{Heap before GC invocations=27 (full 2):
 PSYoungGen      total 23552K, used 23039K [0x00000000d5580000, 0x00000000d6f00000, 0x0000000100000000)
  eden space 22016K, 99% used [0x00000000d5580000,0x00000000d6affc90,0x00000000d6b00000)
  from space 1536K, 66% used [0x00000000d6d80000,0x00000000d6e80000,0x00000000d6f00000)
  to   space 2048K, 0% used [0x00000000d6b00000,0x00000000d6b00000,0x00000000d6d00000)
 ParOldGen       total 68608K, used 42944K [0x0000000080000000, 0x0000000084300000, 0x00000000d5580000)
  object space 68608K, 62% used [0x0000000080000000,0x00000000829f0368,0x0000000084300000)
 Metaspace       used 43982K, committed 45184K, reserved 1114112K
  class space    used 4516K, committed 5056K, reserved 1048576K
}
Event: 4.015 GC heap after
{Heap after GC invocations=27 (full 2):
 PSYoungGen      total 23040K, used 907K [0x00000000d5580000, 0x00000000d6e00000, 0x0000000100000000)
  eden space 22016K, 0% used [0x00000000d5580000,0x00000000d5580000,0x00000000d6b00000)
  from space 1024K, 88% used [0x00000000d6b00000,0x00000000d6be2d30,0x00000000d6c00000)
  to   space 1536K, 0% used [0x00000000d6c80000,0x00000000d6c80000,0x00000000d6e00000)
 ParOldGen       total 68608K, used 43670K [0x0000000080000000, 0x0000000084300000, 0x00000000d5580000)
  object space 68608K, 63% used [0x0000000080000000,0x0000000082aa58f0,0x0000000084300000)
 Metaspace       used 43982K, committed 45184K, reserved 1114112K
  class space    used 4516K, committed 5056K, reserved 1048576K
}
Event: 4.326 GC heap before
{Heap before GC invocations=28 (full 2):
 PSYoungGen      total 23040K, used 22923K [0x00000000d5580000, 0x00000000d6e00000, 0x0000000100000000)
  eden space 22016K, 100% used [0x00000000d5580000,0x00000000d6b00000,0x00000000d6b00000)
  from space 1024K, 88% used [0x00000000d6b00000,0x00000000d6be2d30,0x00000000d6c00000)
  to   space 1536K, 0% used [0x00000000d6c80000,0x00000000d6c80000,0x00000000d6e00000)
 ParOldGen       total 68608K, used 43670K [0x0000000080000000, 0x0000000084300000, 0x00000000d5580000)
  object space 68608K, 63% used [0x0000000080000000,0x0000000082aa58f0,0x0000000084300000)
 Metaspace       used 46460K, committed 47680K, reserved 1114112K
  class space    used 4837K, committed 5376K, reserved 1048576K
}
Event: 4.327 GC heap after
{Heap after GC invocations=28 (full 2):
 PSYoungGen      total 23040K, used 1536K [0x00000000d5580000, 0x00000000d6f00000, 0x0000000100000000)
  eden space 21504K, 0% used [0x00000000d5580000,0x00000000d5580000,0x00000000d6a80000)
  from space 1536K, 100% used [0x00000000d6c80000,0x00000000d6e00000,0x00000000d6e00000)
  to   space 2048K, 0% used [0x00000000d6a80000,0x00000000d6a80000,0x00000000d6c80000)
 ParOldGen       total 68608K, used 44270K [0x0000000080000000, 0x0000000084300000, 0x00000000d5580000)
  object space 68608K, 64% used [0x0000000080000000,0x0000000082b3b8f0,0x0000000084300000)
 Metaspace       used 46460K, committed 47680K, reserved 1114112K
  class space    used 4837K, committed 5376K, reserved 1048576K
}

Dll operation events (11 events):
Event: 0.006 Loaded shared library C:\jdk\jdk-21\bin\java.dll
Event: 0.025 Loaded shared library C:\jdk\jdk-21\bin\jsvml.dll
Event: 0.047 Loaded shared library C:\jdk\jdk-21\bin\zip.dll
Event: 0.049 Loaded shared library C:\jdk\jdk-21\bin\instrument.dll
Event: 0.051 Loaded shared library C:\jdk\jdk-21\bin\net.dll
Event: 0.053 Loaded shared library C:\jdk\jdk-21\bin\nio.dll
Event: 0.055 Loaded shared library C:\jdk\jdk-21\bin\zip.dll
Event: 0.066 Loaded shared library C:\jdk\jdk-21\bin\jimage.dll
Event: 0.114 Loaded shared library C:\jdk\jdk-21\bin\verify.dll
Event: 0.812 Loaded shared library C:\Users\Student\AppData\Roaming\Code\User\globalStorage\redhat.java\1.47.0\config_win\org.eclipse.equinox.launcher\org.eclipse.equinox.launcher.win32.win32.x86_64_1.2.1400.v20250801-0854\eclipse_11916.dll
Event: 1.732 Loaded shared library C:\Users\Student\AppData\Local\Temp\jna--214492645\jna3606957087155682701.dll

Deoptimization events (20 events):
Event: 4.199 Thread 0x0000021bf79c5a20 Uncommon trap: trap_request=0xffffff45 fr.pc=0x0000021ba29c97e4 relative=0x0000000000000284
Event: 4.199 Thread 0x0000021bf79c5a20 Uncommon trap: reason=unstable_if action=reinterpret pc=0x0000021ba29c97e4 method=java.lang.ClassLoader.checkName(Ljava/lang/String;)Z @ 1 c2
Event: 4.199 Thread 0x0000021bf79c5a20 DEOPT PACKING pc=0x0000021ba29c97e4 sp=0x000000d91affdf70
Event: 4.199 Thread 0x0000021bf79c5a20 DEOPT UNPACKING pc=0x0000021ba21a3aa2 sp=0x000000d91affdf08 mode 2
Event: 4.200 Thread 0x0000021bf79c5a20 Uncommon trap: trap_request=0xffffff45 fr.pc=0x0000021ba294b648 relative=0x0000000000000f88
Event: 4.200 Thread 0x0000021bf79c5a20 Uncommon trap: reason=unstable_if action=reinterpret pc=0x0000021ba294b648 method=lombok.patcher.ScriptManager$OurClassFileTransformer.transform(Ljava/lang/ClassLoader;Ljava/lang/String;Ljava/lang/Class;Ljava/security/ProtectionDomain;[B)[B @ 1 c2
Event: 4.200 Thread 0x0000021bf79c5a20 DEOPT PACKING pc=0x0000021ba294b648 sp=0x000000d91affcb90
Event: 4.200 Thread 0x0000021bf79c5a20 DEOPT UNPACKING pc=0x0000021ba21a3aa2 sp=0x000000d91affcb10 mode 2
Event: 4.205 Thread 0x0000021bfabb8f10 Uncommon trap: trap_request=0xffffffde fr.pc=0x0000021ba29edcec relative=0x000000000000038c
Event: 4.205 Thread 0x0000021bfabb8f10 Uncommon trap: reason=class_check action=maybe_recompile pc=0x0000021ba29edcec method=java.io.InputStream.read([BII)I @ 15 c2
Event: 4.205 Thread 0x0000021bfabb8f10 DEOPT PACKING pc=0x0000021ba29edcec sp=0x000000d91d0fe920
Event: 4.205 Thread 0x0000021bfabb8f10 DEOPT UNPACKING pc=0x0000021ba21a3aa2 sp=0x000000d91d0fe8c8 mode 2
Event: 4.295 Thread 0x0000021bf79c5a20 Uncommon trap: trap_request=0xffffff45 fr.pc=0x0000021ba2915288 relative=0x00000000000003c8
Event: 4.295 Thread 0x0000021bf79c5a20 Uncommon trap: reason=unstable_if action=reinterpret pc=0x0000021ba2915288 method=java.util.HashMap.removeNode(ILjava/lang/Object;Ljava/lang/Object;ZZ)Ljava/util/HashMap$Node; @ 133 c2
Event: 4.295 Thread 0x0000021bf79c5a20 DEOPT PACKING pc=0x0000021ba2915288 sp=0x000000d91affd960
Event: 4.296 Thread 0x0000021bf79c5a20 DEOPT UNPACKING pc=0x0000021ba21a3aa2 sp=0x000000d91affd858 mode 2
Event: 4.297 Thread 0x0000021bf79c5a20 Uncommon trap: trap_request=0xffffff45 fr.pc=0x0000021ba29a2294 relative=0x0000000000000354
Event: 4.297 Thread 0x0000021bf79c5a20 Uncommon trap: reason=unstable_if action=reinterpret pc=0x0000021ba29a2294 method=java.util.HashMap.removeNode(ILjava/lang/Object;Ljava/lang/Object;ZZ)Ljava/util/HashMap$Node; @ 133 c2
Event: 4.297 Thread 0x0000021bf79c5a20 DEOPT PACKING pc=0x0000021ba29a2294 sp=0x000000d91affd8c0
Event: 4.297 Thread 0x0000021bf79c5a20 DEOPT UNPACKING pc=0x0000021ba21a3aa2 sp=0x000000d91affd858 mode 2

Classes loaded (20 events):
Event: 3.879 Loading class sun/reflect/annotation/AnnotatedTypeFactory$AnnotatedParameterizedTypeImpl
Event: 3.879 Loading class java/lang/reflect/AnnotatedParameterizedType
Event: 3.879 Loading class java/lang/reflect/AnnotatedParameterizedType done
Event: 3.879 Loading class sun/reflect/annotation/AnnotatedTypeFactory$AnnotatedParameterizedTypeImpl done
Event: 3.904 Loading class java/util/concurrent/CompletionService
Event: 3.904 Loading class java/util/concurrent/CompletionService done
Event: 4.047 Loading class sun/reflect/generics/scope/ConstructorScope
Event: 4.047 Loading class sun/reflect/generics/scope/ConstructorScope done
Event: 4.047 Loading class sun/reflect/generics/tree/VoidDescriptor
Event: 4.047 Loading class sun/reflect/generics/tree/VoidDescriptor done
Event: 4.077 Loading class java/nio/channels/ServerSocketChannel
Event: 4.077 Loading class java/nio/channels/ServerSocketChannel done
Event: 4.113 Loading class sun/reflect/generics/repository/FieldRepository
Event: 4.113 Loading class sun/reflect/generics/repository/FieldRepository done
Event: 4.184 Loading class java/lang/ExceptionInInitializerError
Event: 4.184 Loading class java/lang/ExceptionInInitializerError done
Event: 4.185 Loading class sun/misc/Unsafe
Event: 4.185 Loading class sun/misc/Unsafe done
Event: 4.197 Loading class jdk/internal/org/objectweb/asm/ClassReader
Event: 4.198 Loading class jdk/internal/org/objectweb/asm/ClassReader done

Classes unloaded (7 events):
Event: 2.063 Thread 0x0000021b92854940 Unloading class 0x0000021bb01a5000 'java/lang/invoke/LambdaForm$MH+0x0000021bb01a5000'
Event: 2.063 Thread 0x0000021b92854940 Unloading class 0x0000021bb01a4c00 'java/lang/invoke/LambdaForm$MH+0x0000021bb01a4c00'
Event: 2.063 Thread 0x0000021b92854940 Unloading class 0x0000021bb01a4800 'java/lang/invoke/LambdaForm$MH+0x0000021bb01a4800'
Event: 2.063 Thread 0x0000021b92854940 Unloading class 0x0000021bb01a4400 'java/lang/invoke/LambdaForm$MH+0x0000021bb01a4400'
Event: 2.063 Thread 0x0000021b92854940 Unloading class 0x0000021bb01a4000 'java/lang/invoke/LambdaForm$BMH+0x0000021bb01a4000'
Event: 2.063 Thread 0x0000021b92854940 Unloading class 0x0000021bb01a3c00 'java/lang/invoke/LambdaForm$DMH+0x0000021bb01a3c00'
Event: 2.063 Thread 0x0000021b92854940 Unloading class 0x0000021bb01a2c00 'java/lang/invoke/LambdaForm$DMH+0x0000021bb01a2c00'

Classes redefined (0 events):
No events

Internal exceptions (20 events):
Event: 3.091 Thread 0x0000021b928b6fc0 Implicit null exception at 0x0000021ba2a5343a to 0x0000021ba2a53474
Event: 3.096 Thread 0x0000021bf79c8ea0 Exception <a 'sun/nio/fs/WindowsException'{0x00000000d6013970}> (0x00000000d6013970) 
thrown [s\open\src\hotspot\share\prims\jni.cpp, line 520]
Event: 3.096 Thread 0x0000021bf79c8ea0 Exception <a 'sun/nio/fs/WindowsException'{0x00000000d6014240}> (0x00000000d6014240) 
thrown [s\open\src\hotspot\share\prims\jni.cpp, line 520]
Event: 3.114 Thread 0x0000021bf79c8ea0 Exception <a 'sun/nio/fs/WindowsException'{0x00000000d629aeb0}> (0x00000000d629aeb0) 
thrown [s\open\src\hotspot\share\prims\jni.cpp, line 520]
Event: 3.114 Thread 0x0000021bf79c8ea0 Exception <a 'sun/nio/fs/WindowsException'{0x00000000d629ba30}> (0x00000000d629ba30) 
thrown [s\open\src\hotspot\share\prims\jni.cpp, line 520]
Event: 3.123 Thread 0x0000021bf79c8ea0 Exception <a 'java/lang/NoSuchMethodError'{0x00000000d634ba58}: 'int java.lang.invoke.DirectMethodHandle$Holder.invokeStatic(java.lang.Object)'> (0x00000000d634ba58) 
thrown [s\open\src\hotspot\share\interpreter\linkResolver.cpp, line 773]
Event: 3.139 Thread 0x0000021bf79c8ea0 Exception <a 'java/io/FileNotFoundException'{0x00000000d641e000}> (0x00000000d641e000) 
thrown [s\open\src\hotspot\share\prims\jni.cpp, line 520]
Event: 3.139 Thread 0x0000021bf79c8ea0 Exception <a 'java/io/FileNotFoundException'{0x00000000d641f6a0}> (0x00000000d641f6a0) 
thrown [s\open\src\hotspot\share\prims\jni.cpp, line 520]
Event: 3.139 Thread 0x0000021bf79c8ea0 Exception <a 'java/io/FileNotFoundException'{0x00000000d6420940}> (0x00000000d6420940) 
thrown [s\open\src\hotspot\share\prims\jni.cpp, line 520]
Event: 3.196 Thread 0x0000021bf79c8ea0 Implicit null exception at 0x0000021ba2a47d77 to 0x0000021ba2a47fe8
Event: 3.197 Thread 0x0000021bf79c8ea0 Exception <a 'java/lang/NoSuchMethodError'{0x00000000d66df0b0}: 'java.lang.Object java.lang.invoke.DelegatingMethodHandle$Holder.reinvoke_L(java.lang.Object, int, long, java.lang.Object, java.lang.Object, int, java.lang.Object)'> (0x00000000d66df0b0) 
thrown [s\open\src\hotspot\share\interpreter\linkResolver.cpp, line 773]
Event: 3.274 Thread 0x0000021bf79c5a20 Exception <a 'java/lang/NoSuchMethodError'{0x00000000d5aaaef8}: 'java.lang.Object java.lang.invoke.DirectMethodHandle$Holder.invokeSpecialIFC(java.lang.Object, java.lang.Object, java.lang.Object, java.lang.Object)'> (0x00000000d5aaaef8) 
thrown [s\open\src\hotspot\share\interpreter\linkResolver.cpp, line 773]
Event: 3.598 Thread 0x0000021bf79c5a20 Exception <a 'java/lang/NoClassDefFoundError'{0x00000000d5722160}: javax/enterprise/inject/Typed> (0x00000000d5722160) 
thrown [s\open\src\hotspot\share\classfile\systemDictionary.cpp, line 301]
Event: 3.653 Thread 0x0000021bf79c8ea0 Exception <a 'java/lang/NoSuchMethodError'{0x00000000d5d5fc90}: 'java.lang.Object java.lang.invoke.DirectMethodHandle$Holder.invokeStatic(java.lang.Object, int, java.lang.Object, java.lang.Object)'> (0x00000000d5d5fc90) 
thrown [s\open\src\hotspot\share\interpreter\linkResolver.cpp, line 773]
Event: 3.653 Thread 0x0000021bf79c8ea0 Exception <a 'java/lang/NoSuchMethodError'{0x00000000d5d63460}: 'java.lang.Object java.lang.invoke.DelegatingMethodHandle$Holder.delegate(java.lang.Object, int, java.lang.Object, java.lang.Object)'> (0x00000000d5d63460) 
thrown [s\open\src\hotspot\share\interpreter\linkResolver.cpp, line 773]
Event: 3.656 Thread 0x0000021bf79c8ea0 Exception <a 'java/lang/NoSuchMethodError'{0x00000000d5f784c8}: 'int java.lang.invoke.Invokers$Holder.linkToTargetMethod(java.lang.Object, java.lang.Object, java.lang.Object)'> (0x00000000d5f784c8) 
thrown [s\open\src\hotspot\share\interpreter\linkResolver.cpp, line 773]
Event: 4.186 Thread 0x0000021bf79c5a20 Exception <a 'java/lang/ExceptionInInitializerError'{0x00000000d6423528}> (0x00000000d6423528) 
thrown [s\open\src\hotspot\share\oops\instanceKlass.cpp, line 1180]
Event: 4.199 Thread 0x0000021bf79c5a20 Implicit null exception at 0x0000021ba29c957e to 0x0000021ba29c97d4
Event: 4.199 Thread 0x0000021bf79c5a20 Implicit null exception at 0x0000021ba294a71c to 0x0000021ba294b638
Event: 4.202 Thread 0x0000021bf79c5a20 Exception <a 'java/lang/NoSuchMethodError'{0x00000000d64dc358}: 'java.lang.Object java.lang.invoke.Invokers$Holder.invokeExact_MT(java.lang.Object, int, java.lang.Object)'> (0x00000000d64dc358) 
thrown [s\open\src\hotspot\share\interpreter\linkResolver.cpp, line 773]

ZGC Phase Switch (0 events):
No events

VM Operations (20 events):
Event: 3.541 Executing VM operation: ParallelGCFailedAllocation (Allocation Failure)
Event: 3.543 Executing VM operation: ParallelGCFailedAllocation (Allocation Failure) done
Event: 3.581 Executing VM operation: HandshakeAllThreads (Deoptimize)
Event: 3.581 Executing VM operation: HandshakeAllThreads (Deoptimize) done
Event: 3.582 Executing VM operation: ParallelGCFailedAllocation (Allocation Failure)
Event: 3.584 Executing VM operation: ParallelGCFailedAllocation (Allocation Failure) done
Event: 3.786 Executing VM operation: ParallelGCFailedAllocation (Allocation Failure)
Event: 3.788 Executing VM operation: ParallelGCFailedAllocation (Allocation Failure) done
Event: 3.913 Executing VM operation: HandshakeAllThreads (Deoptimize)
Event: 3.913 Executing VM operation: HandshakeAllThreads (Deoptimize) done
Event: 3.988 Executing VM operation: HandshakeAllThreads (Deoptimize)
Event: 3.988 Executing VM operation: HandshakeAllThreads (Deoptimize) done
Event: 4.014 Executing VM operation: ParallelGCFailedAllocation (Allocation Failure)
Event: 4.015 Executing VM operation: ParallelGCFailedAllocation (Allocation Failure) done
Event: 4.234 Executing VM operation: HandshakeAllThreads (Deoptimize)
Event: 4.234 Executing VM operation: HandshakeAllThreads (Deoptimize) done
Event: 4.310 Executing VM operation: ICBufferFull
Event: 4.310 Executing VM operation: ICBufferFull done
Event: 4.326 Executing VM operation: ParallelGCFailedAllocation (Allocation Failure)
Event: 4.327 Executing VM operation: ParallelGCFailedAllocation (Allocation Failure) done

Events (20 events):
Event: 3.016 Thread 0x0000021bfabb8f10 Thread added: 0x0000021bfabb8f10
Event: 3.045 Thread 0x0000021bfabba2c0 Thread added: 0x0000021bfabba2c0
Event: 3.045 Thread 0x0000021bfabba950 Thread added: 0x0000021bfabba950
Event: 3.045 Thread 0x0000021bfb525ad0 Thread added: 0x0000021bfb525ad0
Event: 3.046 Thread 0x0000021bfb524090 Thread added: 0x0000021bfb524090
Event: 3.046 Thread 0x0000021bfb523a00 Thread added: 0x0000021bfb523a00
Event: 3.047 Thread 0x0000021bfb524720 Thread added: 0x0000021bfb524720
Event: 3.047 Thread 0x0000021bfb524db0 Thread added: 0x0000021bfb524db0
Event: 3.048 Thread 0x0000021bfb525440 Thread added: 0x0000021bfb525440
Event: 3.048 Thread 0x0000021bfb522650 Thread added: 0x0000021bfb522650
Event: 3.048 Thread 0x0000021bfb526160 Thread added: 0x0000021bfb526160
Event: 3.049 Thread 0x0000021bfb522ce0 Thread added: 0x0000021bfb522ce0
Event: 3.049 Thread 0x0000021bfb5267f0 Thread added: 0x0000021bfb5267f0
Event: 3.050 Thread 0x0000021bfb523370 Thread added: 0x0000021bfb523370
Event: 3.051 Thread 0x0000021bfb526e80 Thread added: 0x0000021bfb526e80
Event: 3.051 Thread 0x0000021bfb527510 Thread added: 0x0000021bfb527510
Event: 3.052 Thread 0x0000021bfb5295e0 Thread added: 0x0000021bfb5295e0
Event: 3.052 Thread 0x0000021bfb527ba0 Thread added: 0x0000021bfb527ba0
Event: 3.053 Thread 0x0000021bfb528230 Thread added: 0x0000021bfb528230
Event: 3.053 Thread 0x0000021bfb529c70 Thread added: 0x0000021bfb529c70


Dynamic libraries:
0x00007ff670050000 - 0x00007ff67005e000 	C:\jdk\jdk-21\bin\java.exe
0x00007ffd7b3a0000 - 0x00007ffd7b608000 	C:\Windows\SYSTEM32\ntdll.dll
0x00007ffd7a760000 - 0x00007ffd7a829000 	C:\Windows\System32\KERNEL32.DLL
0x00007ffd787a0000 - 0x00007ffd78b98000 	C:\Windows\System32\KERNELBASE.dll
0x00007ffd78ec0000 - 0x00007ffd7900b000 	C:\Windows\System32\ucrtbase.dll
0x00007ffd753e0000 - 0x00007ffd753f8000 	C:\jdk\jdk-21\bin\jli.dll
0x00007ffd73540000 - 0x00007ffd7355b000 	C:\jdk\jdk-21\bin\VCRUNTIME140.dll
0x00007ffd7aaa0000 - 0x00007ffd7ac67000 	C:\Windows\System32\USER32.dll
0x00007ffd78e90000 - 0x00007ffd78eb7000 	C:\Windows\System32\win32u.dll
0x00007ffd65860000 - 0x00007ffd65af4000 	C:\Windows\WinSxS\amd64_microsoft.windows.common-controls_6595b64144ccf1df_6.0.26100.7019_none_3e06ffa0e335b8a8\COMCTL32.dll
0x00007ffd7b320000 - 0x00007ffd7b34b000 	C:\Windows\System32\GDI32.dll
0x00007ffd79010000 - 0x00007ffd7913c000 	C:\Windows\System32\gdi32full.dll
0x00007ffd7a670000 - 0x00007ffd7a719000 	C:\Windows\System32\msvcrt.dll
0x00007ffd78ba0000 - 0x00007ffd78c43000 	C:\Windows\System32\msvcp_win.dll
0x00007ffd7a720000 - 0x00007ffd7a751000 	C:\Windows\System32\IMM32.DLL
0x00007ffd73510000 - 0x00007ffd7351c000 	C:\jdk\jdk-21\bin\vcruntime140_1.dll
0x00007ffd71880000 - 0x00007ffd7190e000 	C:\jdk\jdk-21\bin\msvcp140.dll
0x00007ffd497e0000 - 0x00007ffd4a4f3000 	C:\jdk\jdk-21\bin\server\jvm.dll
0x00007ffd7a220000 - 0x00007ffd7a2d4000 	C:\Windows\System32\ADVAPI32.dll
0x00007ffd7ad40000 - 0x00007ffd7ade6000 	C:\Windows\System32\sechost.dll
0x00007ffd7adf0000 - 0x00007ffd7af08000 	C:\Windows\System32\RPCRT4.dll
0x00007ffd79200000 - 0x00007ffd79274000 	C:\Windows\System32\WS2_32.dll
0x00007ffd77ef0000 - 0x00007ffd77f4e000 	C:\Windows\SYSTEM32\POWRPROF.dll
0x00007ffd72110000 - 0x00007ffd7211b000 	C:\Windows\SYSTEM32\VERSION.dll
0x00007ffd6a6e0000 - 0x00007ffd6a715000 	C:\Windows\SYSTEM32\WINMM.dll
0x00007ffd77dd0000 - 0x00007ffd77de4000 	C:\Windows\SYSTEM32\UMPDC.dll
0x00007ffd77270000 - 0x00007ffd7728b000 	C:\Windows\SYSTEM32\kernel.appcore.dll
0x00007ffd73500000 - 0x00007ffd7350a000 	C:\jdk\jdk-21\bin\jimage.dll
0x00007ffd67130000 - 0x00007ffd67372000 	C:\Windows\SYSTEM32\DBGHELP.DLL
0x00007ffd7a2e0000 - 0x00007ffd7a66b000 	C:\Windows\System32\combase.dll
0x00007ffd79710000 - 0x00007ffd797e7000 	C:\Windows\System32\OLEAUT32.dll
0x00007ffd63620000 - 0x00007ffd6365c000 	C:\Windows\SYSTEM32\dbgcore.DLL
0x00007ffd78660000 - 0x00007ffd78705000 	C:\Windows\System32\bcryptPrimitives.dll
0x00007ffd734f0000 - 0x00007ffd734ff000 	C:\jdk\jdk-21\bin\instrument.dll
0x00007ffd71f00000 - 0x00007ffd71f1f000 	C:\jdk\jdk-21\bin\java.dll
0x00007ffd799a0000 - 0x00007ffd7a0f1000 	C:\Windows\System32\SHELL32.dll
0x00007ffd784f0000 - 0x00007ffd7865b000 	C:\Windows\System32\wintypes.dll
0x00007ffd760f0000 - 0x00007ffd7694d000 	C:\Windows\SYSTEM32\windows.storage.dll
0x00007ffd797f0000 - 0x00007ffd798e2000 	C:\Windows\System32\SHCORE.dll
0x00007ffd7a890000 - 0x00007ffd7a8f7000 	C:\Windows\System32\shlwapi.dll
0x00007ffd78410000 - 0x00007ffd78439000 	C:\Windows\SYSTEM32\profapi.dll
0x00007ffd4d010000 - 0x00007ffd4d0e7000 	C:\jdk\jdk-21\bin\jsvml.dll
0x00007ffd62d10000 - 0x00007ffd62d28000 	C:\jdk\jdk-21\bin\zip.dll
0x00007ffd71870000 - 0x00007ffd71880000 	C:\jdk\jdk-21\bin\net.dll
0x00007ffd71cc0000 - 0x00007ffd71de8000 	C:\Windows\SYSTEM32\WINHTTP.dll
0x00007ffd777c0000 - 0x00007ffd7782b000 	C:\Windows\system32\mswsock.dll
0x00007ffd62cf0000 - 0x00007ffd62d06000 	C:\jdk\jdk-21\bin\nio.dll
0x00007ffd668e0000 - 0x00007ffd668f0000 	C:\jdk\jdk-21\bin\verify.dll
0x00007ffd59480000 - 0x00007ffd594c4000 	C:\Users\Student\AppData\Roaming\Code\User\globalStorage\redhat.java\1.47.0\config_win\org.eclipse.equinox.launcher\org.eclipse.equinox.launcher.win32.win32.x86_64_1.2.1400.v20250801-0854\eclipse_11916.dll
0x00007ffd7a900000 - 0x00007ffd7aa97000 	C:\Windows\System32\ole32.dll
0x00007ffd77bb0000 - 0x00007ffd77bcb000 	C:\Windows\SYSTEM32\CRYPTSP.dll
0x00007ffd771d0000 - 0x00007ffd7720a000 	C:\Windows\system32\rsaenh.dll
0x00007ffd77870000 - 0x00007ffd7789b000 	C:\Windows\SYSTEM32\USERENV.dll
0x00007ffd783e0000 - 0x00007ffd7840a000 	C:\Windows\SYSTEM32\bcrypt.dll
0x00007ffd77a10000 - 0x00007ffd77a1c000 	C:\Windows\SYSTEM32\CRYPTBASE.dll
0x00007ffd76d10000 - 0x00007ffd76d44000 	C:\Windows\SYSTEM32\IPHLPAPI.DLL
0x00007ffd798f0000 - 0x00007ffd798fa000 	C:\Windows\System32\NSI.dll
0x00007ffd59020000 - 0x00007ffd59069000 	C:\Users\Student\AppData\Local\Temp\jna--214492645\jna3606957087155682701.dll
0x00007ffd79900000 - 0x00007ffd79908000 	C:\Windows\System32\PSAPI.DLL
0x00007ffd720e0000 - 0x00007ffd720fe000 	C:\Windows\SYSTEM32\dhcpcsvc6.DLL
0x00007ffd71ed0000 - 0x00007ffd71ef3000 	C:\Windows\SYSTEM32\dhcpcsvc.DLL

dbghelp: loaded successfully - version: 4.0.5 - missing functions: none
symbol engine: initialized successfully - sym options: 0x614 - pdb path: .;C:\jdk\jdk-21\bin;C:\Windows\SYSTEM32;C:\Windows\WinSxS\amd64_microsoft.windows.common-controls_6595b64144ccf1df_6.0.26100.7019_none_3e06ffa0e335b8a8;C:\jdk\jdk-21\bin\server;C:\Users\Student\AppData\Roaming\Code\User\globalStorage\redhat.java\1.47.0\config_win\org.eclipse.equinox.launcher\org.eclipse.equinox.launcher.win32.win32.x86_64_1.2.1400.v20250801-0854;C:\Users\Student\AppData\Local\Temp\jna--214492645

VM Arguments:
jvm_args: --add-modules=ALL-SYSTEM --add-opens=java.base/java.util=ALL-UNNAMED --add-opens=java.base/java.lang=ALL-UNNAMED --add-opens=java.base/sun.nio.fs=ALL-UNNAMED -Declipse.application=org.eclipse.jdt.ls.core.id1 -Dosgi.bundles.defaultStartLevel=4 -Declipse.product=org.eclipse.jdt.ls.core.product -Djava.import.generatesMetadataFilesAtProjectRoot=false -DDetectVMInstallationsJob.disabled=true -Dfile.encoding=utf8 -XX:+UseParallelGC -XX:GCTimeRatio=4 -XX:AdaptiveSizePolicyWeight=90 -Dsun.zip.disableMemoryMapping=true -Xmx2G -Xms100m -Xlog:disable -javaagent:c:\Users\Student\.vscode\extensions\redhat.java-1.47.0-win32-x64\lombok\lombok-1.18.39-4050.jar -XX:+HeapDumpOnOutOfMemoryError -XX:HeapDumpPath=c:\Users\Student\AppData\Roaming\Code\User\workspaceStorage\4d7a7224ef31c89d8e0bcf50642efe4b\redhat.java -Daether.dependencyCollector.impl=bf 
java_command: c:\Users\Student\.vscode\extensions\redhat.java-1.47.0-win32-x64\server\plugins\org.eclipse.equinox.launcher_1.7.100.v20251014-1222.jar -configuration c:\Users\Student\AppData\Roaming\Code\User\globalStorage\redhat.java\1.47.0\config_win -data c:\Users\Student\AppData\Roaming\Code\User\workspaceStorage\4d7a7224ef31c89d8e0bcf50642efe4b\redhat.java\jdt_ws --pipe=\\.\pipe\lsp-8a0617e39a4335897af683512983ea5c-sock
java_class_path (initial): c:\Users\Student\.vscode\extensions\redhat.java-1.47.0-win32-x64\server\plugins\org.eclipse.equinox.launcher_1.7.100.v20251014-1222.jar
Launcher Type: SUN_STANDARD

[Global flags]
    uintx AdaptiveSizePolicyWeight                 = 90                                        {product} {command line}
     intx CICompilerCount                          = 12                                        {product} {ergonomic}
    uintx GCTimeRatio                              = 4                                         {product} {command line}
     bool HeapDumpOnOutOfMemoryError               = true                                   {manageable} {command line}
    ccstr HeapDumpPath                             = c:\Users\Student\AppData\Roaming\Code\User\workspaceStorage\4d7a7224ef31c89d8e0bcf50642efe4b\redhat.java         {manageable} {command line}
   size_t InitialHeapSize                          = 104857600                                 {product} {command line}
   size_t MaxHeapSize                              = 2147483648                                {product} {command line}
   size_t MaxNewSize                               = 715653120                                 {product} {ergonomic}
   size_t MinHeapDeltaBytes                        = 524288                                    {product} {ergonomic}
   size_t MinHeapSize                              = 104857600                                 {product} {command line}
   size_t NewSize                                  = 34603008                                  {product} {ergonomic}
    uintx NonNMethodCodeHeapSize                   = 7602480                                {pd product} {ergonomic}
    uintx NonProfiledCodeHeapSize                  = 122027880                              {pd product} {ergonomic}
   size_t OldSize                                  = 70254592                                  {product} {ergonomic}
    uintx ProfiledCodeHeapSize                     = 122027880                              {pd product} {ergonomic}
    uintx ReservedCodeCacheSize                    = 251658240                              {pd product} {ergonomic}
     bool SegmentedCodeCache                       = true                                      {product} {ergonomic}
   size_t SoftMaxHeapSize                          = 2147483648                             {manageable} {ergonomic}
     bool UseCompressedOops                        = true                           {product lp64_product} {ergonomic}
     bool UseLargePagesIndividualAllocation        = false                                  {pd product} {ergonomic}
     bool UseParallelGC                            = true                                      {product} {command line}

Logging:
Log output configuration:
 #0: stdout all=off uptime,level,tags foldmultilines=false
 #1: stderr all=off uptime,level,tags foldmultilines=false

Environment Variables:
JAVA_HOME=C:\jdk\jdk-21bin
PATH=C:\Windows\system32;C:\Windows;C:\Windows\System32\Wbem;C:\Windows\System32\WindowsPowerShell\v1.0\;C:\Windows\System32\OpenSSH\;C:\jdk\jdk-21\bin;C:\jdk\script;D:\Git\cmd;C:\Program Files\Docker\Docker\resources\bin;C:\Program Files\PuTTY\;C:\Program Files\MySQL\MySQL Server 8.0\bin;C:\Program Files\nodejs\;C:\Program Files\MySQL\MySQL Shell 8.0\bin\;C:\Users\Student\AppData\Local\Microsoft\WindowsApps;D:\Microsoft VS Code\bin;C:\jdk\jdk-21binbin;C:\Users\Student\AppData\Roaming\npm
USERNAME=Student
OS=Windows_NT
PROCESSOR_IDENTIFIER=Intel64 Family 6 Model 151 Stepping 2, GenuineIntel
TMP=C:\Users\Student\AppData\Local\Temp
TEMP=C:\Users\Student\AppData\Local\Temp




---------------  S Y S T E M  ---------------

OS:
 Windows 11 , 64 bit Build 26100 (10.0.26100.7019)
OS uptime: 0 days 5:53 hours
Hyper-V role detected

CPU: total 20 (initial active 20) (10 cores per cpu, 2 threads per core) family 6 model 151 stepping 2 microcode 0x23, cx8, cmov, fxsr, ht, mmx, 3dnowpref, sse, sse2, sse3, ssse3, sse4.1, sse4.2, popcnt, lzcnt, tsc, tscinvbit, avx, avx2, aes, erms, clmul, bmi1, bmi2, adx, sha, fma, vzeroupper, clflush, clflushopt, clwb, hv, serialize, rdtscp, rdpid, fsrm, f16c, cet_ibt, cet_ss
Processor Information for processor 0
  Max Mhz: 2100, Current Mhz: 2100, Mhz Limit: 2100
Processor Information for processor 1
  Max Mhz: 2100, Current Mhz: 2100, Mhz Limit: 2100
Processor Information for processor 2
  Max Mhz: 2100, Current Mhz: 2100, Mhz Limit: 2100
Processor Information for processor 3
  Max Mhz: 2100, Current Mhz: 2100, Mhz Limit: 2100
Processor Information for processor 4
  Max Mhz: 2100, Current Mhz: 2100, Mhz Limit: 2100
Processor Information for processor 5
  Max Mhz: 2100, Current Mhz: 2100, Mhz Limit: 2100
Processor Information for processor 6
  Max Mhz: 2100, Current Mhz: 2100, Mhz Limit: 2100
Processor Information for processor 7
  Max Mhz: 2100, Current Mhz: 2100, Mhz Limit: 2100
Processor Information for processor 8
  Max Mhz: 2100, Current Mhz: 2100, Mhz Limit: 2100
Processor Information for processor 9
  Max Mhz: 2100, Current Mhz: 2100, Mhz Limit: 2100
Processor Information for processor 10
  Max Mhz: 2100, Current Mhz: 2100, Mhz Limit: 2100
Processor Information for processor 11
  Max Mhz: 2100, Current Mhz: 2100, Mhz Limit: 2100
Processor Information for processor 12
  Max Mhz: 2100, Current Mhz: 2100, Mhz Limit: 2100
Processor Information for processor 13
  Max Mhz: 2100, Current Mhz: 2100, Mhz Limit: 2100
Processor Information for processor 14
  Max Mhz: 2100, Current Mhz: 2100, Mhz Limit: 2100
Processor Information for processor 15
  Max Mhz: 2100, Current Mhz: 2100, Mhz Limit: 2100
Processor Information for processor 16
  Max Mhz: 2100, Current Mhz: 1600, Mhz Limit: 1596
Processor Information for processor 17
  Max Mhz: 2100, Current Mhz: 1600, Mhz Limit: 1596
Processor Information for processor 18
  Max Mhz: 2100, Current Mhz: 1600, Mhz Limit: 1596
Processor Information for processor 19
  Max Mhz: 2100, Current Mhz: 1600, Mhz Limit: 1596

Memory: 4k page, system-wide physical 16147M (928M free)
TotalPageFile size 114451M (AvailPageFile size 12M)
current process WorkingSet (physical memory assigned to process): 268M, peak: 270M
current process commit charge ("private bytes"): 393M, peak: 394M

vm_info: OpenJDK 64-Bit Server VM (21+35-2513) for windows-amd64 JRE (21+35-2513), built on 2023-08-09T20:25:10Z by "mach5one" with MS VC++ 17.1 (VS2022)

END.
