#
# There is insufficient memory for the Java Runtime Environment to continue.
# Native memory allocation (malloc) failed to allocate 32744 bytes for Chunk::new
# Possible reasons:
#   The system is out of physical RAM or swap space
#   The process is running with CompressedOops enabled, and the Java Heap may be blocking the growth of the native heap
# Possible solutions:
#   Reduce memory load on the system
#   Increase physical memory or swap space
#   Check if swap backing store is full
#   Decrease Java heap size (-Xmx/-Xms)
#   Decrease number of Java threads
#   Decrease Java thread stack sizes (-Xss)
#   Set larger code cache with -XX:ReservedCodeCacheSize=
#   JVM is running with Unscaled Compressed Oops mode in which the Java heap is
#     placed in the first 4GB address space. The Java Heap base address is the
#     maximum limit for the native heap growth. Please use -XX:HeapBaseMinAddress
#     to set the Java Heap base and to place the Java Heap above 4GB virtual address.
# This output file may be truncated or incomplete.
#
#  Out of Memory Error (arena.cpp:166), pid=1196, tid=4004
#
# JRE version: OpenJDK Runtime Environment (21.0+35) (build 21+35-2513)
# Java VM: OpenJDK 64-Bit Server VM (21+35-2513, mixed mode, sharing, tiered, compressed oops, compressed class ptrs, parallel gc, windows-amd64)
# No core dump will be written. Minidumps are not enabled by default on client versions of Windows
#

---------------  S U M M A R Y ------------

Command Line: --add-modules=ALL-SYSTEM --add-opens=java.base/java.util=ALL-UNNAMED --add-opens=java.base/java.lang=ALL-UNNAMED --add-opens=java.base/sun.nio.fs=ALL-UNNAMED -Declipse.application=org.eclipse.jdt.ls.core.id1 -Dosgi.bundles.defaultStartLevel=4 -Declipse.product=org.eclipse.jdt.ls.core.product -Djava.import.generatesMetadataFilesAtProjectRoot=false -DDetectVMInstallationsJob.disabled=true -Dfile.encoding=utf8 -XX:+UseParallelGC -XX:GCTimeRatio=4 -XX:AdaptiveSizePolicyWeight=90 -Dsun.zip.disableMemoryMapping=true -Xmx2G -Xms100m -Xlog:disable -javaagent:c:\Users\Student\.vscode\extensions\redhat.java-1.47.0-win32-x64\lombok\lombok-1.18.39-4050.jar c:\Users\Student\.vscode\extensions\redhat.java-1.47.0-win32-x64\server\plugins\org.eclipse.equinox.launcher_1.7.100.v20251014-1222.jar -configuration c:\Users\Student\AppData\Roaming\Code\User\globalStorage\redhat.java\1.47.0\config_ss_win -data c:\Users\Student\AppData\Roaming\Code\User\workspaceStorage\4d7a7224ef31c89d8e0bcf50642efe4b\redhat.java\ss_ws --pipe=\\.\pipe\lsp-5502871abecf7fc7ca79f865c13c6e90-sock

Host: 12th Gen Intel(R) Core(TM) i7-12700, 20 cores, 15G,  Windows 11 , 64 bit Build 26100 (10.0.26100.7019)
Time: Tue Nov  4 14:44:25 2025  Windows 11 , 64 bit Build 26100 (10.0.26100.7019) elapsed time: 305.457376 seconds (0d 0h 5m 5s)

---------------  T H R E A D  ---------------

Current thread (0x0000025327052010):  JavaThread "C2 CompilerThread1" daemon [_thread_in_native, id=4004, stack(0x000000bf02300000,0x000000bf02400000) (1024K)]


Current CompileTask:
C2: 305457 7373       4       java.util.HashMap::putVal (300 bytes)

Stack: [0x000000bf02300000,0x000000bf02400000]
Native frames: (J=compiled Java code, j=interpreted, Vv=VM code, C=native code)
V  [jvm.dll+0x6c8d39]
V  [jvm.dll+0x854091]
V  [jvm.dll+0x85630e]
V  [jvm.dll+0x8569e3]
V  [jvm.dll+0x2809a6]
V  [jvm.dll+0xc3e6d]
V  [jvm.dll+0xc4383]
V  [jvm.dll+0x20b0cf]
V  [jvm.dll+0x20c7d1]
V  [jvm.dll+0x20a82e]
V  [jvm.dll+0x209ffc]
V  [jvm.dll+0x20af11]
V  [jvm.dll+0x20a25e]
V  [jvm.dll+0x1f49f0]
V  [jvm.dll+0x1477ae]
V  [jvm.dll+0x2f10fc]
V  [jvm.dll+0x2f1305]
V  [jvm.dll+0x2f2e56]
V  [jvm.dll+0x6e3234]
V  [jvm.dll+0x6db4e6]
V  [jvm.dll+0x6da97e]
V  [jvm.dll+0x6d8b9c]
V  [jvm.dll+0x1ccdec]
V  [jvm.dll+0x24896d]
V  [jvm.dll+0x1c9b91]
V  [jvm.dll+0x2583e9]
V  [jvm.dll+0x2569ca]
V  [jvm.dll+0x3eef66]
V  [jvm.dll+0x7fd2c8]
V  [jvm.dll+0x6c748d]
C  [ucrtbase.dll+0x37b0]
C  [KERNEL32.DLL+0x2e8d7]
C  [ntdll.dll+0x8c53c]


---------------  P R O C E S S  ---------------

Threads class SMR info:
_java_thread_list=0x00000253243a8ed0, length=44, elements={
0x00000252bd387bd0, 0x00000252bf7787f0, 0x00000252bf77ac30, 0x00000252bf77e580,
0x000002531da39320, 0x000002531da3f3c0, 0x000002531da48650, 0x000002531da50900,
0x000002531da52310, 0x000002531da48ce0, 0x000002531da49370, 0x000002531da45ef0,
0x000002531da47930, 0x000002531da47fc0, 0x000002531da46580, 0x000002531da472a0,
0x0000025324a76b10, 0x0000025324a78be0, 0x0000025324a75760, 0x0000025324a771a0,
0x0000025324a77830, 0x0000025324a77ec0, 0x0000025324a79270, 0x0000025324a78550,
0x0000025324a79900, 0x0000025324a76480, 0x0000025324a7cd80, 0x0000025324a79f90,
0x0000025324a7a620, 0x0000025324a7c060, 0x0000025324a7b340, 0x0000025324a7acb0,
0x0000025324a7b9d0, 0x0000025324a7c6f0, 0x000002532590d350, 0x000002532590e700,
0x000002532590ed90, 0x000002532590f420, 0x00000253259107d0, 0x000002532590fab0,
0x0000025325910140, 0x0000025325910e60, 0x000002532590d9e0, 0x0000025327052010
}

Java Threads: ( => current thread )
  0x00000252bd387bd0 JavaThread "main"                              [_thread_blocked, id=15044, stack(0x000000bf02500000,0x000000bf02600000) (1024K)]
  0x00000252bf7787f0 JavaThread "Reference Handler"          daemon [_thread_blocked, id=9608, stack(0x000000bf02900000,0x000000bf02a00000) (1024K)]
  0x00000252bf77ac30 JavaThread "Finalizer"                  daemon [_thread_blocked, id=20036, stack(0x000000bf02a00000,0x000000bf02b00000) (1024K)]
  0x00000252bf77e580 JavaThread "Signal Dispatcher"          daemon [_thread_blocked, id=22424, stack(0x000000bf02b00000,0x000000bf02c00000) (1024K)]
  0x000002531da39320 JavaThread "Attach Listener"            daemon [_thread_blocked, id=15928, stack(0x000000bf02c00000,0x000000bf02d00000) (1024K)]
  0x000002531da3f3c0 JavaThread "Service Thread"             daemon [_thread_blocked, id=13156, stack(0x000000bf02d00000,0x000000bf02e00000) (1024K)]
  0x000002531da48650 JavaThread "Monitor Deflation Thread"   daemon [_thread_blocked, id=19672, stack(0x000000bf02e00000,0x000000bf02f00000) (1024K)]
  0x000002531da50900 JavaThread "C2 CompilerThread0"         daemon [_thread_blocked, id=2424, stack(0x000000bf02f00000,0x000000bf03000000) (1024K)]
  0x000002531da52310 JavaThread "C1 CompilerThread0"         daemon [_thread_blocked, id=6064, stack(0x000000bf03000000,0x000000bf03100000) (1024K)]
  0x000002531da48ce0 JavaThread "Common-Cleaner"             daemon [_thread_blocked, id=6040, stack(0x000000bf03100000,0x000000bf03200000) (1024K)]
  0x000002531da49370 JavaThread "Notification Thread"        daemon [_thread_blocked, id=12260, stack(0x000000bf03700000,0x000000bf03800000) (1024K)]
  0x000002531da45ef0 JavaThread "Active Thread: Equinox Container: 3f847b00-a302-48a1-b84a-718e9c402e05"        [_thread_blocked, id=8684, stack(0x000000bf04000000,0x000000bf04100000) (1024K)]
  0x000002531da47930 JavaThread "Framework Event Dispatcher: Equinox Container: 3f847b00-a302-48a1-b84a-718e9c402e05" daemon [_thread_blocked, id=13764, stack(0x000000bf04200000,0x000000bf04300000) (1024K)]
  0x000002531da47fc0 JavaThread "Start Level: Equinox Container: 3f847b00-a302-48a1-b84a-718e9c402e05" daemon [_thread_blocked, id=16028, stack(0x000000bf04300000,0x000000bf04400000) (1024K)]
  0x000002531da46580 JavaThread "SCR Component Actor"        daemon [_thread_blocked, id=1264, stack(0x000000bf04400000,0x000000bf04500000) (1024K)]
  0x000002531da472a0 JavaThread "Worker-JM"                         [_thread_blocked, id=18748, stack(0x000000bf04500000,0x000000bf04600000) (1024K)]
  0x0000025324a76b10 JavaThread "JNA Cleaner"                daemon [_thread_blocked, id=5856, stack(0x000000bf04800000,0x000000bf04900000) (1024K)]
  0x0000025324a78be0 JavaThread "Worker-0"                          [_thread_blocked, id=4380, stack(0x000000bf04900000,0x000000bf04a00000) (1024K)]
  0x0000025324a75760 JavaThread "Thread-1"                   daemon [_thread_in_native, id=20164, stack(0x000000bf05300000,0x000000bf05400000) (1024K)]
  0x0000025324a771a0 JavaThread "Thread-2"                   daemon [_thread_in_native, id=9616, stack(0x000000bf05400000,0x000000bf05500000) (1024K)]
  0x0000025324a77830 JavaThread "Thread-3"                   daemon [_thread_in_native, id=18536, stack(0x000000bf05500000,0x000000bf05600000) (1024K)]
  0x0000025324a77ec0 JavaThread "Thread-4"                   daemon [_thread_in_native, id=18884, stack(0x000000bf05600000,0x000000bf05700000) (1024K)]
  0x0000025324a79270 JavaThread "Thread-5"                   daemon [_thread_in_native, id=9720, stack(0x000000bf05700000,0x000000bf05800000) (1024K)]
  0x0000025324a78550 JavaThread "Thread-6"                   daemon [_thread_in_native, id=11508, stack(0x000000bf05800000,0x000000bf05900000) (1024K)]
  0x0000025324a79900 JavaThread "Thread-7"                   daemon [_thread_in_native, id=10792, stack(0x000000bf05900000,0x000000bf05a00000) (1024K)]
  0x0000025324a76480 JavaThread "Thread-8"                   daemon [_thread_in_native, id=13896, stack(0x000000bf05a00000,0x000000bf05b00000) (1024K)]
  0x0000025324a7cd80 JavaThread "Thread-9"                   daemon [_thread_in_native, id=16952, stack(0x000000bf05b00000,0x000000bf05c00000) (1024K)]
  0x0000025324a79f90 JavaThread "Thread-10"                  daemon [_thread_in_native, id=13364, stack(0x000000bf05c00000,0x000000bf05d00000) (1024K)]
  0x0000025324a7a620 JavaThread "Thread-11"                  daemon [_thread_in_native, id=17068, stack(0x000000bf05d00000,0x000000bf05e00000) (1024K)]
  0x0000025324a7c060 JavaThread "Thread-12"                  daemon [_thread_in_native, id=20856, stack(0x000000bf05e00000,0x000000bf05f00000) (1024K)]
  0x0000025324a7b340 JavaThread "Thread-13"                  daemon [_thread_in_native, id=21628, stack(0x000000bf05f00000,0x000000bf06000000) (1024K)]
  0x0000025324a7acb0 JavaThread "Thread-14"                  daemon [_thread_in_native, id=8132, stack(0x000000bf06000000,0x000000bf06100000) (1024K)]
  0x0000025324a7b9d0 JavaThread "Thread-15"                  daemon [_thread_in_native, id=7908, stack(0x000000bf06100000,0x000000bf06200000) (1024K)]
  0x0000025324a7c6f0 JavaThread "Thread-16"                  daemon [_thread_in_native, id=6620, stack(0x000000bf06200000,0x000000bf06300000) (1024K)]
  0x000002532590d350 JavaThread "Thread-17"                  daemon [_thread_in_native, id=16260, stack(0x000000bf06300000,0x000000bf06400000) (1024K)]
  0x000002532590e700 JavaThread "Thread-18"                  daemon [_thread_in_native, id=8560, stack(0x000000bf06400000,0x000000bf06500000) (1024K)]
  0x000002532590ed90 JavaThread "Thread-19"                  daemon [_thread_in_native, id=1512, stack(0x000000bf06500000,0x000000bf06600000) (1024K)]
  0x000002532590f420 JavaThread "Thread-20"                  daemon [_thread_in_native, id=17480, stack(0x000000bf06600000,0x000000bf06700000) (1024K)]
  0x00000253259107d0 JavaThread "Thread-21"                  daemon [_thread_in_native, id=7508, stack(0x000000bf06700000,0x000000bf06800000) (1024K)]
  0x000002532590fab0 JavaThread "pool-2-thread-1"                   [_thread_blocked, id=17928, stack(0x000000bf06800000,0x000000bf06900000) (1024K)]
  0x0000025325910140 JavaThread "Worker-2"                          [_thread_blocked, id=10720, stack(0x000000bf06900000,0x000000bf06a00000) (1024K)]
  0x0000025325910e60 JavaThread "WorkspaceEventsHandler"            [_thread_blocked, id=22112, stack(0x000000bf06a00000,0x000000bf06b00000) (1024K)]
  0x000002532590d9e0 JavaThread "pool-1-thread-1"                   [_thread_blocked, id=5048, stack(0x000000bf06b00000,0x000000bf06c00000) (1024K)]
=>0x0000025327052010 JavaThread "C2 CompilerThread1"         daemon [_thread_in_native, id=4004, stack(0x000000bf02300000,0x000000bf02400000) (1024K)]
Total: 44

Other Threads:
  0x00000252bf762640 VMThread "VM Thread"                           [id=13736, stack(0x000000bf02800000,0x000000bf02900000) (1024K)]
  0x00000252bf65ca00 WatcherThread "VM Periodic Task Thread"        [id=15092, stack(0x000000bf02700000,0x000000bf02800000) (1024K)]
  0x00000252bf7e2260 WorkerThread "GC Thread#0"                     [id=5044, stack(0x000000bf02600000,0x000000bf02700000) (1024K)]
  0x00000253241a4be0 WorkerThread "GC Thread#1"                     [id=19960, stack(0x000000bf03900000,0x000000bf03a00000) (1024K)]
  0x000002531fd086c0 WorkerThread "GC Thread#2"                     [id=20932, stack(0x000000bf03a00000,0x000000bf03b00000) (1024K)]
  0x000002531fd08a60 WorkerThread "GC Thread#3"                     [id=15452, stack(0x000000bf03b00000,0x000000bf03c00000) (1024K)]
  0x000002531fc8e2a0 WorkerThread "GC Thread#4"                     [id=16176, stack(0x000000bf03c00000,0x000000bf03d00000) (1024K)]
  0x000002531fc8e640 WorkerThread "GC Thread#5"                     [id=20644, stack(0x000000bf03d00000,0x000000bf03e00000) (1024K)]
  0x000002531fc8e9e0 WorkerThread "GC Thread#6"                     [id=18076, stack(0x000000bf03e00000,0x000000bf03f00000) (1024K)]
  0x000002532444d900 WorkerThread "GC Thread#7"                     [id=3532, stack(0x000000bf04100000,0x000000bf04200000) (1024K)]
  0x0000025324224030 WorkerThread "GC Thread#8"                     [id=17060, stack(0x000000bf04600000,0x000000bf04700000) (1024K)]
  0x0000025324224b10 WorkerThread "GC Thread#9"                     [id=12232, stack(0x000000bf04700000,0x000000bf04800000) (1024K)]
  0x00000253242255f0 WorkerThread "GC Thread#10"                    [id=10292, stack(0x000000bf04b00000,0x000000bf04c00000) (1024K)]
  0x0000025324224eb0 WorkerThread "GC Thread#11"                    [id=21552, stack(0x000000bf04c00000,0x000000bf04d00000) (1024K)]
  0x0000025324225990 WorkerThread "GC Thread#12"                    [id=8380, stack(0x000000bf04d00000,0x000000bf04e00000) (1024K)]
  0x0000025324225250 WorkerThread "GC Thread#13"                    [id=11720, stack(0x000000bf04e00000,0x000000bf04f00000) (1024K)]
  0x0000025324674620 WorkerThread "GC Thread#14"                    [id=20832, stack(0x000000bf04f00000,0x000000bf05000000) (1024K)]
Total: 17

Threads with active compile tasks:
C2 CompilerThread1   307477 7373       4       java.util.HashMap::putVal (300 bytes)
Total: 1

VM state: not at safepoint (normal execution)

VM Mutex/Monitor currently owned by a thread: None

Heap address: 0x0000000080000000, size: 2048 MB, Compressed Oops mode: 32-bit

CDS archive(s) mapped at: [0x00000252dc000000-0x00000252dcc90000-0x00000252dcc90000), size 13172736, SharedBaseAddress: 0x00000252dc000000, ArchiveRelocationMode: 1.
Compressed class space mapped at: 0x00000252dd000000-0x000002531d000000, reserved size: 1073741824
Narrow klass base: 0x00000252dc000000, Narrow klass shift: 0, Narrow klass range: 0x100000000

GC Precious Log:
 CardTable entry size: 512
 CPUs: 20 total, 20 available
 Memory: 16147M
 Large Page Support: Disabled
 NUMA Support: Disabled
 Compressed Oops: Enabled (32-bit)
 Alignments: Space 512K, Generation 512K, Heap 2M
 Heap Min Capacity: 100M
 Heap Initial Capacity: 100M
 Heap Max Capacity: 2G
 Pre-touch: Disabled
 Parallel Workers: 15

Heap:
 PSYoungGen      total 21504K, used 5438K [0x00000000d5580000, 0x00000000d6d00000, 0x0000000100000000)
  eden space 19968K, 21% used [0x00000000d5580000,0x00000000d5998df0,0x00000000d6900000)
  from space 1536K, 80% used [0x00000000d6b80000,0x00000000d6cb6a58,0x00000000d6d00000)
  to   space 1536K, 0% used [0x00000000d6a00000,0x00000000d6a00000,0x00000000d6b80000)
 ParOldGen       total 68608K, used 34445K [0x0000000080000000, 0x0000000084300000, 0x00000000d5580000)
  object space 68608K, 50% used [0x0000000080000000,0x00000000821a34b8,0x0000000084300000)
 Metaspace       used 43443K, committed 44480K, reserved 1114112K
  class space    used 4122K, committed 4608K, reserved 1048576K

Card table byte_map: [0x00000252bf170000,0x00000252bf580000] _byte_map_base: 0x00000252bed70000

Marking Bits: (ParMarkBitMap*) 0x00007ffd4a41d4a0
 Begin Bits: [0x00000252d6ec0000, 0x00000252d8ec0000)
 End Bits:   [0x00000252d8ec0000, 0x00000252daec0000)

Polling page: 0x00000252bd960000

Metaspace:

Usage:
  Non-class:     38.40 MB used.
      Class:      4.03 MB used.
       Both:     42.43 MB used.

Virtual space:
  Non-class space:       64.00 MB reserved,      38.94 MB ( 61%) committed,  1 nodes.
      Class space:        1.00 GB reserved,       4.50 MB ( <1%) committed,  1 nodes.
             Both:        1.06 GB reserved,      43.44 MB (  4%) committed. 

Chunk freelists:
   Non-Class:  8.80 MB
       Class:  11.43 MB
        Both:  20.23 MB

MaxMetaspaceSize: unlimited
CompressedClassSpaceSize: 1.00 GB
Initial GC threshold: 21.00 MB
Current GC threshold: 58.38 MB
CDS: on
 - commit_granule_bytes: 65536.
 - commit_granule_words: 8192.
 - virtual_space_node_default_size: 8388608.
 - enlarge_chunks_in_place: 1.
 - use_allocation_guard: 0.


Internal statistics:

num_allocs_failed_limit: 6.
num_arena_births: 818.
num_arena_deaths: 14.
num_vsnodes_births: 2.
num_vsnodes_deaths: 0.
num_space_committed: 695.
num_space_uncommitted: 0.
num_chunks_returned_to_freelist: 20.
num_chunks_taken_from_freelist: 2655.
num_chunk_merges: 11.
num_chunk_splits: 1687.
num_chunks_enlarged: 1049.
num_inconsistent_stats: 0.

CodeHeap 'non-profiled nmethods': size=119168Kb used=4347Kb max_used=4347Kb free=114820Kb
 bounds [0x00000252cf7b0000, 0x00000252cfbf0000, 0x00000252d6c10000]
CodeHeap 'profiled nmethods': size=119104Kb used=17022Kb max_used=17022Kb free=102082Kb
 bounds [0x00000252c7c10000, 0x00000252c8cb0000, 0x00000252cf060000]
CodeHeap 'non-nmethods': size=7488Kb used=1399Kb max_used=3163Kb free=6088Kb
 bounds [0x00000252cf060000, 0x00000252cf390000, 0x00000252cf7b0000]
 total_blobs=7673 nmethods=6969 adapters=609
 compilation: enabled
              stopped_count=0, restarted_count=0
 full_count=0

Compilation events (20 events):
Event: 301.348 Thread 0x000002531da52310 7362       3       java.util.HashMap::putVal (300 bytes)
Event: 301.349 Thread 0x000002531da50900 7366       4       java.util.HashMap::putIfAbsent (13 bytes)
Event: 301.350 Thread 0x000002531da52310 nmethod 7362 0x00000252c8ca9510 code [0x00000252c8ca97c0, 0x00000252c8caa950]
Event: 301.350 Thread 0x000002531da52310 7364       3       org.eclipse.core.internal.dtree.AbstractDataTreeNode::storeStrings (42 bytes)
Event: 301.350 Thread 0x000002531da52310 nmethod 7364 0x00000252c8caae10 code [0x00000252c8caafe0, 0x00000252c8cab380]
Event: 301.350 Thread 0x000002531da52310 7363       3       org.eclipse.core.internal.utils.StringPool::add (50 bytes)
Event: 301.351 Thread 0x000002531da52310 nmethod 7363 0x00000252c8cab510 code [0x00000252c8cab700, 0x00000252c8cabbf0]
Event: 301.351 Thread 0x000002531da52310 7370       3       org.eclipse.core.internal.resources.MarkerAttributeMap::shareStrings (92 bytes)
Event: 301.352 Thread 0x000002531da52310 nmethod 7370 0x00000252c8cabd90 code [0x00000252c8cac020, 0x00000252c8cacf08]
Event: 301.352 Thread 0x000002531da52310 7365       3       java.util.HashMap$Node::setValue (12 bytes)
Event: 301.352 Thread 0x000002531da52310 nmethod 7365 0x00000252c8cad210 code [0x00000252c8cad3a0, 0x00000252c8cad4c8]
Event: 301.352 Thread 0x000002531da52310 7371       3       org.eclipse.core.internal.resources.MarkerInfo::shareStrings (21 bytes)
Event: 301.352 Thread 0x000002531da52310 nmethod 7371 0x00000252c8cad590 code [0x00000252c8cad760, 0x00000252c8cad940]
Event: 301.352 Thread 0x000002531da52310 7369       3       org.eclipse.core.internal.resources.ResourceInfo::shareStrings (43 bytes)
Event: 301.352 Thread 0x000002531da52310 nmethod 7369 0x00000252c8cada90 code [0x00000252c8cadc60, 0x00000252c8cadf40]
Event: 301.352 Thread 0x000002531da52310 7367       3       org.eclipse.core.internal.dtree.DataTreeNode::storeStrings (28 bytes)
Event: 301.353 Thread 0x000002531da52310 nmethod 7367 0x00000252c8cae090 code [0x00000252c8cae260, 0x00000252c8cae6f8]
Event: 301.356 Thread 0x000002531da52310 7375       3       java.lang.invoke.VarHandleReferences$FieldInstanceReadWrite::compareAndSet (48 bytes)
Event: 301.357 Thread 0x000002531da52310 nmethod 7375 0x00000252c8cae810 code [0x00000252c8caea80, 0x00000252c8caf470]
Event: 301.362 Thread 0x0000025327052010 7373       4       java.util.HashMap::putVal (300 bytes)

GC Heap History (20 events):
Event: 2.637 GC heap before
{Heap before GC invocations=17 (full 1):
 PSYoungGen      total 24576K, used 24320K [0x00000000d5580000, 0x00000000d7000000, 0x0000000100000000)
  eden space 22016K, 100% used [0x00000000d5580000,0x00000000d6b00000,0x00000000d6b00000)
  from space 2560K, 90% used [0x00000000d6b00000,0x00000000d6d40010,0x00000000d6d80000)
  to   space 2560K, 0% used [0x00000000d6d80000,0x00000000d6d80000,0x00000000d7000000)
 ParOldGen       total 68608K, used 24579K [0x0000000080000000, 0x0000000084300000, 0x00000000d5580000)
  object space 68608K, 35% used [0x0000000080000000,0x0000000081800e00,0x0000000084300000)
 Metaspace       used 32737K, committed 33728K, reserved 1114112K
  class space    used 3190K, committed 3648K, reserved 1048576K
}
Event: 2.639 GC heap after
{Heap after GC invocations=17 (full 1):
 PSYoungGen      total 24576K, used 1952K [0x00000000d5580000, 0x00000000d7000000, 0x0000000100000000)
  eden space 22016K, 0% used [0x00000000d5580000,0x00000000d5580000,0x00000000d6b00000)
  from space 2560K, 76% used [0x00000000d6d80000,0x00000000d6f68000,0x00000000d7000000)
  to   space 2560K, 0% used [0x00000000d6b00000,0x00000000d6b00000,0x00000000d6d80000)
 ParOldGen       total 68608K, used 26699K [0x0000000080000000, 0x0000000084300000, 0x00000000d5580000)
  object space 68608K, 38% used [0x0000000080000000,0x0000000081a12e10,0x0000000084300000)
 Metaspace       used 32737K, committed 33728K, reserved 1114112K
  class space    used 3190K, committed 3648K, reserved 1048576K
}
Event: 2.865 GC heap before
{Heap before GC invocations=18 (full 1):
 PSYoungGen      total 24576K, used 18108K [0x00000000d5580000, 0x00000000d7000000, 0x0000000100000000)
  eden space 22016K, 73% used [0x00000000d5580000,0x00000000d65472d0,0x00000000d6b00000)
  from space 2560K, 76% used [0x00000000d6d80000,0x00000000d6f68000,0x00000000d7000000)
  to   space 2560K, 0% used [0x00000000d6b00000,0x00000000d6b00000,0x00000000d6d80000)
 ParOldGen       total 68608K, used 26699K [0x0000000080000000, 0x0000000084300000, 0x00000000d5580000)
  object space 68608K, 38% used [0x0000000080000000,0x0000000081a12e10,0x0000000084300000)
 Metaspace       used 34946K, committed 35840K, reserved 1114112K
  class space    used 3423K, committed 3840K, reserved 1048576K
}
Event: 2.866 GC heap after
{Heap after GC invocations=18 (full 1):
 PSYoungGen      total 23552K, used 1156K [0x00000000d5580000, 0x00000000d6e00000, 0x0000000100000000)
  eden space 22016K, 0% used [0x00000000d5580000,0x00000000d5580000,0x00000000d6b00000)
  from space 1536K, 75% used [0x00000000d6b00000,0x00000000d6c21268,0x00000000d6c80000)
  to   space 1536K, 0% used [0x00000000d6c80000,0x00000000d6c80000,0x00000000d6e00000)
 ParOldGen       total 68608K, used 28496K [0x0000000080000000, 0x0000000084300000, 0x00000000d5580000)
  object space 68608K, 41% used [0x0000000080000000,0x0000000081bd4368,0x0000000084300000)
 Metaspace       used 34946K, committed 35840K, reserved 1114112K
  class space    used 3423K, committed 3840K, reserved 1048576K
}
Event: 2.866 GC heap before
{Heap before GC invocations=19 (full 2):
 PSYoungGen      total 23552K, used 1156K [0x00000000d5580000, 0x00000000d6e00000, 0x0000000100000000)
  eden space 22016K, 0% used [0x00000000d5580000,0x00000000d5580000,0x00000000d6b00000)
  from space 1536K, 75% used [0x00000000d6b00000,0x00000000d6c21268,0x00000000d6c80000)
  to   space 1536K, 0% used [0x00000000d6c80000,0x00000000d6c80000,0x00000000d6e00000)
 ParOldGen       total 68608K, used 28496K [0x0000000080000000, 0x0000000084300000, 0x00000000d5580000)
  object space 68608K, 41% used [0x0000000080000000,0x0000000081bd4368,0x0000000084300000)
 Metaspace       used 34946K, committed 35840K, reserved 1114112K
  class space    used 3423K, committed 3840K, reserved 1048576K
}
Event: 2.889 GC heap after
{Heap after GC invocations=19 (full 2):
 PSYoungGen      total 23552K, used 0K [0x00000000d5580000, 0x00000000d6e00000, 0x0000000100000000)
  eden space 22016K, 0% used [0x00000000d5580000,0x00000000d5580000,0x00000000d6b00000)
  from space 1536K, 0% used [0x00000000d6b00000,0x00000000d6b00000,0x00000000d6c80000)
  to   space 1536K, 0% used [0x00000000d6c80000,0x00000000d6c80000,0x00000000d6e00000)
 ParOldGen       total 68608K, used 28128K [0x0000000080000000, 0x0000000084300000, 0x00000000d5580000)
  object space 68608K, 40% used [0x0000000080000000,0x0000000081b78230,0x0000000084300000)
 Metaspace       used 34946K, committed 35840K, reserved 1114112K
  class space    used 3423K, committed 3840K, reserved 1048576K
}
Event: 3.103 GC heap before
{Heap before GC invocations=20 (full 2):
 PSYoungGen      total 23552K, used 22016K [0x00000000d5580000, 0x00000000d6e00000, 0x0000000100000000)
  eden space 22016K, 100% used [0x00000000d5580000,0x00000000d6b00000,0x00000000d6b00000)
  from space 1536K, 0% used [0x00000000d6b00000,0x00000000d6b00000,0x00000000d6c80000)
  to   space 1536K, 0% used [0x00000000d6c80000,0x00000000d6c80000,0x00000000d6e00000)
 ParOldGen       total 68608K, used 28128K [0x0000000080000000, 0x0000000084300000, 0x00000000d5580000)
  object space 68608K, 40% used [0x0000000080000000,0x0000000081b78230,0x0000000084300000)
 Metaspace       used 35887K, committed 36800K, reserved 1114112K
  class space    used 3542K, committed 3968K, reserved 1048576K
}
Event: 3.104 GC heap after
{Heap after GC invocations=20 (full 2):
 PSYoungGen      total 22528K, used 512K [0x00000000d5580000, 0x00000000d6d00000, 0x0000000100000000)
  eden space 22016K, 0% used [0x00000000d5580000,0x00000000d5580000,0x00000000d6b00000)
  from space 512K, 100% used [0x00000000d6c80000,0x00000000d6d00000,0x00000000d6d00000)
  to   space 1024K, 0% used [0x00000000d6b00000,0x00000000d6b00000,0x00000000d6c00000)
 ParOldGen       total 68608K, used 28136K [0x0000000080000000, 0x0000000084300000, 0x00000000d5580000)
  object space 68608K, 41% used [0x0000000080000000,0x0000000081b7a230,0x0000000084300000)
 Metaspace       used 35887K, committed 36800K, reserved 1114112K
  class space    used 3542K, committed 3968K, reserved 1048576K
}
Event: 3.290 GC heap before
{Heap before GC invocations=21 (full 2):
 PSYoungGen      total 22528K, used 22528K [0x00000000d5580000, 0x00000000d6d00000, 0x0000000100000000)
  eden space 22016K, 100% used [0x00000000d5580000,0x00000000d6b00000,0x00000000d6b00000)
  from space 512K, 100% used [0x00000000d6c80000,0x00000000d6d00000,0x00000000d6d00000)
  to   space 1024K, 0% used [0x00000000d6b00000,0x00000000d6b00000,0x00000000d6c00000)
 ParOldGen       total 68608K, used 28136K [0x0000000080000000, 0x0000000084300000, 0x00000000d5580000)
  object space 68608K, 41% used [0x0000000080000000,0x0000000081b7a230,0x0000000084300000)
 Metaspace       used 37233K, committed 38144K, reserved 1114112K
  class space    used 3658K, committed 4096K, reserved 1048576K
}
Event: 3.291 GC heap after
{Heap after GC invocations=21 (full 2):
 PSYoungGen      total 23040K, used 1017K [0x00000000d5580000, 0x00000000d6f00000, 0x0000000100000000)
  eden space 22016K, 0% used [0x00000000d5580000,0x00000000d5580000,0x00000000d6b00000)
  from space 1024K, 99% used [0x00000000d6b00000,0x00000000d6bfe470,0x00000000d6c00000)
  to   space 2048K, 0% used [0x00000000d6d00000,0x00000000d6d00000,0x00000000d6f00000)
 ParOldGen       total 68608K, used 28643K [0x0000000080000000, 0x0000000084300000, 0x00000000d5580000)
  object space 68608K, 41% used [0x0000000080000000,0x0000000081bf8fc0,0x0000000084300000)
 Metaspace       used 37233K, committed 38144K, reserved 1114112K
  class space    used 3658K, committed 4096K, reserved 1048576K
}
Event: 3.327 GC heap before
{Heap before GC invocations=22 (full 2):
 PSYoungGen      total 23040K, used 23033K [0x00000000d5580000, 0x00000000d6f00000, 0x0000000100000000)
  eden space 22016K, 100% used [0x00000000d5580000,0x00000000d6b00000,0x00000000d6b00000)
  from space 1024K, 99% used [0x00000000d6b00000,0x00000000d6bfe470,0x00000000d6c00000)
  to   space 2048K, 0% used [0x00000000d6d00000,0x00000000d6d00000,0x00000000d6f00000)
 ParOldGen       total 68608K, used 28643K [0x0000000080000000, 0x0000000084300000, 0x00000000d5580000)
  object space 68608K, 41% used [0x0000000080000000,0x0000000081bf8fc0,0x0000000084300000)
 Metaspace       used 37248K, committed 38208K, reserved 1114112K
  class space    used 3658K, committed 4096K, reserved 1048576K
}
Event: 3.328 GC heap after
{Heap after GC invocations=22 (full 2):
 PSYoungGen      total 24064K, used 1697K [0x00000000d5580000, 0x00000000d6f00000, 0x0000000100000000)
  eden space 22016K, 0% used [0x00000000d5580000,0x00000000d5580000,0x00000000d6b00000)
  from space 2048K, 82% used [0x00000000d6d00000,0x00000000d6ea8520,0x00000000d6f00000)
  to   space 2048K, 0% used [0x00000000d6b00000,0x00000000d6b00000,0x00000000d6d00000)
 ParOldGen       total 68608K, used 29600K [0x0000000080000000, 0x0000000084300000, 0x00000000d5580000)
  object space 68608K, 43% used [0x0000000080000000,0x0000000081ce8228,0x0000000084300000)
 Metaspace       used 37248K, committed 38208K, reserved 1114112K
  class space    used 3658K, committed 4096K, reserved 1048576K
}
Event: 4.083 GC heap before
{Heap before GC invocations=23 (full 2):
 PSYoungGen      total 24064K, used 23713K [0x00000000d5580000, 0x00000000d6f00000, 0x0000000100000000)
  eden space 22016K, 100% used [0x00000000d5580000,0x00000000d6b00000,0x00000000d6b00000)
  from space 2048K, 82% used [0x00000000d6d00000,0x00000000d6ea8520,0x00000000d6f00000)
  to   space 2048K, 0% used [0x00000000d6b00000,0x00000000d6b00000,0x00000000d6d00000)
 ParOldGen       total 68608K, used 29600K [0x0000000080000000, 0x0000000084300000, 0x00000000d5580000)
  object space 68608K, 43% used [0x0000000080000000,0x0000000081ce8228,0x0000000084300000)
 Metaspace       used 39409K, committed 40384K, reserved 1114112K
  class space    used 3840K, committed 4288K, reserved 1048576K
}
Event: 4.084 GC heap after
{Heap after GC invocations=23 (full 2):
 PSYoungGen      total 23040K, used 983K [0x00000000d5580000, 0x00000000d6e00000, 0x0000000100000000)
  eden space 22016K, 0% used [0x00000000d5580000,0x00000000d5580000,0x00000000d6b00000)
  from space 1024K, 96% used [0x00000000d6b00000,0x00000000d6bf5cd0,0x00000000d6c00000)
  to   space 1536K, 0% used [0x00000000d6c80000,0x00000000d6c80000,0x00000000d6e00000)
 ParOldGen       total 68608K, used 29912K [0x0000000080000000, 0x0000000084300000, 0x00000000d5580000)
  object space 68608K, 43% used [0x0000000080000000,0x0000000081d36228,0x0000000084300000)
 Metaspace       used 39409K, committed 40384K, reserved 1114112K
  class space    used 3840K, committed 4288K, reserved 1048576K
}
Event: 5.027 GC heap before
{Heap before GC invocations=24 (full 2):
 PSYoungGen      total 23040K, used 22999K [0x00000000d5580000, 0x00000000d6e00000, 0x0000000100000000)
  eden space 22016K, 100% used [0x00000000d5580000,0x00000000d6b00000,0x00000000d6b00000)
  from space 1024K, 96% used [0x00000000d6b00000,0x00000000d6bf5cd0,0x00000000d6c00000)
  to   space 1536K, 0% used [0x00000000d6c80000,0x00000000d6c80000,0x00000000d6e00000)
 ParOldGen       total 68608K, used 29912K [0x0000000080000000, 0x0000000084300000, 0x00000000d5580000)
  object space 68608K, 43% used [0x0000000080000000,0x0000000081d36228,0x0000000084300000)
 Metaspace       used 41561K, committed 42560K, reserved 1114112K
  class space    used 4033K, committed 4480K, reserved 1048576K
}
Event: 5.029 GC heap after
{Heap after GC invocations=24 (full 2):
 PSYoungGen      total 21504K, used 1507K [0x00000000d5580000, 0x00000000d7200000, 0x0000000100000000)
  eden space 19968K, 0% used [0x00000000d5580000,0x00000000d5580000,0x00000000d6900000)
  from space 1536K, 98% used [0x00000000d6c80000,0x00000000d6df8d30,0x00000000d6e00000)
  to   space 3584K, 0% used [0x00000000d6900000,0x00000000d6900000,0x00000000d6c80000)
 ParOldGen       total 68608K, used 31523K [0x0000000080000000, 0x0000000084300000, 0x00000000d5580000)
  object space 68608K, 45% used [0x0000000080000000,0x0000000081ec8f88,0x0000000084300000)
 Metaspace       used 41561K, committed 42560K, reserved 1114112K
  class space    used 4033K, committed 4480K, reserved 1048576K
}
Event: 5.318 GC heap before
{Heap before GC invocations=25 (full 2):
 PSYoungGen      total 21504K, used 21475K [0x00000000d5580000, 0x00000000d7200000, 0x0000000100000000)
  eden space 19968K, 100% used [0x00000000d5580000,0x00000000d6900000,0x00000000d6900000)
  from space 1536K, 98% used [0x00000000d6c80000,0x00000000d6df8d30,0x00000000d6e00000)
  to   space 3584K, 0% used [0x00000000d6900000,0x00000000d6900000,0x00000000d6c80000)
 ParOldGen       total 68608K, used 31523K [0x0000000080000000, 0x0000000084300000, 0x00000000d5580000)
  object space 68608K, 45% used [0x0000000080000000,0x0000000081ec8f88,0x0000000084300000)
 Metaspace       used 42944K, committed 43968K, reserved 1114112K
  class space    used 4114K, committed 4544K, reserved 1048576K
}
Event: 5.319 GC heap after
{Heap after GC invocations=25 (full 2):
 PSYoungGen      total 22016K, used 1618K [0x00000000d5580000, 0x00000000d6e00000, 0x0000000100000000)
  eden space 19968K, 0% used [0x00000000d5580000,0x00000000d5580000,0x00000000d6900000)
  from space 2048K, 79% used [0x00000000d6900000,0x00000000d6a94838,0x00000000d6b00000)
  to   space 2560K, 0% used [0x00000000d6b80000,0x00000000d6b80000,0x00000000d6e00000)
 ParOldGen       total 68608K, used 33420K [0x0000000080000000, 0x0000000084300000, 0x00000000d5580000)
  object space 68608K, 48% used [0x0000000080000000,0x00000000820a3208,0x0000000084300000)
 Metaspace       used 42944K, committed 43968K, reserved 1114112K
  class space    used 4114K, committed 4544K, reserved 1048576K
}
Event: 5.508 GC heap before
{Heap before GC invocations=26 (full 2):
 PSYoungGen      total 22016K, used 21586K [0x00000000d5580000, 0x00000000d6e00000, 0x0000000100000000)
  eden space 19968K, 100% used [0x00000000d5580000,0x00000000d6900000,0x00000000d6900000)
  from space 2048K, 79% used [0x00000000d6900000,0x00000000d6a94838,0x00000000d6b00000)
  to   space 2560K, 0% used [0x00000000d6b80000,0x00000000d6b80000,0x00000000d6e00000)
 ParOldGen       total 68608K, used 33420K [0x0000000080000000, 0x0000000084300000, 0x00000000d5580000)
  object space 68608K, 48% used [0x0000000080000000,0x00000000820a3208,0x0000000084300000)
 Metaspace       used 43334K, committed 44224K, reserved 1114112K
  class space    used 4120K, committed 4544K, reserved 1048576K
}
Event: 5.510 GC heap after
{Heap after GC invocations=26 (full 2):
 PSYoungGen      total 21504K, used 1242K [0x00000000d5580000, 0x00000000d6d00000, 0x0000000100000000)
  eden space 19968K, 0% used [0x00000000d5580000,0x00000000d5580000,0x00000000d6900000)
  from space 1536K, 80% used [0x00000000d6b80000,0x00000000d6cb6a58,0x00000000d6d00000)
  to   space 1536K, 0% used [0x00000000d6a00000,0x00000000d6a00000,0x00000000d6b80000)
 ParOldGen       total 68608K, used 34445K [0x0000000080000000, 0x0000000084300000, 0x00000000d5580000)
  object space 68608K, 50% used [0x0000000080000000,0x00000000821a34b8,0x0000000084300000)
 Metaspace       used 43334K, committed 44224K, reserved 1114112K
  class space    used 4120K, committed 4544K, reserved 1048576K
}

Dll operation events (11 events):
Event: 0.008 Loaded shared library C:\jdk\jdk-21\bin\java.dll
Event: 0.031 Loaded shared library C:\jdk\jdk-21\bin\jsvml.dll
Event: 0.059 Loaded shared library C:\jdk\jdk-21\bin\zip.dll
Event: 0.061 Loaded shared library C:\jdk\jdk-21\bin\instrument.dll
Event: 0.063 Loaded shared library C:\jdk\jdk-21\bin\net.dll
Event: 0.064 Loaded shared library C:\jdk\jdk-21\bin\nio.dll
Event: 0.067 Loaded shared library C:\jdk\jdk-21\bin\zip.dll
Event: 0.080 Loaded shared library C:\jdk\jdk-21\bin\jimage.dll
Event: 0.130 Loaded shared library C:\jdk\jdk-21\bin\verify.dll
Event: 0.730 Loaded shared library C:\Users\Student\AppData\Roaming\Code\User\globalStorage\redhat.java\1.47.0\config_ss_win\org.eclipse.equinox.launcher\org.eclipse.equinox.launcher.win32.win32.x86_64_1.2.1400.v20250801-0854\eclipse_11916.dll
Event: 1.185 Loaded shared library C:\Users\Student\AppData\Local\Temp\jna--214492645\jna9006514797097148629.dll

Deoptimization events (20 events):
Event: 5.454 Thread 0x0000025324a78be0 Uncommon trap: trap_request=0xffffffde fr.pc=0x00000252cfb9a28c relative=0x0000000000000f8c
Event: 5.454 Thread 0x0000025324a78be0 Uncommon trap: reason=class_check action=maybe_recompile pc=0x00000252cfb9a28c method=org.eclipse.jdt.internal.compiler.parser.Parser.consumeRule(I)V @ 4416 c2
Event: 5.454 Thread 0x0000025324a78be0 DEOPT PACKING pc=0x00000252cfb9a28c sp=0x000000bf049fe880
Event: 5.454 Thread 0x0000025324a78be0 DEOPT UNPACKING pc=0x00000252cf0b3aa2 sp=0x000000bf049fe808 mode 2
Event: 5.458 Thread 0x0000025324a78be0 Uncommon trap: trap_request=0xffffffde fr.pc=0x00000252cfb9996c relative=0x000000000000066c
Event: 5.458 Thread 0x0000025324a78be0 Uncommon trap: reason=class_check action=maybe_recompile pc=0x00000252cfb9996c method=org.eclipse.jdt.internal.compiler.parser.Parser.consumeRule(I)V @ 5907 c2
Event: 5.458 Thread 0x0000025324a78be0 DEOPT PACKING pc=0x00000252cfb9996c sp=0x000000bf049fe910
Event: 5.458 Thread 0x0000025324a78be0 DEOPT UNPACKING pc=0x00000252cf0b3aa2 sp=0x000000bf049fe898 mode 2
Event: 5.466 Thread 0x0000025324a78be0 Uncommon trap: trap_request=0xffffffde fr.pc=0x00000252cfb9a28c relative=0x0000000000000f8c
Event: 5.466 Thread 0x0000025324a78be0 Uncommon trap: reason=class_check action=maybe_recompile pc=0x00000252cfb9a28c method=org.eclipse.jdt.internal.compiler.parser.Parser.consumeRule(I)V @ 4416 c2
Event: 5.466 Thread 0x0000025324a78be0 DEOPT PACKING pc=0x00000252cfb9a28c sp=0x000000bf049fe880
Event: 5.466 Thread 0x0000025324a78be0 DEOPT UNPACKING pc=0x00000252cf0b3aa2 sp=0x000000bf049fe808 mode 2
Event: 5.500 Thread 0x0000025324a78be0 Uncommon trap: trap_request=0xffffff45 fr.pc=0x00000252cfb746d8 relative=0x0000000000000558
Event: 5.500 Thread 0x0000025324a78be0 Uncommon trap: reason=unstable_if action=reinterpret pc=0x00000252cfb746d8 method=org.eclipse.jdt.internal.compiler.lookup.TypeSystem.getUnannotatedType(Lorg/eclipse/jdt/internal/compiler/lookup/TypeBinding;)Lorg/eclipse/jdt/internal/compiler/lookup/TypeB
Event: 5.500 Thread 0x0000025324a78be0 DEOPT PACKING pc=0x00000252cfb746d8 sp=0x000000bf049fd730
Event: 5.500 Thread 0x0000025324a78be0 DEOPT UNPACKING pc=0x00000252cf0b3aa2 sp=0x000000bf049fd6b8 mode 2
Event: 301.344 Thread 0x0000025324a78be0 Uncommon trap: trap_request=0xffffff45 fr.pc=0x00000252cfb42428 relative=0x00000000000005a8
Event: 301.345 Thread 0x0000025324a78be0 Uncommon trap: reason=unstable_if action=reinterpret pc=0x00000252cfb42428 method=java.util.HashMap.putVal(ILjava/lang/Object;Ljava/lang/Object;ZZ)Ljava/lang/Object; @ 236 c2
Event: 301.346 Thread 0x0000025324a78be0 DEOPT PACKING pc=0x00000252cfb42428 sp=0x000000bf049fee30
Event: 301.347 Thread 0x0000025324a78be0 DEOPT UNPACKING pc=0x00000252cf0b3aa2 sp=0x000000bf049feda8 mode 2

Classes loaded (20 events):
Event: 3.520 Loading class java/util/WeakHashMap$KeyIterator
Event: 3.520 Loading class java/util/WeakHashMap$KeyIterator done
Event: 3.570 Loading class java/util/stream/ReferencePipeline$4
Event: 3.570 Loading class java/util/stream/ReferencePipeline$4 done
Event: 3.571 Loading class java/util/stream/Nodes$IntFixedNodeBuilder
Event: 3.571 Loading class java/util/stream/Node$Builder$OfInt
Event: 3.571 Loading class java/util/stream/Node$Builder$OfInt done
Event: 3.571 Loading class java/util/stream/Nodes$IntArrayNode
Event: 3.571 Loading class java/util/stream/Nodes$IntArrayNode done
Event: 3.571 Loading class java/util/stream/Nodes$IntFixedNodeBuilder done
Event: 3.572 Loading class java/util/stream/ReferencePipeline$4$1
Event: 3.572 Loading class java/util/stream/ReferencePipeline$4$1 done
Event: 4.753 Loading class java/util/stream/ReduceOps$4
Event: 4.753 Loading class java/util/stream/ReduceOps$4 done
Event: 4.753 Loading class java/util/stream/ReduceOps$4ReducingSink
Event: 4.753 Loading class java/util/stream/ReduceOps$4ReducingSink done
Event: 4.875 Loading class java/util/regex/Pattern$Pos
Event: 4.876 Loading class java/util/regex/Pattern$Pos done
Event: 5.180 Loading class java/util/regex/PatternSyntaxException
Event: 5.180 Loading class java/util/regex/PatternSyntaxException done

Classes unloaded (7 events):
Event: 1.467 Thread 0x00000252bf762640 Unloading class 0x00000252dd18cc00 'java/lang/invoke/LambdaForm$MH+0x00000252dd18cc00'
Event: 1.467 Thread 0x00000252bf762640 Unloading class 0x00000252dd18c800 'java/lang/invoke/LambdaForm$MH+0x00000252dd18c800'
Event: 1.467 Thread 0x00000252bf762640 Unloading class 0x00000252dd18c400 'java/lang/invoke/LambdaForm$MH+0x00000252dd18c400'
Event: 1.467 Thread 0x00000252bf762640 Unloading class 0x00000252dd18c000 'java/lang/invoke/LambdaForm$MH+0x00000252dd18c000'
Event: 1.467 Thread 0x00000252bf762640 Unloading class 0x00000252dd18bc00 'java/lang/invoke/LambdaForm$BMH+0x00000252dd18bc00'
Event: 1.467 Thread 0x00000252bf762640 Unloading class 0x00000252dd18b800 'java/lang/invoke/LambdaForm$DMH+0x00000252dd18b800'
Event: 1.467 Thread 0x00000252bf762640 Unloading class 0x00000252dd18a800 'java/lang/invoke/LambdaForm$DMH+0x00000252dd18a800'

Classes redefined (0 events):
No events

Internal exceptions (20 events):
Event: 2.328 Thread 0x000002532590d9e0 Exception <a 'java/lang/NoSuchMethodError'{0x00000000d68758e8}: 'java.lang.Object java.lang.invoke.DirectMethodHandle$Holder.invokeStaticInit(java.lang.Object, java.lang.Object, java.lang.Object, java.lang.Object, java.lang.Object, java.lang.Object, java.lang.Object)'> (0x00000000d68758e8) 
thrown [s\open\src\hotspot\share\interpreter\linkResolver.cpp, line 773]
Event: 2.328 Thread 0x000002532590d9e0 Exception <a 'java/lang/NoSuchMethodError'{0x00000000d687a6b0}: 'java.lang.Object java.lang.invoke.Invokers$Holder.invoke_MT(java.lang.Object, java.lang.Object, java.lang.Object, java.lang.Object, java.lang.Object, java.lang.Object, java.lang.Object, java.lang.Object, java.lang.Object, java.lang.Object)'> (0x00000000d687a6b0) 
thrown [s\open\src\hotspot\share\interpreter\linkResolver.cpp, line 773]
Event: 2.332 Thread 0x000002532590d9e0 Exception <a 'java/lang/NoSuchMethodError'{0x00000000d68bac30}: 'int java.lang.invoke.DirectMethodHandle$Holder.invokeVirtual(java.lang.Object, java.lang.Object, java.lang.Object)'> (0x00000000d68bac30) 
thrown [s\open\src\hotspot\share\interpreter\linkResolver.cpp, line 773]
Event: 2.332 Thread 0x000002532590d9e0 Exception <a 'java/lang/NoSuchMethodError'{0x00000000d68bee88}: 'int java.lang.invoke.DirectMethodHandle$Holder.invokeStaticInit(java.lang.Object, int, int)'> (0x00000000d68bee88) 
thrown [s\open\src\hotspot\share\interpreter\linkResolver.cpp, line 773]
Event: 2.333 Thread 0x000002532590d9e0 Exception <a 'java/lang/NoSuchMethodError'{0x00000000d68c6750}: 'int java.lang.invoke.DirectMethodHandle$Holder.invokeStaticInit(java.lang.Object, long, long)'> (0x00000000d68c6750) 
thrown [s\open\src\hotspot\share\interpreter\linkResolver.cpp, line 773]
Event: 2.333 Thread 0x000002532590d9e0 Exception <a 'java/lang/NoSuchMethodError'{0x00000000d68cd318}: 'int java.lang.invoke.DirectMethodHandle$Holder.invokeStaticInit(java.lang.Object, float, float)'> (0x00000000d68cd318) 
thrown [s\open\src\hotspot\share\interpreter\linkResolver.cpp, line 773]
Event: 2.333 Thread 0x000002532590d9e0 Exception <a 'java/lang/NoSuchMethodError'{0x00000000d68d4148}: 'int java.lang.invoke.DirectMethodHandle$Holder.invokeStaticInit(java.lang.Object, double, double)'> (0x00000000d68d4148) 
thrown [s\open\src\hotspot\share\interpreter\linkResolver.cpp, line 773]
Event: 2.333 Thread 0x000002532590d9e0 Exception <a 'java/lang/NoSuchMethodError'{0x00000000d68d8760}: 'int java.lang.invoke.DirectMethodHandle$Holder.invokeStatic(java.lang.Object, long)'> (0x00000000d68d8760) 
thrown [s\open\src\hotspot\share\interpreter\linkResolver.cpp, line 773]
Event: 2.336 Thread 0x000002532590d9e0 Exception <a 'java/lang/NoSuchMethodError'{0x00000000d68f6e38}: 'int java.lang.invoke.Invokers$Holder.linkToTargetMethod(java.lang.Object, java.lang.Object)'> (0x00000000d68f6e38) 
thrown [s\open\src\hotspot\share\interpreter\linkResolver.cpp, line 773]
Event: 3.118 Thread 0x000002532590d9e0 Implicit null exception at 0x00000252cf7e6e9e to 0x00000252cf7e7a38
Event: 4.083 Thread 0x0000025324a75df0 Exception <a 'java/lang/NoSuchMethodError'{0x00000000d6af9c38}: 'java.lang.Object java.lang.invoke.DirectMethodHandle$Holder.invokeSpecial(java.lang.Object, java.lang.Object, int, long)'> (0x00000000d6af9c38) 
thrown [s\open\src\hotspot\share\interpreter\linkResolver.cpp, line 773]
Event: 4.755 Thread 0x0000025324a78be0 Exception <a 'java/lang/NoSuchMethodError'{0x00000000d5a11358}: 'int java.lang.invoke.DirectMethodHandle$Holder.invokeSpecialIFC(java.lang.Object, java.lang.Object, java.lang.Object)'> (0x00000000d5a11358) 
thrown [s\open\src\hotspot\share\interpreter\linkResolver.cpp, line 773]
Event: 4.776 Thread 0x0000025324a78be0 Exception <a 'java/io/FileNotFoundException'{0x00000000d5b4edc0}> (0x00000000d5b4edc0) 
thrown [s\open\src\hotspot\share\prims\jni.cpp, line 520]
Event: 4.776 Thread 0x0000025324a78be0 Exception <a 'java/io/FileNotFoundException'{0x00000000d5b50300}> (0x00000000d5b50300) 
thrown [s\open\src\hotspot\share\prims\jni.cpp, line 520]
Event: 4.777 Thread 0x0000025324a78be0 Implicit null exception at 0x00000252cfac16cf to 0x00000252cfac1828
Event: 4.996 Thread 0x0000025324a78be0 Exception <a 'java/lang/NoSuchMethodError'{0x00000000d68c54e8}: 'int java.lang.invoke.DirectMethodHandle$Holder.invokeSpecial(java.lang.Object, java.lang.Object, java.lang.Object, java.lang.Object)'> (0x00000000d68c54e8) 
thrown [s\open\src\hotspot\share\interpreter\linkResolver.cpp, line 773]
Event: 5.072 Thread 0x0000025324a78be0 Exception <a 'java/io/FileNotFoundException'{0x00000000d5763d08}> (0x00000000d5763d08) 
thrown [s\open\src\hotspot\share\prims\jni.cpp, line 520]
Event: 5.072 Thread 0x0000025324a78be0 Exception <a 'java/io/FileNotFoundException'{0x00000000d57650e0}> (0x00000000d57650e0) 
thrown [s\open\src\hotspot\share\prims\jni.cpp, line 520]
Event: 5.072 Thread 0x0000025324a78be0 Exception <a 'java/io/FileNotFoundException'{0x00000000d57660f0}> (0x00000000d57660f0) 
thrown [s\open\src\hotspot\share\prims\jni.cpp, line 520]
Event: 5.167 Thread 0x0000025324a78be0 Exception <a 'java/lang/NoSuchMethodError'{0x00000000d5d378a8}: 'int java.lang.invoke.Invokers$Holder.invokeExact_MT(java.lang.Object, java.lang.Object)'> (0x00000000d5d378a8) 
thrown [s\open\src\hotspot\share\interpreter\linkResolver.cpp, line 773]

ZGC Phase Switch (0 events):
No events

VM Operations (20 events):
Event: 5.196 Executing VM operation: ICBufferFull
Event: 5.197 Executing VM operation: ICBufferFull done
Event: 5.238 Executing VM operation: ICBufferFull
Event: 5.253 Executing VM operation: ICBufferFull done
Event: 5.318 Executing VM operation: ParallelGCFailedAllocation (Allocation Failure)
Event: 5.319 Executing VM operation: ParallelGCFailedAllocation (Allocation Failure) done
Event: 5.397 Executing VM operation: ICBufferFull
Event: 5.397 Executing VM operation: ICBufferFull done
Event: 5.494 Executing VM operation: ICBufferFull
Event: 5.494 Executing VM operation: ICBufferFull done
Event: 5.508 Executing VM operation: ParallelGCFailedAllocation (Allocation Failure)
Event: 5.510 Executing VM operation: ParallelGCFailedAllocation (Allocation Failure) done
Event: 6.513 Executing VM operation: Cleanup
Event: 6.513 Executing VM operation: Cleanup done
Event: 60.243 Executing VM operation: HandshakeAllThreads (HandshakeForDeflation)
Event: 60.243 Executing VM operation: HandshakeAllThreads (HandshakeForDeflation) done
Event: 60.243 Executing VM operation: RendezvousGCThreads
Event: 60.243 Executing VM operation: RendezvousGCThreads done
Event: 301.847 Executing VM operation: Cleanup
Event: 301.849 Executing VM operation: Cleanup done

Events (20 events):
Event: 3.271 Thread 0x000002531fac3470 Thread exited: 0x000002531fac3470
Event: 3.297 Thread 0x00000253260e8470 Thread added: 0x00000253260e8470
Event: 3.305 Thread 0x000002531fda8270 Thread added: 0x000002531fda8270
Event: 4.081 Thread 0x000002531fda8270 Thread exited: 0x000002531fda8270
Event: 4.081 Thread 0x00000253260e8470 Thread exited: 0x00000253260e8470
Event: 4.081 Thread 0x000002531dbdfdc0 Thread exited: 0x000002531dbdfdc0
Event: 4.081 Thread 0x000002531dbdb700 Thread exited: 0x000002531dbdb700
Event: 4.702 Thread 0x000002531dd6e420 Thread exited: 0x000002531dd6e420
Event: 4.727 Thread 0x00000253272cb050 Thread added: 0x00000253272cb050
Event: 4.727 Thread 0x0000025327052010 Thread added: 0x0000025327052010
Event: 4.742 Thread 0x00000253263bb1d0 Thread added: 0x00000253263bb1d0
Event: 4.834 Thread 0x000002532f97cda0 Thread added: 0x000002532f97cda0
Event: 12.325 Thread 0x00000253263bb1d0 Thread exited: 0x00000253263bb1d0
Event: 12.325 Thread 0x0000025327052010 Thread exited: 0x0000025327052010
Event: 12.325 Thread 0x000002532f97cda0 Thread exited: 0x000002532f97cda0
Event: 15.553 Thread 0x00000253272cb050 Thread exited: 0x00000253272cb050
Event: 15.553 Thread 0x000002531dbbae40 Thread exited: 0x000002531dbbae40
Event: 20.568 Thread 0x000002531dbba790 Thread exited: 0x000002531dbba790
Event: 64.710 Thread 0x0000025324a75df0 Thread exited: 0x0000025324a75df0
Event: 301.358 Thread 0x0000025327052010 Thread added: 0x0000025327052010


Dynamic libraries:
0x00007ff670050000 - 0x00007ff67005e000 	C:\jdk\jdk-21\bin\java.exe
0x00007ffd7b3a0000 - 0x00007ffd7b608000 	C:\Windows\SYSTEM32\ntdll.dll
0x00007ffd7a760000 - 0x00007ffd7a829000 	C:\Windows\System32\KERNEL32.DLL
0x00007ffd787a0000 - 0x00007ffd78b98000 	C:\Windows\System32\KERNELBASE.dll
0x00007ffd78ec0000 - 0x00007ffd7900b000 	C:\Windows\System32\ucrtbase.dll
0x00007ffd73540000 - 0x00007ffd7355b000 	C:\jdk\jdk-21\bin\VCRUNTIME140.dll
0x00007ffd753e0000 - 0x00007ffd753f8000 	C:\jdk\jdk-21\bin\jli.dll
0x00007ffd7aaa0000 - 0x00007ffd7ac67000 	C:\Windows\System32\USER32.dll
0x00007ffd78e90000 - 0x00007ffd78eb7000 	C:\Windows\System32\win32u.dll
0x00007ffd7b320000 - 0x00007ffd7b34b000 	C:\Windows\System32\GDI32.dll
0x00007ffd65860000 - 0x00007ffd65af4000 	C:\Windows\WinSxS\amd64_microsoft.windows.common-controls_6595b64144ccf1df_6.0.26100.7019_none_3e06ffa0e335b8a8\COMCTL32.dll
0x00007ffd79010000 - 0x00007ffd7913c000 	C:\Windows\System32\gdi32full.dll
0x00007ffd7a670000 - 0x00007ffd7a719000 	C:\Windows\System32\msvcrt.dll
0x00007ffd78ba0000 - 0x00007ffd78c43000 	C:\Windows\System32\msvcp_win.dll
0x00007ffd7a720000 - 0x00007ffd7a751000 	C:\Windows\System32\IMM32.DLL
0x00007ffd73510000 - 0x00007ffd7351c000 	C:\jdk\jdk-21\bin\vcruntime140_1.dll
0x00007ffd71880000 - 0x00007ffd7190e000 	C:\jdk\jdk-21\bin\msvcp140.dll
0x00007ffd497e0000 - 0x00007ffd4a4f3000 	C:\jdk\jdk-21\bin\server\jvm.dll
0x00007ffd7a220000 - 0x00007ffd7a2d4000 	C:\Windows\System32\ADVAPI32.dll
0x00007ffd7ad40000 - 0x00007ffd7ade6000 	C:\Windows\System32\sechost.dll
0x00007ffd7adf0000 - 0x00007ffd7af08000 	C:\Windows\System32\RPCRT4.dll
0x00007ffd79200000 - 0x00007ffd79274000 	C:\Windows\System32\WS2_32.dll
0x00007ffd77ef0000 - 0x00007ffd77f4e000 	C:\Windows\SYSTEM32\POWRPROF.dll
0x00007ffd6a6e0000 - 0x00007ffd6a715000 	C:\Windows\SYSTEM32\WINMM.dll
0x00007ffd72110000 - 0x00007ffd7211b000 	C:\Windows\SYSTEM32\VERSION.dll
0x00007ffd77dd0000 - 0x00007ffd77de4000 	C:\Windows\SYSTEM32\UMPDC.dll
0x00007ffd77270000 - 0x00007ffd7728b000 	C:\Windows\SYSTEM32\kernel.appcore.dll
0x00007ffd73500000 - 0x00007ffd7350a000 	C:\jdk\jdk-21\bin\jimage.dll
0x00007ffd67130000 - 0x00007ffd67372000 	C:\Windows\SYSTEM32\DBGHELP.DLL
0x00007ffd7a2e0000 - 0x00007ffd7a66b000 	C:\Windows\System32\combase.dll
0x00007ffd79710000 - 0x00007ffd797e7000 	C:\Windows\System32\OLEAUT32.dll
0x00007ffd63620000 - 0x00007ffd6365c000 	C:\Windows\SYSTEM32\dbgcore.DLL
0x00007ffd78660000 - 0x00007ffd78705000 	C:\Windows\System32\bcryptPrimitives.dll
0x00007ffd734f0000 - 0x00007ffd734ff000 	C:\jdk\jdk-21\bin\instrument.dll
0x00007ffd71f00000 - 0x00007ffd71f1f000 	C:\jdk\jdk-21\bin\java.dll
0x00007ffd799a0000 - 0x00007ffd7a0f1000 	C:\Windows\System32\SHELL32.dll
0x00007ffd784f0000 - 0x00007ffd7865b000 	C:\Windows\System32\wintypes.dll
0x00007ffd760f0000 - 0x00007ffd7694d000 	C:\Windows\SYSTEM32\windows.storage.dll
0x00007ffd797f0000 - 0x00007ffd798e2000 	C:\Windows\System32\SHCORE.dll
0x00007ffd7a890000 - 0x00007ffd7a8f7000 	C:\Windows\System32\shlwapi.dll
0x00007ffd78410000 - 0x00007ffd78439000 	C:\Windows\SYSTEM32\profapi.dll
0x00007ffd4d010000 - 0x00007ffd4d0e7000 	C:\jdk\jdk-21\bin\jsvml.dll
0x00007ffd62d10000 - 0x00007ffd62d28000 	C:\jdk\jdk-21\bin\zip.dll
0x00007ffd71870000 - 0x00007ffd71880000 	C:\jdk\jdk-21\bin\net.dll
0x00007ffd71cc0000 - 0x00007ffd71de8000 	C:\Windows\SYSTEM32\WINHTTP.dll
0x00007ffd777c0000 - 0x00007ffd7782b000 	C:\Windows\system32\mswsock.dll
0x00007ffd62cf0000 - 0x00007ffd62d06000 	C:\jdk\jdk-21\bin\nio.dll
0x00007ffd668e0000 - 0x00007ffd668f0000 	C:\jdk\jdk-21\bin\verify.dll
0x00007ffd62ca0000 - 0x00007ffd62ce4000 	C:\Users\Student\AppData\Roaming\Code\User\globalStorage\redhat.java\1.47.0\config_ss_win\org.eclipse.equinox.launcher\org.eclipse.equinox.launcher.win32.win32.x86_64_1.2.1400.v20250801-0854\eclipse_11916.dll
0x00007ffd7a900000 - 0x00007ffd7aa97000 	C:\Windows\System32\ole32.dll
0x00007ffd77bb0000 - 0x00007ffd77bcb000 	C:\Windows\SYSTEM32\CRYPTSP.dll
0x00007ffd771d0000 - 0x00007ffd7720a000 	C:\Windows\system32\rsaenh.dll
0x00007ffd77870000 - 0x00007ffd7789b000 	C:\Windows\SYSTEM32\USERENV.dll
0x00007ffd783e0000 - 0x00007ffd7840a000 	C:\Windows\SYSTEM32\bcrypt.dll
0x00007ffd77a10000 - 0x00007ffd77a1c000 	C:\Windows\SYSTEM32\CRYPTBASE.dll
0x00007ffd76d10000 - 0x00007ffd76d44000 	C:\Windows\SYSTEM32\IPHLPAPI.DLL
0x00007ffd798f0000 - 0x00007ffd798fa000 	C:\Windows\System32\NSI.dll
0x00007ffd5fea0000 - 0x00007ffd5fee9000 	C:\Users\Student\AppData\Local\Temp\jna--214492645\jna9006514797097148629.dll
0x00007ffd79900000 - 0x00007ffd79908000 	C:\Windows\System32\PSAPI.DLL
0x00007ffd720e0000 - 0x00007ffd720fe000 	C:\Windows\SYSTEM32\dhcpcsvc6.DLL
0x00007ffd71ed0000 - 0x00007ffd71ef3000 	C:\Windows\SYSTEM32\dhcpcsvc.DLL

dbghelp: loaded successfully - version: 4.0.5 - missing functions: none
symbol engine: initialized successfully - sym options: 0x614 - pdb path: .;C:\jdk\jdk-21\bin;C:\Windows\SYSTEM32;C:\Windows\WinSxS\amd64_microsoft.windows.common-controls_6595b64144ccf1df_6.0.26100.7019_none_3e06ffa0e335b8a8;C:\jdk\jdk-21\bin\server;C:\Users\Student\AppData\Roaming\Code\User\globalStorage\redhat.java\1.47.0\config_ss_win\org.eclipse.equinox.launcher\org.eclipse.equinox.launcher.win32.win32.x86_64_1.2.1400.v20250801-0854;C:\Users\Student\AppData\Local\Temp\jna--214492645

VM Arguments:
jvm_args: --add-modules=ALL-SYSTEM --add-opens=java.base/java.util=ALL-UNNAMED --add-opens=java.base/java.lang=ALL-UNNAMED --add-opens=java.base/sun.nio.fs=ALL-UNNAMED -Declipse.application=org.eclipse.jdt.ls.core.id1 -Dosgi.bundles.defaultStartLevel=4 -Declipse.product=org.eclipse.jdt.ls.core.product -Djava.import.generatesMetadataFilesAtProjectRoot=false -DDetectVMInstallationsJob.disabled=true -Dfile.encoding=utf8 -XX:+UseParallelGC -XX:GCTimeRatio=4 -XX:AdaptiveSizePolicyWeight=90 -Dsun.zip.disableMemoryMapping=true -Xmx2G -Xms100m -Xlog:disable -javaagent:c:\Users\Student\.vscode\extensions\redhat.java-1.47.0-win32-x64\lombok\lombok-1.18.39-4050.jar 
java_command: c:\Users\Student\.vscode\extensions\redhat.java-1.47.0-win32-x64\server\plugins\org.eclipse.equinox.launcher_1.7.100.v20251014-1222.jar -configuration c:\Users\Student\AppData\Roaming\Code\User\globalStorage\redhat.java\1.47.0\config_ss_win -data c:\Users\Student\AppData\Roaming\Code\User\workspaceStorage\4d7a7224ef31c89d8e0bcf50642efe4b\redhat.java\ss_ws --pipe=\\.\pipe\lsp-5502871abecf7fc7ca79f865c13c6e90-sock
java_class_path (initial): c:\Users\Student\.vscode\extensions\redhat.java-1.47.0-win32-x64\server\plugins\org.eclipse.equinox.launcher_1.7.100.v20251014-1222.jar
Launcher Type: SUN_STANDARD

[Global flags]
    uintx AdaptiveSizePolicyWeight                 = 90                                        {product} {command line}
     intx CICompilerCount                          = 12                                        {product} {ergonomic}
    uintx GCTimeRatio                              = 4                                         {product} {command line}
   size_t InitialHeapSize                          = 104857600                                 {product} {command line}
   size_t MaxHeapSize                              = 2147483648                                {product} {command line}
   size_t MaxNewSize                               = 715653120                                 {product} {ergonomic}
   size_t MinHeapDeltaBytes                        = 524288                                    {product} {ergonomic}
   size_t MinHeapSize                              = 104857600                                 {product} {command line}
   size_t NewSize                                  = 34603008                                  {product} {ergonomic}
    uintx NonNMethodCodeHeapSize                   = 7602480                                {pd product} {ergonomic}
    uintx NonProfiledCodeHeapSize                  = 122027880                              {pd product} {ergonomic}
   size_t OldSize                                  = 70254592                                  {product} {ergonomic}
    uintx ProfiledCodeHeapSize                     = 122027880                              {pd product} {ergonomic}
    uintx ReservedCodeCacheSize                    = 251658240                              {pd product} {ergonomic}
     bool SegmentedCodeCache                       = true                                      {product} {ergonomic}
   size_t SoftMaxHeapSize                          = 2147483648                             {manageable} {ergonomic}
     bool UseCompressedOops                        = true                           {product lp64_product} {ergonomic}
     bool UseLargePagesIndividualAllocation        = false                                  {pd product} {ergonomic}
     bool UseParallelGC                            = true                                      {product} {command line}

Logging:
Log output configuration:
 #0: stdout all=off uptime,level,tags foldmultilines=false
 #1: stderr all=off uptime,level,tags foldmultilines=false

Environment Variables:
JAVA_HOME=C:\jdk\jdk-21bin
PATH=C:\Windows\system32;C:\Windows;C:\Windows\System32\Wbem;C:\Windows\System32\WindowsPowerShell\v1.0\;C:\Windows\System32\OpenSSH\;C:\jdk\jdk-21\bin;C:\jdk\script;D:\Git\cmd;C:\Program Files\Docker\Docker\resources\bin;C:\Program Files\PuTTY\;C:\Program Files\MySQL\MySQL Server 8.0\bin;C:\Program Files\nodejs\;C:\Program Files\MySQL\MySQL Shell 8.0\bin\;C:\Users\Student\AppData\Local\Microsoft\WindowsApps;D:\Microsoft VS Code\bin;C:\jdk\jdk-21binbin;C:\Users\Student\AppData\Roaming\npm
USERNAME=Student
OS=Windows_NT
PROCESSOR_IDENTIFIER=Intel64 Family 6 Model 151 Stepping 2, GenuineIntel
TMP=C:\Users\Student\AppData\Local\Temp
TEMP=C:\Users\Student\AppData\Local\Temp




---------------  S Y S T E M  ---------------

OS:
 Windows 11 , 64 bit Build 26100 (10.0.26100.7019)
OS uptime: 0 days 5:58 hours
Hyper-V role detected

CPU: total 20 (initial active 20) (10 cores per cpu, 2 threads per core) family 6 model 151 stepping 2 microcode 0x23, cx8, cmov, fxsr, ht, mmx, 3dnowpref, sse, sse2, sse3, ssse3, sse4.1, sse4.2, popcnt, lzcnt, tsc, tscinvbit, avx, avx2, aes, erms, clmul, bmi1, bmi2, adx, sha, fma, vzeroupper, clflush, clflushopt, clwb, hv, serialize, rdtscp, rdpid, fsrm, f16c, cet_ibt, cet_ss
Processor Information for processor 0
  Max Mhz: 2100, Current Mhz: 2100, Mhz Limit: 2100
Processor Information for processor 1
  Max Mhz: 2100, Current Mhz: 2100, Mhz Limit: 2100
Processor Information for processor 2
  Max Mhz: 2100, Current Mhz: 2100, Mhz Limit: 2100
Processor Information for processor 3
  Max Mhz: 2100, Current Mhz: 2100, Mhz Limit: 2100
Processor Information for processor 4
  Max Mhz: 2100, Current Mhz: 2100, Mhz Limit: 2100
Processor Information for processor 5
  Max Mhz: 2100, Current Mhz: 2100, Mhz Limit: 2100
Processor Information for processor 6
  Max Mhz: 2100, Current Mhz: 2100, Mhz Limit: 2100
Processor Information for processor 7
  Max Mhz: 2100, Current Mhz: 2100, Mhz Limit: 2100
Processor Information for processor 8
  Max Mhz: 2100, Current Mhz: 2100, Mhz Limit: 2100
Processor Information for processor 9
  Max Mhz: 2100, Current Mhz: 2100, Mhz Limit: 2100
Processor Information for processor 10
  Max Mhz: 2100, Current Mhz: 2100, Mhz Limit: 2100
Processor Information for processor 11
  Max Mhz: 2100, Current Mhz: 2100, Mhz Limit: 2100
Processor Information for processor 12
  Max Mhz: 2100, Current Mhz: 2100, Mhz Limit: 2100
Processor Information for processor 13
  Max Mhz: 2100, Current Mhz: 2100, Mhz Limit: 2100
Processor Information for processor 14
  Max Mhz: 2100, Current Mhz: 2100, Mhz Limit: 2100
Processor Information for processor 15
  Max Mhz: 2100, Current Mhz: 2100, Mhz Limit: 2100
Processor Information for processor 16
  Max Mhz: 2100, Current Mhz: 1600, Mhz Limit: 1596
Processor Information for processor 17
  Max Mhz: 2100, Current Mhz: 1600, Mhz Limit: 1596
Processor Information for processor 18
  Max Mhz: 2100, Current Mhz: 1600, Mhz Limit: 1596
Processor Information for processor 19
  Max Mhz: 2100, Current Mhz: 1600, Mhz Limit: 1596

Memory: 4k page, system-wide physical 16147M (5914M free)
TotalPageFile size 114451M (AvailPageFile size 0M)
current process WorkingSet (physical memory assigned to process): 72M, peak: 254M
current process commit charge ("private bytes"): 328M, peak: 384M

vm_info: OpenJDK 64-Bit Server VM (21+35-2513) for windows-amd64 JRE (21+35-2513), built on 2023-08-09T20:25:10Z by "mach5one" with MS VC++ 17.1 (VS2022)

END.
