#
# There is insufficient memory for the Java Runtime Environment to continue.
# Native memory allocation (malloc) failed to allocate 268416 bytes for Chunk::new
# Possible reasons:
#   The system is out of physical RAM or swap space
#   The process is running with CompressedOops enabled, and the Java Heap may be blocking the growth of the native heap
# Possible solutions:
#   Reduce memory load on the system
#   Increase physical memory or swap space
#   Check if swap backing store is full
#   Decrease Java heap size (-Xmx/-Xms)
#   Decrease number of Java threads
#   Decrease Java thread stack sizes (-Xss)
#   Set larger code cache with -XX:ReservedCodeCacheSize=
#   JVM is running with Unscaled Compressed Oops mode in which the Java heap is
#     placed in the first 4GB address space. The Java Heap base address is the
#     maximum limit for the native heap growth. Please use -XX:HeapBaseMinAddress
#     to set the Java Heap base and to place the Java Heap above 4GB virtual address.
# This output file may be truncated or incomplete.
#
#  Out of Memory Error (arena.cpp:166), pid=20200, tid=4716
#
# JRE version: OpenJDK Runtime Environment (21.0+35) (build 21+35-2513)
# Java VM: OpenJDK 64-Bit Server VM (21+35-2513, mixed mode, sharing, tiered, compressed oops, compressed class ptrs, parallel gc, windows-amd64)
# No core dump will be written. Minidumps are not enabled by default on client versions of Windows
#

---------------  S U M M A R Y ------------

Command Line: --add-modules=ALL-SYSTEM --add-opens=java.base/java.util=ALL-UNNAMED --add-opens=java.base/java.lang=ALL-UNNAMED --add-opens=java.base/sun.nio.fs=ALL-UNNAMED -Declipse.application=org.eclipse.jdt.ls.core.id1 -Dosgi.bundles.defaultStartLevel=4 -Declipse.product=org.eclipse.jdt.ls.core.product -Djava.import.generatesMetadataFilesAtProjectRoot=false -DDetectVMInstallationsJob.disabled=true -Dfile.encoding=utf8 -XX:+UseParallelGC -XX:GCTimeRatio=4 -XX:AdaptiveSizePolicyWeight=90 -Dsun.zip.disableMemoryMapping=true -Xmx2G -Xms100m -Xlog:disable -javaagent:c:\Users\Student\.vscode\extensions\redhat.java-1.47.0-win32-x64\lombok\lombok-1.18.39-4050.jar -XX:+HeapDumpOnOutOfMemoryError -XX:HeapDumpPath=c:\Users\Student\AppData\Roaming\Code\User\workspaceStorage\4d7a7224ef31c89d8e0bcf50642efe4b\redhat.java -Daether.dependencyCollector.impl=bf c:\Users\Student\.vscode\extensions\redhat.java-1.47.0-win32-x64\server\plugins\org.eclipse.equinox.launcher_1.7.100.v20251014-1222.jar -configuration c:\Users\Student\AppData\Roaming\Code\User\globalStorage\redhat.java\1.47.0\config_win -data c:\Users\Student\AppData\Roaming\Code\User\workspaceStorage\4d7a7224ef31c89d8e0bcf50642efe4b\redhat.java\jdt_ws --pipe=\\.\pipe\lsp-1ad0fe5a2e94ba02eb7cc2622a11c76e-sock

Host: 12th Gen Intel(R) Core(TM) i7-12700, 20 cores, 15G,  Windows 11 , 64 bit Build 26100 (10.0.26100.7019)
Time: Tue Nov  4 14:39:31 2025  Windows 11 , 64 bit Build 26100 (10.0.26100.7019) elapsed time: 5.021131 seconds (0d 0h 0m 5s)

---------------  T H R E A D  ---------------

Current thread (0x000001f96cd9f840):  JavaThread "C2 CompilerThread0" daemon [_thread_in_native, id=4716, stack(0x000000b838e00000,0x000000b838f00000) (1024K)]


Current CompileTask:
C2:   5021 2327   !   4       java.lang.String::<init> (893 bytes)

Stack: [0x000000b838e00000,0x000000b838f00000]
Native frames: (J=compiled Java code, j=interpreted, Vv=VM code, C=native code)
V  [jvm.dll+0x6c8d39]
V  [jvm.dll+0x854091]
V  [jvm.dll+0x85630e]
V  [jvm.dll+0x8569e3]
V  [jvm.dll+0x2809a6]
V  [jvm.dll+0xc3e6d]
V  [jvm.dll+0xc4383]
V  [jvm.dll+0x3b551c]
V  [jvm.dll+0x382245]
V  [jvm.dll+0x3816ba]
V  [jvm.dll+0x249800]
V  [jvm.dll+0x248de1]
V  [jvm.dll+0x1c9b91]
V  [jvm.dll+0x2583e9]
V  [jvm.dll+0x2569ca]
V  [jvm.dll+0x3eef66]
V  [jvm.dll+0x7fd2c8]
V  [jvm.dll+0x6c748d]
C  [ucrtbase.dll+0x37b0]
C  [KERNEL32.DLL+0x2e8d7]
C  [ntdll.dll+0x8c53c]


---------------  P R O C E S S  ---------------

Threads class SMR info:
_java_thread_list=0x000001f97355e900, length=17, elements={
0x000001f94d945f80, 0x000001f94fb48aa0, 0x000001f94fb4bfe0, 0x000001f96cd88280,
0x000001f96cd895d0, 0x000001f96cd8f7e0, 0x000001f96cd918d0, 0x000001f96cd9f840,
0x000001f96cda2e50, 0x000001f96cea1630, 0x000001f96ceb8470, 0x000001f97305ac00,
0x000001f9735ab220, 0x000001f973af5740, 0x000001f973bb1b50, 0x000001f973bad500,
0x000001f97425c1c0
}

Java Threads: ( => current thread )
  0x000001f94d945f80 JavaThread "main"                              [_thread_blocked, id=9960, stack(0x000000b838400000,0x000000b838500000) (1024K)]
  0x000001f94fb48aa0 JavaThread "Reference Handler"          daemon [_thread_blocked, id=15796, stack(0x000000b838800000,0x000000b838900000) (1024K)]
  0x000001f94fb4bfe0 JavaThread "Finalizer"                  daemon [_thread_blocked, id=2544, stack(0x000000b838900000,0x000000b838a00000) (1024K)]
  0x000001f96cd88280 JavaThread "Signal Dispatcher"          daemon [_thread_blocked, id=17988, stack(0x000000b838a00000,0x000000b838b00000) (1024K)]
  0x000001f96cd895d0 JavaThread "Attach Listener"            daemon [_thread_blocked, id=22256, stack(0x000000b838b00000,0x000000b838c00000) (1024K)]
  0x000001f96cd8f7e0 JavaThread "Service Thread"             daemon [_thread_blocked, id=9796, stack(0x000000b838c00000,0x000000b838d00000) (1024K)]
  0x000001f96cd918d0 JavaThread "Monitor Deflation Thread"   daemon [_thread_blocked, id=9996, stack(0x000000b838d00000,0x000000b838e00000) (1024K)]
=>0x000001f96cd9f840 JavaThread "C2 CompilerThread0"         daemon [_thread_in_native, id=4716, stack(0x000000b838e00000,0x000000b838f00000) (1024K)]
  0x000001f96cda2e50 JavaThread "C1 CompilerThread0"         daemon [_thread_blocked, id=21604, stack(0x000000b838f00000,0x000000b839000000) (1024K)]
  0x000001f96cea1630 JavaThread "Common-Cleaner"             daemon [_thread_blocked, id=21596, stack(0x000000b839000000,0x000000b839100000) (1024K)]
  0x000001f96ceb8470 JavaThread "C1 CompilerThread1"         daemon [_thread_blocked, id=8820, stack(0x000000b839100000,0x000000b839200000) (1024K)]
  0x000001f97305ac00 JavaThread "Notification Thread"        daemon [_thread_blocked, id=14524, stack(0x000000b839500000,0x000000b839600000) (1024K)]
  0x000001f9735ab220 JavaThread "Active Thread: Equinox Container: c947f73e-d16b-40c1-b27b-7d4af37055e5"        [_thread_blocked, id=6444, stack(0x000000b839e00000,0x000000b839f00000) (1024K)]
  0x000001f973af5740 JavaThread "Refresh Thread: Equinox Container: c947f73e-d16b-40c1-b27b-7d4af37055e5" daemon [_thread_blocked, id=17976, stack(0x000000b83a000000,0x000000b83a100000) (1024K)]
  0x000001f973bb1b50 JavaThread "Framework Event Dispatcher: Equinox Container: c947f73e-d16b-40c1-b27b-7d4af37055e5" daemon [_thread_blocked, id=5160, stack(0x000000b83a100000,0x000000b83a200000) (1024K)]
  0x000001f973bad500 JavaThread "Start Level: Equinox Container: c947f73e-d16b-40c1-b27b-7d4af37055e5" daemon [_thread_in_native, id=10592, stack(0x000000b83a200000,0x000000b83a300000) (1024K)]
  0x000001f97425c1c0 JavaThread "Bundle File Closer"         daemon [_thread_blocked, id=1908, stack(0x000000b83a600000,0x000000b83a700000) (1024K)]
Total: 17

Other Threads:
  0x000001f94fc5e1e0 VMThread "VM Thread"                           [id=20924, stack(0x000000b838700000,0x000000b838800000) (1024K)]
  0x000001f94fa2ca00 WatcherThread "VM Periodic Task Thread"        [id=22360, stack(0x000000b838600000,0x000000b838700000) (1024K)]
  0x000001f94fbb2f20 WorkerThread "GC Thread#0"                     [id=11920, stack(0x000000b838500000,0x000000b838600000) (1024K)]
  0x000001f97356dcd0 WorkerThread "GC Thread#1"                     [id=12148, stack(0x000000b839800000,0x000000b839900000) (1024K)]
  0x000001f97356eca0 WorkerThread "GC Thread#2"                     [id=19980, stack(0x000000b839900000,0x000000b839a00000) (1024K)]
  0x000001f9737eac60 WorkerThread "GC Thread#3"                     [id=20508, stack(0x000000b839a00000,0x000000b839b00000) (1024K)]
  0x000001f9737eb810 WorkerThread "GC Thread#4"                     [id=17576, stack(0x000000b839b00000,0x000000b839c00000) (1024K)]
  0x000001f9737ebbb0 WorkerThread "GC Thread#5"                     [id=11876, stack(0x000000b839c00000,0x000000b839d00000) (1024K)]
  0x000001f9737ebf50 WorkerThread "GC Thread#6"                     [id=20040, stack(0x000000b839d00000,0x000000b839e00000) (1024K)]
  0x000001f973afefa0 WorkerThread "GC Thread#7"                     [id=12100, stack(0x000000b839f00000,0x000000b83a000000) (1024K)]
  0x000001f974086540 WorkerThread "GC Thread#8"                     [id=8632, stack(0x000000b83a300000,0x000000b83a400000) (1024K)]
  0x000001f9740868e0 WorkerThread "GC Thread#9"                     [id=1808, stack(0x000000b83a400000,0x000000b83a500000) (1024K)]
  0x000001f973c8b440 WorkerThread "GC Thread#10"                    [id=20736, stack(0x000000b83a500000,0x000000b83a600000) (1024K)]
Total: 13

Threads with active compile tasks:
C2 CompilerThread0     5032 2327   !   4       java.lang.String::<init> (893 bytes)
Total: 1

VM state: not at safepoint (normal execution)

VM Mutex/Monitor currently owned by a thread: None

Heap address: 0x0000000080000000, size: 2048 MB, Compressed Oops mode: 32-bit

CDS archive(s) mapped at: [0x000001f900000000-0x000001f900c90000-0x000001f900c90000), size 13172736, SharedBaseAddress: 0x000001f900000000, ArchiveRelocationMode: 1.
Compressed class space mapped at: 0x000001f901000000-0x000001f941000000, reserved size: 1073741824
Narrow klass base: 0x000001f900000000, Narrow klass shift: 0, Narrow klass range: 0x100000000

GC Precious Log:
 CardTable entry size: 512
 CPUs: 20 total, 20 available
 Memory: 16147M
 Large Page Support: Disabled
 NUMA Support: Disabled
 Compressed Oops: Enabled (32-bit)
 Alignments: Space 512K, Generation 512K, Heap 2M
 Heap Min Capacity: 100M
 Heap Initial Capacity: 100M
 Heap Max Capacity: 2G
 Pre-touch: Disabled
 Parallel Workers: 15

Heap:
 PSYoungGen      total 29696K, used 13276K [0x00000000d5580000, 0x00000000d7680000, 0x0000000100000000)
  eden space 25600K, 35% used [0x00000000d5580000,0x00000000d5e7c3f0,0x00000000d6e80000)
  from space 4096K, 99% used [0x00000000d6e80000,0x00000000d727ac30,0x00000000d7280000)
  to   space 4096K, 0% used [0x00000000d7280000,0x00000000d7280000,0x00000000d7680000)
 ParOldGen       total 68608K, used 3837K [0x0000000080000000, 0x0000000084300000, 0x00000000d5580000)
  object space 68608K, 5% used [0x0000000080000000,0x00000000803bf5d0,0x0000000084300000)
 Metaspace       used 9611K, committed 9984K, reserved 1114112K
  class space    used 976K, committed 1152K, reserved 1048576K

Card table byte_map: [0x000001f94f540000,0x000001f94f950000] _byte_map_base: 0x000001f94f140000

Marking Bits: (ParMarkBitMap*) 0x00007ffd4a41d4a0
 Begin Bits: [0x000001f967290000, 0x000001f969290000)
 End Bits:   [0x000001f969290000, 0x000001f96b290000)

Polling page: 0x000001f94d870000

Metaspace:

Usage:
  Non-class:      8.43 MB used.
      Class:    976.32 KB used.
       Both:      9.39 MB used.

Virtual space:
  Non-class space:       64.00 MB reserved,       8.62 MB ( 13%) committed,  1 nodes.
      Class space:        1.00 GB reserved,       1.12 MB ( <1%) committed,  1 nodes.
             Both:        1.06 GB reserved,       9.75 MB ( <1%) committed. 

Chunk freelists:
   Non-Class:  7.41 MB
       Class:  14.78 MB
        Both:  22.19 MB

MaxMetaspaceSize: unlimited
CompressedClassSpaceSize: 1.00 GB
Initial GC threshold: 21.00 MB
Current GC threshold: 21.00 MB
CDS: on
 - commit_granule_bytes: 65536.
 - commit_granule_words: 8192.
 - virtual_space_node_default_size: 8388608.
 - enlarge_chunks_in_place: 1.
 - use_allocation_guard: 0.


Internal statistics:

num_allocs_failed_limit: 0.
num_arena_births: 256.
num_arena_deaths: 0.
num_vsnodes_births: 2.
num_vsnodes_deaths: 0.
num_space_committed: 156.
num_space_uncommitted: 0.
num_chunks_returned_to_freelist: 0.
num_chunks_taken_from_freelist: 511.
num_chunk_merges: 0.
num_chunk_splits: 320.
num_chunks_enlarged: 211.
num_inconsistent_stats: 0.

CodeHeap 'non-profiled nmethods': size=119168Kb used=1028Kb max_used=1028Kb free=118139Kb
 bounds [0x000001f95fb80000, 0x000001f95fdf0000, 0x000001f966fe0000]
CodeHeap 'profiled nmethods': size=119104Kb used=4543Kb max_used=4543Kb free=114560Kb
 bounds [0x000001f957fe0000, 0x000001f958450000, 0x000001f95f430000]
CodeHeap 'non-nmethods': size=7488Kb used=1792Kb max_used=2970Kb free=5695Kb
 bounds [0x000001f95f430000, 0x000001f95f720000, 0x000001f95fb80000]
 total_blobs=2856 nmethods=2362 adapters=399
 compilation: enabled
              stopped_count=0, restarted_count=0
 full_count=0

Compilation events (20 events):
Event: 2.985 Thread 0x000001f96ceb8470 2333       3       sun.nio.fs.WindowsNativeDispatcher::asNativeBuffer (103 bytes)
Event: 2.985 Thread 0x000001f96ceb8470 nmethod 2333 0x000001f95843be90 code [0x000001f95843c120, 0x000001f95843cb08]
Event: 2.986 Thread 0x000001f96ceb8470 2334       3       java.util.jar.Manifest$FastInputStream::fill (38 bytes)
Event: 2.986 Thread 0x000001f96ceb8470 nmethod 2334 0x000001f95843ce90 code [0x000001f95843d040, 0x000001f95843d288]
Event: 2.986 Thread 0x000001f96ceb8470 2336       3       jdk.internal.misc.Unsafe::checkOffset (32 bytes)
Event: 2.986 Thread 0x000001f96cda2e50 2335       3       jdk.internal.misc.Unsafe::copyMemoryChecks (21 bytes)
Event: 2.986 Thread 0x000001f96ceb8470 nmethod 2336 0x000001f95843d390 code [0x000001f95843d540, 0x000001f95843d7c0]
Event: 2.987 Thread 0x000001f96cda2e50 nmethod 2335 0x000001f95843d910 code [0x000001f95843dbe0, 0x000001f95843e928]
Event: 2.987 Thread 0x000001f96ceb8470 2338       3       jdk.internal.perf.PerfCounter::increment (6 bytes)
Event: 2.987 Thread 0x000001f96ceb8470 nmethod 2338 0x000001f95843ee90 code [0x000001f95843f040, 0x000001f95843f190]
Event: 2.989 Thread 0x000001f96cda2e50 2339       3       sun.nio.fs.WindowsPath::<init> (26 bytes)
Event: 2.989 Thread 0x000001f96cda2e50 nmethod 2339 0x000001f95843f210 code [0x000001f95843f3c0, 0x000001f95843f580]
Event: 2.989 Thread 0x000001f96cf2f390 nmethod 2330% 0x000001f95fc7f390 code [0x000001f95fc7f680, 0x000001f95fc804b0]
Event: 2.990 Thread 0x000001f96ceb8470 2340       3       sun.nio.fs.WindowsPathParser::parse (6 bytes)
Event: 2.990 Thread 0x000001f96cda2e50 2341       3       sun.nio.fs.WindowsPathParser::parse (504 bytes)
Event: 2.990 Thread 0x000001f96ceb8470 nmethod 2340 0x000001f95843f690 code [0x000001f95843f840, 0x000001f95843f960]
Event: 2.990 Thread 0x000001f96ceb8470 2342       3       sun.nio.fs.WindowsPathParser$Result::<init> (20 bytes)
Event: 2.990 Thread 0x000001f96ceb8470 nmethod 2342 0x000001f95843fa10 code [0x000001f95843fbc0, 0x000001f95843fd70]
Event: 2.990 Thread 0x000001f96ceb8470 2343       3       sun.nio.fs.WindowsPath::isAbsolute (26 bytes)
Event: 2.990 Thread 0x000001f96ceb8470 nmethod 2343 0x000001f95843fe10 code [0x000001f95843ffc0, 0x000001f958440178]

GC Heap History (6 events):
Event: 1.384 GC heap before
{Heap before GC invocations=1 (full 0):
 PSYoungGen      total 29696K, used 25600K [0x00000000d5580000, 0x00000000d7680000, 0x0000000100000000)
  eden space 25600K, 100% used [0x00000000d5580000,0x00000000d6e80000,0x00000000d6e80000)
  from space 4096K, 0% used [0x00000000d7280000,0x00000000d7280000,0x00000000d7680000)
  to   space 4096K, 0% used [0x00000000d6e80000,0x00000000d6e80000,0x00000000d7280000)
 ParOldGen       total 68608K, used 0K [0x0000000080000000, 0x0000000084300000, 0x00000000d5580000)
  object space 68608K, 0% used [0x0000000080000000,0x0000000080000000,0x0000000084300000)
 Metaspace       used 4211K, committed 4480K, reserved 1114112K
  class space    used 435K, committed 576K, reserved 1048576K
}
Event: 1.389 GC heap after
{Heap after GC invocations=1 (full 0):
 PSYoungGen      total 29696K, used 3691K [0x00000000d5580000, 0x00000000d7680000, 0x0000000100000000)
  eden space 25600K, 0% used [0x00000000d5580000,0x00000000d5580000,0x00000000d6e80000)
  from space 4096K, 90% used [0x00000000d6e80000,0x00000000d721afe8,0x00000000d7280000)
  to   space 4096K, 0% used [0x00000000d7280000,0x00000000d7280000,0x00000000d7680000)
 ParOldGen       total 68608K, used 16K [0x0000000080000000, 0x0000000084300000, 0x00000000d5580000)
  object space 68608K, 0% used [0x0000000080000000,0x0000000080004000,0x0000000084300000)
 Metaspace       used 4211K, committed 4480K, reserved 1114112K
  class space    used 435K, committed 576K, reserved 1048576K
}
Event: 1.646 GC heap before
{Heap before GC invocations=2 (full 0):
 PSYoungGen      total 29696K, used 29291K [0x00000000d5580000, 0x00000000d7680000, 0x0000000100000000)
  eden space 25600K, 100% used [0x00000000d5580000,0x00000000d6e80000,0x00000000d6e80000)
  from space 4096K, 90% used [0x00000000d6e80000,0x00000000d721afe8,0x00000000d7280000)
  to   space 4096K, 0% used [0x00000000d7280000,0x00000000d7280000,0x00000000d7680000)
 ParOldGen       total 68608K, used 16K [0x0000000080000000, 0x0000000084300000, 0x00000000d5580000)
  object space 68608K, 0% used [0x0000000080000000,0x0000000080004000,0x0000000084300000)
 Metaspace       used 7972K, committed 8320K, reserved 1114112K
  class space    used 791K, committed 960K, reserved 1048576K
}
Event: 1.649 GC heap after
{Heap after GC invocations=2 (full 0):
 PSYoungGen      total 29696K, used 4086K [0x00000000d5580000, 0x00000000d7680000, 0x0000000100000000)
  eden space 25600K, 0% used [0x00000000d5580000,0x00000000d5580000,0x00000000d6e80000)
  from space 4096K, 99% used [0x00000000d7280000,0x00000000d767d810,0x00000000d7680000)
  to   space 4096K, 0% used [0x00000000d6e80000,0x00000000d6e80000,0x00000000d7280000)
 ParOldGen       total 68608K, used 1421K [0x0000000080000000, 0x0000000084300000, 0x00000000d5580000)
  object space 68608K, 2% used [0x0000000080000000,0x00000000801636b8,0x0000000084300000)
 Metaspace       used 7972K, committed 8320K, reserved 1114112K
  class space    used 791K, committed 960K, reserved 1048576K
}
Event: 1.859 GC heap before
{Heap before GC invocations=3 (full 0):
 PSYoungGen      total 29696K, used 29686K [0x00000000d5580000, 0x00000000d7680000, 0x0000000100000000)
  eden space 25600K, 100% used [0x00000000d5580000,0x00000000d6e80000,0x00000000d6e80000)
  from space 4096K, 99% used [0x00000000d7280000,0x00000000d767d810,0x00000000d7680000)
  to   space 4096K, 0% used [0x00000000d6e80000,0x00000000d6e80000,0x00000000d7280000)
 ParOldGen       total 68608K, used 1421K [0x0000000080000000, 0x0000000084300000, 0x00000000d5580000)
  object space 68608K, 2% used [0x0000000080000000,0x00000000801636b8,0x0000000084300000)
 Metaspace       used 9525K, committed 9920K, reserved 1114112K
  class space    used 975K, committed 1152K, reserved 1048576K
}
Event: 1.862 GC heap after
{Heap after GC invocations=3 (full 0):
 PSYoungGen      total 29696K, used 4075K [0x00000000d5580000, 0x00000000d7680000, 0x0000000100000000)
  eden space 25600K, 0% used [0x00000000d5580000,0x00000000d5580000,0x00000000d6e80000)
  from space 4096K, 99% used [0x00000000d6e80000,0x00000000d727ac30,0x00000000d7280000)
  to   space 4096K, 0% used [0x00000000d7280000,0x00000000d7280000,0x00000000d7680000)
 ParOldGen       total 68608K, used 3837K [0x0000000080000000, 0x0000000084300000, 0x00000000d5580000)
  object space 68608K, 5% used [0x0000000080000000,0x00000000803bf5d0,0x0000000084300000)
 Metaspace       used 9525K, committed 9920K, reserved 1114112K
  class space    used 975K, committed 1152K, reserved 1048576K
}

Dll operation events (10 events):
Event: 0.009 Loaded shared library C:\jdk\jdk-21\bin\java.dll
Event: 0.030 Loaded shared library C:\jdk\jdk-21\bin\jsvml.dll
Event: 1.074 Loaded shared library C:\jdk\jdk-21\bin\zip.dll
Event: 1.076 Loaded shared library C:\jdk\jdk-21\bin\instrument.dll
Event: 1.078 Loaded shared library C:\jdk\jdk-21\bin\net.dll
Event: 1.079 Loaded shared library C:\jdk\jdk-21\bin\nio.dll
Event: 1.081 Loaded shared library C:\jdk\jdk-21\bin\zip.dll
Event: 1.093 Loaded shared library C:\jdk\jdk-21\bin\jimage.dll
Event: 1.141 Loaded shared library C:\jdk\jdk-21\bin\verify.dll
Event: 1.693 Loaded shared library C:\Users\Student\AppData\Roaming\Code\User\globalStorage\redhat.java\1.47.0\config_win\org.eclipse.equinox.launcher\org.eclipse.equinox.launcher.win32.win32.x86_64_1.2.1400.v20250801-0854\eclipse_11916.dll

Deoptimization events (20 events):
Event: 1.938 Thread 0x000001f973bad500 Uncommon trap: trap_request=0xffffff45 fr.pc=0x000001f95fba0758 relative=0x00000000000001b8
Event: 1.938 Thread 0x000001f973bad500 Uncommon trap: reason=unstable_if action=reinterpret pc=0x000001f95fba0758 method=java.lang.String.isLatin1()Z @ 10 c2
Event: 1.938 Thread 0x000001f973bad500 DEOPT PACKING pc=0x000001f95fba0758 sp=0x000000b83a2fda80
Event: 1.938 Thread 0x000001f973bad500 DEOPT UNPACKING pc=0x000001f95f483aa2 sp=0x000000b83a2fd950 mode 2
Event: 1.938 Thread 0x000001f973bad500 Uncommon trap: trap_request=0xffffff45 fr.pc=0x000001f95fbb9188 relative=0x0000000000000528
Event: 1.938 Thread 0x000001f973bad500 Uncommon trap: reason=unstable_if action=reinterpret pc=0x000001f95fbb9188 method=java.lang.String.isLatin1()Z @ 10 c2
Event: 1.938 Thread 0x000001f973bad500 DEOPT PACKING pc=0x000001f95fbb9188 sp=0x000000b83a2fda30
Event: 1.938 Thread 0x000001f973bad500 DEOPT UNPACKING pc=0x000001f95f483aa2 sp=0x000000b83a2fd9a0 mode 2
Event: 1.963 Thread 0x000001f973bad500 Uncommon trap: trap_request=0xffffff45 fr.pc=0x000001f95fb96120 relative=0x0000000000000100
Event: 1.963 Thread 0x000001f973bad500 Uncommon trap: reason=unstable_if action=reinterpret pc=0x000001f95fb96120 method=java.lang.StringCoding.countPositives([BII)I @ 17 c2
Event: 1.963 Thread 0x000001f973bad500 DEOPT PACKING pc=0x000001f95fb96120 sp=0x000000b83a2fcd60
Event: 1.963 Thread 0x000001f973bad500 DEOPT UNPACKING pc=0x000001f95f483aa2 sp=0x000000b83a2fcce8 mode 2
Event: 1.966 Thread 0x000001f973bad500 DEOPT PACKING pc=0x000001f95843ade7 sp=0x000000b83a2fcd70
Event: 1.966 Thread 0x000001f973bad500 DEOPT UNPACKING pc=0x000001f95f484242 sp=0x000000b83a2fc1e0 mode 0
Event: 2.979 Thread 0x000001f973bad500 DEOPT PACKING pc=0x000001f95843ade7 sp=0x000000b83a2fcd70
Event: 2.979 Thread 0x000001f973bad500 DEOPT UNPACKING pc=0x000001f95f484242 sp=0x000000b83a2fc1e0 mode 0
Event: 2.983 Thread 0x000001f973bad500 DEOPT PACKING pc=0x000001f95843ade7 sp=0x000000b83a2fd0f0
Event: 2.983 Thread 0x000001f973bad500 DEOPT UNPACKING pc=0x000001f95f484242 sp=0x000000b83a2fc560 mode 0
Event: 2.990 Thread 0x000001f973bad500 DEOPT PACKING pc=0x000001f95843ade7 sp=0x000000b83a2fcd70
Event: 2.990 Thread 0x000001f973bad500 DEOPT UNPACKING pc=0x000001f95f484242 sp=0x000000b83a2fc1e0 mode 0

Classes loaded (20 events):
Event: 1.754 Loading class sun/util/logging/resources/logging_ko_KR
Event: 1.754 Loading class sun/util/logging/resources/logging_ko_KR done
Event: 1.754 Loading class sun/util/logging/resources/logging_ko_KR
Event: 1.754 Loading class sun/util/logging/resources/logging_ko_KR done
Event: 1.755 Loading class java/util/Formatter$DateTime
Event: 1.755 Loading class java/util/Formatter$DateTime done
Event: 1.755 Loading class java/util/Formatter$FixedString
Event: 1.755 Loading class java/util/Formatter$FixedString done
Event: 1.755 Loading class java/time/ZonedDateTime$1
Event: 1.755 Loading class java/time/ZonedDateTime$1 done
Event: 1.756 Loading class jdk/internal/module/ModulePatcher$PatchedModuleReader
Event: 1.756 Loading class jdk/internal/module/ModulePatcher$PatchedModuleReader done
Event: 1.758 Loading class sun/util/resources/LocaleData$CommonResourceBundleProvider
Event: 1.759 Loading class sun/util/resources/LocaleData$LocaleDataResourceBundleProvider
Event: 1.759 Loading class java/util/spi/ResourceBundleProvider
Event: 1.759 Loading class java/util/spi/ResourceBundleProvider done
Event: 1.759 Loading class sun/util/resources/LocaleData$LocaleDataResourceBundleProvider done
Event: 1.759 Loading class sun/util/resources/LocaleData$CommonResourceBundleProvider done
Event: 1.759 Loading class sun/util/resources/Bundles$2
Event: 1.759 Loading class sun/util/resources/Bundles$2 done

Classes unloaded (0 events):
No events

Classes redefined (0 events):
No events

Internal exceptions (20 events):
Event: 1.440 Thread 0x000001f94d945f80 Implicit null exception at 0x000001f95fbeba49 to 0x000001f95fbec55c
Event: 1.440 Thread 0x000001f94d945f80 Implicit null exception at 0x000001f95fbe531a to 0x000001f95fbe5524
Event: 1.440 Thread 0x000001f94d945f80 Exception <a 'java/lang/NoSuchMethodError'{0x00000000d5958e90}: 'void java.lang.invoke.DirectMethodHandle$Holder.invokeStatic(java.lang.Object, java.lang.Object, java.lang.Object, java.lang.Object)'> (0x00000000d5958e90) 
thrown [s\open\src\hotspot\share\interpreter\linkResolver.cpp, line 773]
Event: 1.441 Thread 0x000001f94d945f80 Implicit null exception at 0x000001f95fbd73bc to 0x000001f95fbd7648
Event: 1.441 Thread 0x000001f94d945f80 Implicit null exception at 0x000001f95fbd8dbd to 0x000001f95fbd8e41
Event: 1.476 Thread 0x000001f94d945f80 Exception <a 'java/lang/NoSuchMethodError'{0x00000000d5c327d8}: 'void java.lang.invoke.DirectMethodHandle$Holder.invokeSpecial(java.lang.Object, java.lang.Object, java.lang.Object)'> (0x00000000d5c327d8) 
thrown [s\open\src\hotspot\share\interpreter\linkResolver.cpp, line 773]
Event: 1.573 Thread 0x000001f94d945f80 Exception <a 'java/lang/NoSuchMethodError'{0x00000000d65dfd78}: 'int java.lang.invoke.DirectMethodHandle$Holder.invokeVirtual(java.lang.Object, java.lang.Object)'> (0x00000000d65dfd78) 
thrown [s\open\src\hotspot\share\interpreter\linkResolver.cpp, line 773]
Event: 1.595 Thread 0x000001f94d945f80 Exception <a 'java/lang/NoSuchMethodError'{0x00000000d675c430}: 'int java.lang.invoke.DirectMethodHandle$Holder.invokeStaticInit(java.lang.Object, java.lang.Object, java.lang.Object, java.lang.Object)'> (0x00000000d675c430) 
thrown [s\open\src\hotspot\share\interpreter\linkResolver.cpp, line 773]
Event: 1.595 Thread 0x000001f94d945f80 Exception <a 'java/lang/IncompatibleClassChangeError'{0x00000000d67646d8}: Found class java.lang.Object, but interface was expected> (0x00000000d67646d8) 
thrown [s\open\src\hotspot\share\interpreter\linkResolver.cpp, line 840]
Event: 1.595 Thread 0x000001f94d945f80 Exception <a 'java/lang/NoSuchMethodError'{0x00000000d676ac48}: 'void java.lang.invoke.DirectMethodHandle$Holder.invokeStaticInit(java.lang.Object, java.lang.Object)'> (0x00000000d676ac48) 
thrown [s\open\src\hotspot\share\interpreter\linkResolver.cpp, line 773]
Event: 1.596 Thread 0x000001f94d945f80 Exception <a 'java/lang/NoSuchMethodError'{0x00000000d6774138}: 'int java.lang.invoke.DirectMethodHandle$Holder.invokeStaticInit(java.lang.Object, java.lang.Object)'> (0x00000000d6774138) 
thrown [s\open\src\hotspot\share\interpreter\linkResolver.cpp, line 773]
Event: 1.614 Thread 0x000001f94d945f80 Exception <a 'java/lang/NoSuchMethodError'{0x00000000d69cf7b0}: 'java.lang.Object java.lang.invoke.DirectMethodHandle$Holder.newInvokeSpecial(java.lang.Object, int, java.lang.Object)'> (0x00000000d69cf7b0) 
thrown [s\open\src\hotspot\share\interpreter\linkResolver.cpp, line 773]
Event: 1.628 Thread 0x000001f94d945f80 Exception <a 'java/lang/ClassNotFoundException'{0x00000000d6bebc68}: sun/net/www/protocol/plurl/Handler> (0x00000000d6bebc68) 
thrown [s\open\src\hotspot\share\classfile\systemDictionary.cpp, line 312]
Event: 1.628 Thread 0x000001f94d945f80 Exception <a 'java/lang/ClassNotFoundException'{0x00000000d6becae8}: sun/net/www/protocol/plurl/Handler> (0x00000000d6becae8) 
thrown [s\open\src\hotspot\share\classfile\systemDictionary.cpp, line 312]
Event: 1.690 Thread 0x000001f94d945f80 Exception <a 'java/lang/UnsatisfiedLinkError'{0x00000000d57e9b58}: 'void org.eclipse.equinox.launcher.JNIBridge._update_splash()'> (0x00000000d57e9b58) 
thrown [s\open\src\hotspot\share\prims\nativeLookup.cpp, line 415]
Event: 1.704 Thread 0x000001f973af5740 Exception <a 'java/lang/NoSuchMethodError'{0x00000000d5a467b0}: 'void java.lang.invoke.DirectMethodHandle$Holder.invokeInterface(java.lang.Object, java.lang.Object, java.lang.Object)'> (0x00000000d5a467b0) 
thrown [s\open\src\hotspot\share\interpreter\linkResolver.cpp, line 773]
Event: 1.735 Thread 0x000001f973bad500 Exception <a 'java/lang/NoSuchMethodError'{0x00000000d5e65f58}: 'java.lang.Object java.lang.invoke.DirectMethodHandle$Holder.newInvokeSpecial(java.lang.Object, java.lang.Object, int, java.lang.Object)'> (0x00000000d5e65f58) 
thrown [s\open\src\hotspot\share\interpreter\linkResolver.cpp, line 773]
Event: 1.736 Thread 0x000001f973bad500 Exception <a 'java/lang/NoSuchMethodError'{0x00000000d5e69cf8}: 'java.lang.Object java.lang.invoke.DirectMethodHandle$Holder.invokeSpecial(java.lang.Object, java.lang.Object, java.lang.Object, int, java.lang.Object)'> (0x00000000d5e69cf8) 
thrown [s\open\src\hotspot\share\interpreter\linkResolver.cpp, line 773]
Event: 1.742 Thread 0x000001f973bad500 Exception <a 'java/lang/NoClassDefFoundError'{0x00000000d5f11978}: jakarta/servlet/ServletContainerInitializer> (0x00000000d5f11978) 
thrown [s\open\src\hotspot\share\classfile\systemDictionary.cpp, line 301]
Event: 1.753 Thread 0x000001f973bad500 Exception <a 'java/lang/ClassNotFoundException'{0x00000000d6078bc8}: sun/util/logging/resources/spi/loggingProvider> (0x00000000d6078bc8) 
thrown [s\open\src\hotspot\share\classfile\systemDictionary.cpp, line 312]

ZGC Phase Switch (0 events):
No events

VM Operations (20 events):
Event: 1.623 Executing VM operation: HandshakeAllThreads (Deoptimize)
Event: 1.623 Executing VM operation: HandshakeAllThreads (Deoptimize) done
Event: 1.627 Executing VM operation: HandshakeAllThreads (Deoptimize)
Event: 1.627 Executing VM operation: HandshakeAllThreads (Deoptimize) done
Event: 1.646 Executing VM operation: ParallelGCFailedAllocation (Allocation Failure)
Event: 1.649 Executing VM operation: ParallelGCFailedAllocation (Allocation Failure) done
Event: 1.748 Executing VM operation: HandshakeAllThreads (Deoptimize)
Event: 1.748 Executing VM operation: HandshakeAllThreads (Deoptimize) done
Event: 1.756 Executing VM operation: HandshakeAllThreads (Deoptimize)
Event: 1.756 Executing VM operation: HandshakeAllThreads (Deoptimize) done
Event: 1.762 Executing VM operation: HandshakeAllThreads (Deoptimize)
Event: 1.762 Executing VM operation: HandshakeAllThreads (Deoptimize) done
Event: 1.770 Executing VM operation: HandshakeAllThreads (Deoptimize)
Event: 1.770 Executing VM operation: HandshakeAllThreads (Deoptimize) done
Event: 1.832 Executing VM operation: HandshakeAllThreads (Deoptimize)
Event: 1.832 Executing VM operation: HandshakeAllThreads (Deoptimize) done
Event: 1.859 Executing VM operation: ParallelGCFailedAllocation (Allocation Failure)
Event: 1.862 Executing VM operation: ParallelGCFailedAllocation (Allocation Failure) done
Event: 2.876 Executing VM operation: Cleanup
Event: 2.876 Executing VM operation: Cleanup done

Events (20 events):
Event: 0.029 Thread 0x000001f96cd918d0 Thread added: 0x000001f96cd918d0
Event: 0.029 Thread 0x000001f96cd9f840 Thread added: 0x000001f96cd9f840
Event: 0.029 Thread 0x000001f96cda2e50 Thread added: 0x000001f96cda2e50
Event: 1.051 Thread 0x000001f96cea1630 Thread added: 0x000001f96cea1630
Event: 1.060 Thread 0x000001f96ceb8470 Thread added: 0x000001f96ceb8470
Event: 1.060 Thread 0x000001f96ceb8b20 Thread added: 0x000001f96ceb8b20
Event: 1.061 Thread 0x000001f96cebeb40 Thread added: 0x000001f96cebeb40
Event: 1.065 Thread 0x000001f96cf2f390 Thread added: 0x000001f96cf2f390
Event: 1.186 Thread 0x000001f97305ac00 Thread added: 0x000001f97305ac00
Event: 1.228 Thread 0x000001f9730bbe30 Thread added: 0x000001f9730bbe30
Event: 1.262 Thread 0x000001f97315c560 Thread added: 0x000001f97315c560
Event: 1.600 Thread 0x000001f9735ab220 Thread added: 0x000001f9735ab220
Event: 1.689 Thread 0x000001f973af5740 Thread added: 0x000001f973af5740
Event: 1.705 Thread 0x000001f973bb1b50 Thread added: 0x000001f973bb1b50
Event: 1.706 Thread 0x000001f973bad500 Thread added: 0x000001f973bad500
Event: 1.934 Thread 0x000001f97425c1c0 Thread added: 0x000001f97425c1c0
Event: 2.980 Thread 0x000001f97315c560 Thread exited: 0x000001f97315c560
Event: 2.980 Thread 0x000001f96cebeb40 Thread exited: 0x000001f96cebeb40
Event: 2.980 Thread 0x000001f9730bbe30 Thread exited: 0x000001f9730bbe30
Event: 2.981 Thread 0x000001f96ceb8b20 Thread exited: 0x000001f96ceb8b20


Dynamic libraries:
0x00007ff670050000 - 0x00007ff67005e000 	C:\jdk\jdk-21\bin\java.exe
0x00007ffd7b3a0000 - 0x00007ffd7b608000 	C:\Windows\SYSTEM32\ntdll.dll
0x00007ffd7a760000 - 0x00007ffd7a829000 	C:\Windows\System32\KERNEL32.DLL
0x00007ffd787a0000 - 0x00007ffd78b98000 	C:\Windows\System32\KERNELBASE.dll
0x00007ffd78ec0000 - 0x00007ffd7900b000 	C:\Windows\System32\ucrtbase.dll
0x00007ffd753e0000 - 0x00007ffd753f8000 	C:\jdk\jdk-21\bin\jli.dll
0x00007ffd73540000 - 0x00007ffd7355b000 	C:\jdk\jdk-21\bin\VCRUNTIME140.dll
0x00007ffd7aaa0000 - 0x00007ffd7ac67000 	C:\Windows\System32\USER32.dll
0x00007ffd78e90000 - 0x00007ffd78eb7000 	C:\Windows\System32\win32u.dll
0x00007ffd65860000 - 0x00007ffd65af4000 	C:\Windows\WinSxS\amd64_microsoft.windows.common-controls_6595b64144ccf1df_6.0.26100.7019_none_3e06ffa0e335b8a8\COMCTL32.dll
0x00007ffd7b320000 - 0x00007ffd7b34b000 	C:\Windows\System32\GDI32.dll
0x00007ffd7a670000 - 0x00007ffd7a719000 	C:\Windows\System32\msvcrt.dll
0x00007ffd79010000 - 0x00007ffd7913c000 	C:\Windows\System32\gdi32full.dll
0x00007ffd78ba0000 - 0x00007ffd78c43000 	C:\Windows\System32\msvcp_win.dll
0x00007ffd7a720000 - 0x00007ffd7a751000 	C:\Windows\System32\IMM32.DLL
0x00007ffd73510000 - 0x00007ffd7351c000 	C:\jdk\jdk-21\bin\vcruntime140_1.dll
0x00007ffd71880000 - 0x00007ffd7190e000 	C:\jdk\jdk-21\bin\msvcp140.dll
0x00007ffd497e0000 - 0x00007ffd4a4f3000 	C:\jdk\jdk-21\bin\server\jvm.dll
0x00007ffd7a220000 - 0x00007ffd7a2d4000 	C:\Windows\System32\ADVAPI32.dll
0x00007ffd7ad40000 - 0x00007ffd7ade6000 	C:\Windows\System32\sechost.dll
0x00007ffd7adf0000 - 0x00007ffd7af08000 	C:\Windows\System32\RPCRT4.dll
0x00007ffd79200000 - 0x00007ffd79274000 	C:\Windows\System32\WS2_32.dll
0x00007ffd77ef0000 - 0x00007ffd77f4e000 	C:\Windows\SYSTEM32\POWRPROF.dll
0x00007ffd72110000 - 0x00007ffd7211b000 	C:\Windows\SYSTEM32\VERSION.dll
0x00007ffd6a6e0000 - 0x00007ffd6a715000 	C:\Windows\SYSTEM32\WINMM.dll
0x00007ffd77dd0000 - 0x00007ffd77de4000 	C:\Windows\SYSTEM32\UMPDC.dll
0x00007ffd77270000 - 0x00007ffd7728b000 	C:\Windows\SYSTEM32\kernel.appcore.dll
0x00007ffd73500000 - 0x00007ffd7350a000 	C:\jdk\jdk-21\bin\jimage.dll
0x00007ffd67130000 - 0x00007ffd67372000 	C:\Windows\SYSTEM32\DBGHELP.DLL
0x00007ffd7a2e0000 - 0x00007ffd7a66b000 	C:\Windows\System32\combase.dll
0x00007ffd79710000 - 0x00007ffd797e7000 	C:\Windows\System32\OLEAUT32.dll
0x00007ffd63620000 - 0x00007ffd6365c000 	C:\Windows\SYSTEM32\dbgcore.DLL
0x00007ffd78660000 - 0x00007ffd78705000 	C:\Windows\System32\bcryptPrimitives.dll
0x00007ffd734f0000 - 0x00007ffd734ff000 	C:\jdk\jdk-21\bin\instrument.dll
0x00007ffd71f00000 - 0x00007ffd71f1f000 	C:\jdk\jdk-21\bin\java.dll
0x00007ffd799a0000 - 0x00007ffd7a0f1000 	C:\Windows\System32\SHELL32.dll
0x00007ffd784f0000 - 0x00007ffd7865b000 	C:\Windows\System32\wintypes.dll
0x00007ffd760f0000 - 0x00007ffd7694d000 	C:\Windows\SYSTEM32\windows.storage.dll
0x00007ffd797f0000 - 0x00007ffd798e2000 	C:\Windows\System32\SHCORE.dll
0x00007ffd7a890000 - 0x00007ffd7a8f7000 	C:\Windows\System32\shlwapi.dll
0x00007ffd78410000 - 0x00007ffd78439000 	C:\Windows\SYSTEM32\profapi.dll
0x00007ffd4d010000 - 0x00007ffd4d0e7000 	C:\jdk\jdk-21\bin\jsvml.dll
0x00007ffd62d10000 - 0x00007ffd62d28000 	C:\jdk\jdk-21\bin\zip.dll
0x00007ffd71870000 - 0x00007ffd71880000 	C:\jdk\jdk-21\bin\net.dll
0x00007ffd71cc0000 - 0x00007ffd71de8000 	C:\Windows\SYSTEM32\WINHTTP.dll
0x00007ffd777c0000 - 0x00007ffd7782b000 	C:\Windows\system32\mswsock.dll
0x00007ffd62cf0000 - 0x00007ffd62d06000 	C:\jdk\jdk-21\bin\nio.dll
0x00007ffd668e0000 - 0x00007ffd668f0000 	C:\jdk\jdk-21\bin\verify.dll
0x00007ffd59020000 - 0x00007ffd59064000 	C:\Users\Student\AppData\Roaming\Code\User\globalStorage\redhat.java\1.47.0\config_win\org.eclipse.equinox.launcher\org.eclipse.equinox.launcher.win32.win32.x86_64_1.2.1400.v20250801-0854\eclipse_11916.dll
0x00007ffd7a900000 - 0x00007ffd7aa97000 	C:\Windows\System32\ole32.dll

dbghelp: loaded successfully - version: 4.0.5 - missing functions: none
symbol engine: initialized successfully - sym options: 0x614 - pdb path: .;C:\jdk\jdk-21\bin;C:\Windows\SYSTEM32;C:\Windows\WinSxS\amd64_microsoft.windows.common-controls_6595b64144ccf1df_6.0.26100.7019_none_3e06ffa0e335b8a8;C:\jdk\jdk-21\bin\server;C:\Users\Student\AppData\Roaming\Code\User\globalStorage\redhat.java\1.47.0\config_win\org.eclipse.equinox.launcher\org.eclipse.equinox.launcher.win32.win32.x86_64_1.2.1400.v20250801-0854

VM Arguments:
jvm_args: --add-modules=ALL-SYSTEM --add-opens=java.base/java.util=ALL-UNNAMED --add-opens=java.base/java.lang=ALL-UNNAMED --add-opens=java.base/sun.nio.fs=ALL-UNNAMED -Declipse.application=org.eclipse.jdt.ls.core.id1 -Dosgi.bundles.defaultStartLevel=4 -Declipse.product=org.eclipse.jdt.ls.core.product -Djava.import.generatesMetadataFilesAtProjectRoot=false -DDetectVMInstallationsJob.disabled=true -Dfile.encoding=utf8 -XX:+UseParallelGC -XX:GCTimeRatio=4 -XX:AdaptiveSizePolicyWeight=90 -Dsun.zip.disableMemoryMapping=true -Xmx2G -Xms100m -Xlog:disable -javaagent:c:\Users\Student\.vscode\extensions\redhat.java-1.47.0-win32-x64\lombok\lombok-1.18.39-4050.jar -XX:+HeapDumpOnOutOfMemoryError -XX:HeapDumpPath=c:\Users\Student\AppData\Roaming\Code\User\workspaceStorage\4d7a7224ef31c89d8e0bcf50642efe4b\redhat.java -Daether.dependencyCollector.impl=bf 
java_command: c:\Users\Student\.vscode\extensions\redhat.java-1.47.0-win32-x64\server\plugins\org.eclipse.equinox.launcher_1.7.100.v20251014-1222.jar -configuration c:\Users\Student\AppData\Roaming\Code\User\globalStorage\redhat.java\1.47.0\config_win -data c:\Users\Student\AppData\Roaming\Code\User\workspaceStorage\4d7a7224ef31c89d8e0bcf50642efe4b\redhat.java\jdt_ws --pipe=\\.\pipe\lsp-1ad0fe5a2e94ba02eb7cc2622a11c76e-sock
java_class_path (initial): c:\Users\Student\.vscode\extensions\redhat.java-1.47.0-win32-x64\server\plugins\org.eclipse.equinox.launcher_1.7.100.v20251014-1222.jar
Launcher Type: SUN_STANDARD

[Global flags]
    uintx AdaptiveSizePolicyWeight                 = 90                                        {product} {command line}
     intx CICompilerCount                          = 12                                        {product} {ergonomic}
    uintx GCTimeRatio                              = 4                                         {product} {command line}
     bool HeapDumpOnOutOfMemoryError               = true                                   {manageable} {command line}
    ccstr HeapDumpPath                             = c:\Users\Student\AppData\Roaming\Code\User\workspaceStorage\4d7a7224ef31c89d8e0bcf50642efe4b\redhat.java         {manageable} {command line}
   size_t InitialHeapSize                          = 104857600                                 {product} {command line}
   size_t MaxHeapSize                              = 2147483648                                {product} {command line}
   size_t MaxNewSize                               = 715653120                                 {product} {ergonomic}
   size_t MinHeapDeltaBytes                        = 524288                                    {product} {ergonomic}
   size_t MinHeapSize                              = 104857600                                 {product} {command line}
   size_t NewSize                                  = 34603008                                  {product} {ergonomic}
    uintx NonNMethodCodeHeapSize                   = 7602480                                {pd product} {ergonomic}
    uintx NonProfiledCodeHeapSize                  = 122027880                              {pd product} {ergonomic}
   size_t OldSize                                  = 70254592                                  {product} {ergonomic}
    uintx ProfiledCodeHeapSize                     = 122027880                              {pd product} {ergonomic}
    uintx ReservedCodeCacheSize                    = 251658240                              {pd product} {ergonomic}
     bool SegmentedCodeCache                       = true                                      {product} {ergonomic}
   size_t SoftMaxHeapSize                          = 2147483648                             {manageable} {ergonomic}
     bool UseCompressedOops                        = true                           {product lp64_product} {ergonomic}
     bool UseLargePagesIndividualAllocation        = false                                  {pd product} {ergonomic}
     bool UseParallelGC                            = true                                      {product} {command line}

Logging:
Log output configuration:
 #0: stdout all=off uptime,level,tags foldmultilines=false
 #1: stderr all=off uptime,level,tags foldmultilines=false

Environment Variables:
JAVA_HOME=C:\jdk\jdk-21bin
PATH=C:\Windows\system32;C:\Windows;C:\Windows\System32\Wbem;C:\Windows\System32\WindowsPowerShell\v1.0\;C:\Windows\System32\OpenSSH\;C:\jdk\jdk-21\bin;C:\jdk\script;D:\Git\cmd;C:\Program Files\Docker\Docker\resources\bin;C:\Program Files\PuTTY\;C:\Program Files\MySQL\MySQL Server 8.0\bin;C:\Program Files\nodejs\;C:\Program Files\MySQL\MySQL Shell 8.0\bin\;C:\Users\Student\AppData\Local\Microsoft\WindowsApps;D:\Microsoft VS Code\bin;C:\jdk\jdk-21binbin;C:\Users\Student\AppData\Roaming\npm
USERNAME=Student
OS=Windows_NT
PROCESSOR_IDENTIFIER=Intel64 Family 6 Model 151 Stepping 2, GenuineIntel
TMP=C:\Users\Student\AppData\Local\Temp
TEMP=C:\Users\Student\AppData\Local\Temp




---------------  S Y S T E M  ---------------

OS:
 Windows 11 , 64 bit Build 26100 (10.0.26100.7019)
OS uptime: 0 days 5:53 hours
Hyper-V role detected

CPU: total 20 (initial active 20) (10 cores per cpu, 2 threads per core) family 6 model 151 stepping 2 microcode 0x23, cx8, cmov, fxsr, ht, mmx, 3dnowpref, sse, sse2, sse3, ssse3, sse4.1, sse4.2, popcnt, lzcnt, tsc, tscinvbit, avx, avx2, aes, erms, clmul, bmi1, bmi2, adx, sha, fma, vzeroupper, clflush, clflushopt, clwb, hv, serialize, rdtscp, rdpid, fsrm, f16c, cet_ibt, cet_ss
Processor Information for processor 0
  Max Mhz: 2100, Current Mhz: 2100, Mhz Limit: 2100
Processor Information for processor 1
  Max Mhz: 2100, Current Mhz: 2100, Mhz Limit: 2100
Processor Information for processor 2
  Max Mhz: 2100, Current Mhz: 2100, Mhz Limit: 2100
Processor Information for processor 3
  Max Mhz: 2100, Current Mhz: 2100, Mhz Limit: 2100
Processor Information for processor 4
  Max Mhz: 2100, Current Mhz: 2100, Mhz Limit: 2100
Processor Information for processor 5
  Max Mhz: 2100, Current Mhz: 2100, Mhz Limit: 2100
Processor Information for processor 6
  Max Mhz: 2100, Current Mhz: 2100, Mhz Limit: 2100
Processor Information for processor 7
  Max Mhz: 2100, Current Mhz: 2100, Mhz Limit: 2100
Processor Information for processor 8
  Max Mhz: 2100, Current Mhz: 2100, Mhz Limit: 2100
Processor Information for processor 9
  Max Mhz: 2100, Current Mhz: 2100, Mhz Limit: 2100
Processor Information for processor 10
  Max Mhz: 2100, Current Mhz: 2100, Mhz Limit: 2100
Processor Information for processor 11
  Max Mhz: 2100, Current Mhz: 2100, Mhz Limit: 2100
Processor Information for processor 12
  Max Mhz: 2100, Current Mhz: 2100, Mhz Limit: 2100
Processor Information for processor 13
  Max Mhz: 2100, Current Mhz: 2100, Mhz Limit: 2100
Processor Information for processor 14
  Max Mhz: 2100, Current Mhz: 2100, Mhz Limit: 2100
Processor Information for processor 15
  Max Mhz: 2100, Current Mhz: 2100, Mhz Limit: 2100
Processor Information for processor 16
  Max Mhz: 2100, Current Mhz: 1600, Mhz Limit: 1596
Processor Information for processor 17
  Max Mhz: 2100, Current Mhz: 1600, Mhz Limit: 1596
Processor Information for processor 18
  Max Mhz: 2100, Current Mhz: 1600, Mhz Limit: 1596
Processor Information for processor 19
  Max Mhz: 2100, Current Mhz: 1600, Mhz Limit: 1596

Memory: 4k page, system-wide physical 16147M (1003M free)
TotalPageFile size 114451M (AvailPageFile size 0M)
current process WorkingSet (physical memory assigned to process): 110M, peak: 112M
current process commit charge ("private bytes"): 277M, peak: 278M

vm_info: OpenJDK 64-Bit Server VM (21+35-2513) for windows-amd64 JRE (21+35-2513), built on 2023-08-09T20:25:10Z by "mach5one" with MS VC++ 17.1 (VS2022)

END.
